Apache Maven 3.5.4 (1edded0938998edf8bf061f1ceb3cfdeccf443fe; 2018-06-18T00:03:14+05:30)
Maven home: C:\apache-maven-3.5.4\bin\..
Java version: 1.8.0_144, vendor: Oracle Corporation, runtime: C:\Program Files\Java\jdk1.8.0_144\jre
Default locale: en_US, platform encoding: Cp1252
OS name: "windows 7", version: "6.1", arch: "amd64", family: "windows"
[DEBUG] Created new class realm maven.api
[DEBUG] Importing foreign packages into class realm maven.api
[DEBUG]   Imported: javax.annotation.* < plexus.core
[DEBUG]   Imported: javax.annotation.security.* < plexus.core
[DEBUG]   Imported: javax.enterprise.inject.* < plexus.core
[DEBUG]   Imported: javax.enterprise.util.* < plexus.core
[DEBUG]   Imported: javax.inject.* < plexus.core
[DEBUG]   Imported: org.apache.maven.* < plexus.core
[DEBUG]   Imported: org.apache.maven.artifact < plexus.core
[DEBUG]   Imported: org.apache.maven.classrealm < plexus.core
[DEBUG]   Imported: org.apache.maven.cli < plexus.core
[DEBUG]   Imported: org.apache.maven.configuration < plexus.core
[DEBUG]   Imported: org.apache.maven.exception < plexus.core
[DEBUG]   Imported: org.apache.maven.execution < plexus.core
[DEBUG]   Imported: org.apache.maven.execution.scope < plexus.core
[DEBUG]   Imported: org.apache.maven.lifecycle < plexus.core
[DEBUG]   Imported: org.apache.maven.model < plexus.core
[DEBUG]   Imported: org.apache.maven.monitor < plexus.core
[DEBUG]   Imported: org.apache.maven.plugin < plexus.core
[DEBUG]   Imported: org.apache.maven.profiles < plexus.core
[DEBUG]   Imported: org.apache.maven.project < plexus.core
[DEBUG]   Imported: org.apache.maven.reporting < plexus.core
[DEBUG]   Imported: org.apache.maven.repository < plexus.core
[DEBUG]   Imported: org.apache.maven.rtinfo < plexus.core
[DEBUG]   Imported: org.apache.maven.settings < plexus.core
[DEBUG]   Imported: org.apache.maven.toolchain < plexus.core
[DEBUG]   Imported: org.apache.maven.usability < plexus.core
[DEBUG]   Imported: org.apache.maven.wagon.* < plexus.core
[DEBUG]   Imported: org.apache.maven.wagon.authentication < plexus.core
[DEBUG]   Imported: org.apache.maven.wagon.authorization < plexus.core
[DEBUG]   Imported: org.apache.maven.wagon.events < plexus.core
[DEBUG]   Imported: org.apache.maven.wagon.observers < plexus.core
[DEBUG]   Imported: org.apache.maven.wagon.proxy < plexus.core
[DEBUG]   Imported: org.apache.maven.wagon.repository < plexus.core
[DEBUG]   Imported: org.apache.maven.wagon.resource < plexus.core
[DEBUG]   Imported: org.codehaus.classworlds < plexus.core
[DEBUG]   Imported: org.codehaus.plexus.* < plexus.core
[DEBUG]   Imported: org.codehaus.plexus.classworlds < plexus.core
[DEBUG]   Imported: org.codehaus.plexus.component < plexus.core
[DEBUG]   Imported: org.codehaus.plexus.configuration < plexus.core
[DEBUG]   Imported: org.codehaus.plexus.container < plexus.core
[DEBUG]   Imported: org.codehaus.plexus.context < plexus.core
[DEBUG]   Imported: org.codehaus.plexus.lifecycle < plexus.core
[DEBUG]   Imported: org.codehaus.plexus.logging < plexus.core
[DEBUG]   Imported: org.codehaus.plexus.personality < plexus.core
[DEBUG]   Imported: org.codehaus.plexus.util.xml.Xpp3Dom < plexus.core
[DEBUG]   Imported: org.codehaus.plexus.util.xml.pull.XmlPullParser < plexus.core
[DEBUG]   Imported: org.codehaus.plexus.util.xml.pull.XmlPullParserException < plexus.core
[DEBUG]   Imported: org.codehaus.plexus.util.xml.pull.XmlSerializer < plexus.core
[DEBUG]   Imported: org.eclipse.aether.* < plexus.core
[DEBUG]   Imported: org.eclipse.aether.artifact < plexus.core
[DEBUG]   Imported: org.eclipse.aether.collection < plexus.core
[DEBUG]   Imported: org.eclipse.aether.deployment < plexus.core
[DEBUG]   Imported: org.eclipse.aether.graph < plexus.core
[DEBUG]   Imported: org.eclipse.aether.impl < plexus.core
[DEBUG]   Imported: org.eclipse.aether.installation < plexus.core
[DEBUG]   Imported: org.eclipse.aether.internal.impl < plexus.core
[DEBUG]   Imported: org.eclipse.aether.metadata < plexus.core
[DEBUG]   Imported: org.eclipse.aether.repository < plexus.core
[DEBUG]   Imported: org.eclipse.aether.resolution < plexus.core
[DEBUG]   Imported: org.eclipse.aether.spi < plexus.core
[DEBUG]   Imported: org.eclipse.aether.transfer < plexus.core
[DEBUG]   Imported: org.eclipse.aether.version < plexus.core
[DEBUG]   Imported: org.fusesource.jansi.* < plexus.core
[DEBUG]   Imported: org.slf4j.* < plexus.core
[DEBUG]   Imported: org.slf4j.helpers.* < plexus.core
[DEBUG]   Imported: org.slf4j.spi.* < plexus.core
[DEBUG] Populating class realm maven.api
[INFO] Error stacktraces are turned on.
[DEBUG] Message scheme: color
[DEBUG] Message styles: debug info warning error success failure strong mojo project
[DEBUG] Reading global settings from C:\apache-maven-3.5.4\bin\..\conf\settings.xml
[DEBUG] Reading user settings from C:\Users\Ankit Tyagi\.m2\settings.xml
[DEBUG] Reading global toolchains from C:\apache-maven-3.5.4\bin\..\conf\toolchains.xml
[DEBUG] Reading user toolchains from C:\Users\Ankit Tyagi\.m2\toolchains.xml
[DEBUG] Using local repository at C:\Users\Ankit Tyagi\.m2\repository
[DEBUG] Using manager EnhancedLocalRepositoryManager with priority 10.0 for C:\Users\Ankit Tyagi\.m2\repository
[INFO] Scanning for projects...
[DEBUG] Extension realms for project FreeCrmAutomation:FreeCRM:jar:0.0.1-SNAPSHOT: (none)
[DEBUG] Looking up lifecycle mappings for packaging jar from ClassRealm[plexus.core, parent: null]
[DEBUG] === REACTOR BUILD PLAN ================================================
[DEBUG] Project: FreeCrmAutomation:FreeCRM:jar:0.0.1-SNAPSHOT
[DEBUG] Tasks:   [clean, compile, test]
[DEBUG] Style:   Regular
[DEBUG] =======================================================================
[INFO] 
[INFO] ---------------------< FreeCrmAutomation:FreeCRM >----------------------
[INFO] Building FreeCRM 0.0.1-SNAPSHOT
[INFO] --------------------------------[ jar ]---------------------------------
[DEBUG] Lifecycle default -> [validate, initialize, generate-sources, process-sources, generate-resources, process-resources, compile, process-classes, generate-test-sources, process-test-sources, generate-test-resources, process-test-resources, test-compile, process-test-classes, test, prepare-package, package, pre-integration-test, integration-test, post-integration-test, verify, install, deploy]
[DEBUG] Lifecycle clean -> [pre-clean, clean, post-clean]
[DEBUG] Lifecycle site -> [pre-site, site, post-site, site-deploy]
[DEBUG] Lifecycle default -> [validate, initialize, generate-sources, process-sources, generate-resources, process-resources, compile, process-classes, generate-test-sources, process-test-sources, generate-test-resources, process-test-resources, test-compile, process-test-classes, test, prepare-package, package, pre-integration-test, integration-test, post-integration-test, verify, install, deploy]
[DEBUG] Lifecycle clean -> [pre-clean, clean, post-clean]
[DEBUG] Lifecycle site -> [pre-site, site, post-site, site-deploy]
[DEBUG] Lifecycle default -> [validate, initialize, generate-sources, process-sources, generate-resources, process-resources, compile, process-classes, generate-test-sources, process-test-sources, generate-test-resources, process-test-resources, test-compile, process-test-classes, test, prepare-package, package, pre-integration-test, integration-test, post-integration-test, verify, install, deploy]
[DEBUG] Lifecycle clean -> [pre-clean, clean, post-clean]
[DEBUG] Lifecycle site -> [pre-site, site, post-site, site-deploy]
[DEBUG] Lifecycle default -> [validate, initialize, generate-sources, process-sources, generate-resources, process-resources, compile, process-classes, generate-test-sources, process-test-sources, generate-test-resources, process-test-resources, test-compile, process-test-classes, test, prepare-package, package, pre-integration-test, integration-test, post-integration-test, verify, install, deploy]
[DEBUG] Lifecycle clean -> [pre-clean, clean, post-clean]
[DEBUG] Lifecycle site -> [pre-site, site, post-site, site-deploy]
[DEBUG] Lifecycle default -> [validate, initialize, generate-sources, process-sources, generate-resources, process-resources, compile, process-classes, generate-test-sources, process-test-sources, generate-test-resources, process-test-resources, test-compile, process-test-classes, test, prepare-package, package, pre-integration-test, integration-test, post-integration-test, verify, install, deploy]
[DEBUG] Lifecycle clean -> [pre-clean, clean, post-clean]
[DEBUG] Lifecycle site -> [pre-site, site, post-site, site-deploy]
[DEBUG] Lifecycle default -> [validate, initialize, generate-sources, process-sources, generate-resources, process-resources, compile, process-classes, generate-test-sources, process-test-sources, generate-test-resources, process-test-resources, test-compile, process-test-classes, test, prepare-package, package, pre-integration-test, integration-test, post-integration-test, verify, install, deploy]
[DEBUG] Lifecycle clean -> [pre-clean, clean, post-clean]
[DEBUG] Lifecycle site -> [pre-site, site, post-site, site-deploy]
[DEBUG] Lifecycle default -> [validate, initialize, generate-sources, process-sources, generate-resources, process-resources, compile, process-classes, generate-test-sources, process-test-sources, generate-test-resources, process-test-resources, test-compile, process-test-classes, test, prepare-package, package, pre-integration-test, integration-test, post-integration-test, verify, install, deploy]
[DEBUG] Lifecycle clean -> [pre-clean, clean, post-clean]
[DEBUG] Lifecycle site -> [pre-site, site, post-site, site-deploy]
[DEBUG] Lifecycle default -> [validate, initialize, generate-sources, process-sources, generate-resources, process-resources, compile, process-classes, generate-test-sources, process-test-sources, generate-test-resources, process-test-resources, test-compile, process-test-classes, test, prepare-package, package, pre-integration-test, integration-test, post-integration-test, verify, install, deploy]
[DEBUG] Lifecycle clean -> [pre-clean, clean, post-clean]
[DEBUG] Lifecycle site -> [pre-site, site, post-site, site-deploy]
[DEBUG] Lifecycle default -> [validate, initialize, generate-sources, process-sources, generate-resources, process-resources, compile, process-classes, generate-test-sources, process-test-sources, generate-test-resources, process-test-resources, test-compile, process-test-classes, test, prepare-package, package, pre-integration-test, integration-test, post-integration-test, verify, install, deploy]
[DEBUG] Lifecycle clean -> [pre-clean, clean, post-clean]
[DEBUG] Lifecycle site -> [pre-site, site, post-site, site-deploy]
[DEBUG] === PROJECT BUILD PLAN ================================================
[DEBUG] Project:       FreeCrmAutomation:FreeCRM:0.0.1-SNAPSHOT
[DEBUG] Dependencies (collect): []
[DEBUG] Dependencies (resolve): [compile, test]
[DEBUG] Repositories (dependencies): [central (https://repo.maven.apache.org/maven2, default, releases)]
[DEBUG] Repositories (plugins)     : [central (https://repo.maven.apache.org/maven2, default, releases)]
[DEBUG] -----------------------------------------------------------------------
[DEBUG] Goal:          org.apache.maven.plugins:maven-clean-plugin:2.5:clean (default-clean)
[DEBUG] Style:         Regular
[DEBUG] Configuration: <?xml version="1.0" encoding="UTF-8"?>
<configuration>
  <directory default-value="${project.build.directory}"/>
  <excludeDefaultDirectories default-value="false">${clean.excludeDefaultDirectories}</excludeDefaultDirectories>
  <failOnError default-value="true">${maven.clean.failOnError}</failOnError>
  <followSymLinks default-value="false">${clean.followSymLinks}</followSymLinks>
  <outputDirectory default-value="${project.build.outputDirectory}"/>
  <reportDirectory default-value="${project.reporting.outputDirectory}"/>
  <retryOnError default-value="true">${maven.clean.retryOnError}</retryOnError>
  <skip default-value="false">${clean.skip}</skip>
  <testOutputDirectory default-value="${project.build.testOutputDirectory}"/>
  <verbose>${clean.verbose}</verbose>
</configuration>
[DEBUG] -----------------------------------------------------------------------
[DEBUG] Goal:          org.apache.maven.plugins:maven-resources-plugin:2.6:resources (default-resources)
[DEBUG] Style:         Regular
[DEBUG] Configuration: <?xml version="1.0" encoding="UTF-8"?>
<configuration>
  <buildFilters default-value="${project.build.filters}"/>
  <encoding default-value="${project.build.sourceEncoding}">${encoding}</encoding>
  <escapeString>${maven.resources.escapeString}</escapeString>
  <escapeWindowsPaths default-value="true">${maven.resources.escapeWindowsPaths}</escapeWindowsPaths>
  <includeEmptyDirs default-value="false">${maven.resources.includeEmptyDirs}</includeEmptyDirs>
  <outputDirectory default-value="${project.build.outputDirectory}"/>
  <overwrite default-value="false">${maven.resources.overwrite}</overwrite>
  <project default-value="${project}"/>
  <resources default-value="${project.resources}"/>
  <session default-value="${session}"/>
  <supportMultiLineFiltering default-value="false">${maven.resources.supportMultiLineFiltering}</supportMultiLineFiltering>
  <useBuildFilters default-value="true"/>
  <useDefaultDelimiters default-value="true"/>
</configuration>
[DEBUG] -----------------------------------------------------------------------
[DEBUG] Goal:          org.apache.maven.plugins:maven-compiler-plugin:3.1:compile (default-compile)
[DEBUG] Style:         Regular
[DEBUG] Configuration: <?xml version="1.0" encoding="UTF-8"?>
<configuration>
  <basedir default-value="${basedir}"/>
  <buildDirectory default-value="${project.build.directory}"/>
  <classpathElements default-value="${project.compileClasspathElements}"/>
  <compileSourceRoots default-value="${project.compileSourceRoots}"/>
  <compilerId default-value="javac">${maven.compiler.compilerId}</compilerId>
  <compilerReuseStrategy default-value="${reuseCreated}">${maven.compiler.compilerReuseStrategy}</compilerReuseStrategy>
  <compilerVersion>${maven.compiler.compilerVersion}</compilerVersion>
  <debug default-value="true">${maven.compiler.debug}</debug>
  <debuglevel>${maven.compiler.debuglevel}</debuglevel>
  <encoding default-value="${project.build.sourceEncoding}">${encoding}</encoding>
  <executable>${maven.compiler.executable}</executable>
  <failOnError default-value="true">${maven.compiler.failOnError}</failOnError>
  <forceJavacCompilerUse default-value="false">${maven.compiler.forceJavacCompilerUse}</forceJavacCompilerUse>
  <fork default-value="false">${maven.compiler.fork}</fork>
  <generatedSourcesDirectory default-value="${project.build.directory}/generated-sources/annotations"/>
  <maxmem>${maven.compiler.maxmem}</maxmem>
  <meminitial>${maven.compiler.meminitial}</meminitial>
  <mojoExecution>${mojoExecution}</mojoExecution>
  <optimize default-value="false">${maven.compiler.optimize}</optimize>
  <outputDirectory default-value="${project.build.outputDirectory}"/>
  <projectArtifact default-value="${project.artifact}"/>
  <showDeprecation default-value="false">${maven.compiler.showDeprecation}</showDeprecation>
  <showWarnings default-value="false">${maven.compiler.showWarnings}</showWarnings>
  <skipMain>${maven.main.skip}</skipMain>
  <skipMultiThreadWarning default-value="false">${maven.compiler.skipMultiThreadWarning}</skipMultiThreadWarning>
  <source default-value="1.5">${maven.compiler.source}</source>
  <staleMillis default-value="0">${lastModGranularityMs}</staleMillis>
  <target default-value="1.5">${maven.compiler.target}</target>
  <useIncrementalCompilation default-value="true">${maven.compiler.useIncrementalCompilation}</useIncrementalCompilation>
  <verbose default-value="false">${maven.compiler.verbose}</verbose>
  <mavenSession default-value="${session}"/>
  <session default-value="${session}"/>
</configuration>
[DEBUG] -----------------------------------------------------------------------
[DEBUG] Goal:          org.apache.maven.plugins:maven-resources-plugin:2.6:resources (default-resources)
[DEBUG] Style:         Regular
[DEBUG] Configuration: <?xml version="1.0" encoding="UTF-8"?>
<configuration>
  <buildFilters default-value="${project.build.filters}"/>
  <encoding default-value="${project.build.sourceEncoding}">${encoding}</encoding>
  <escapeString>${maven.resources.escapeString}</escapeString>
  <escapeWindowsPaths default-value="true">${maven.resources.escapeWindowsPaths}</escapeWindowsPaths>
  <includeEmptyDirs default-value="false">${maven.resources.includeEmptyDirs}</includeEmptyDirs>
  <outputDirectory default-value="${project.build.outputDirectory}"/>
  <overwrite default-value="false">${maven.resources.overwrite}</overwrite>
  <project default-value="${project}"/>
  <resources default-value="${project.resources}"/>
  <session default-value="${session}"/>
  <supportMultiLineFiltering default-value="false">${maven.resources.supportMultiLineFiltering}</supportMultiLineFiltering>
  <useBuildFilters default-value="true"/>
  <useDefaultDelimiters default-value="true"/>
</configuration>
[DEBUG] -----------------------------------------------------------------------
[DEBUG] Goal:          org.apache.maven.plugins:maven-compiler-plugin:3.1:compile (default-compile)
[DEBUG] Style:         Regular
[DEBUG] Configuration: <?xml version="1.0" encoding="UTF-8"?>
<configuration>
  <basedir default-value="${basedir}"/>
  <buildDirectory default-value="${project.build.directory}"/>
  <classpathElements default-value="${project.compileClasspathElements}"/>
  <compileSourceRoots default-value="${project.compileSourceRoots}"/>
  <compilerId default-value="javac">${maven.compiler.compilerId}</compilerId>
  <compilerReuseStrategy default-value="${reuseCreated}">${maven.compiler.compilerReuseStrategy}</compilerReuseStrategy>
  <compilerVersion>${maven.compiler.compilerVersion}</compilerVersion>
  <debug default-value="true">${maven.compiler.debug}</debug>
  <debuglevel>${maven.compiler.debuglevel}</debuglevel>
  <encoding default-value="${project.build.sourceEncoding}">${encoding}</encoding>
  <executable>${maven.compiler.executable}</executable>
  <failOnError default-value="true">${maven.compiler.failOnError}</failOnError>
  <forceJavacCompilerUse default-value="false">${maven.compiler.forceJavacCompilerUse}</forceJavacCompilerUse>
  <fork default-value="false">${maven.compiler.fork}</fork>
  <generatedSourcesDirectory default-value="${project.build.directory}/generated-sources/annotations"/>
  <maxmem>${maven.compiler.maxmem}</maxmem>
  <meminitial>${maven.compiler.meminitial}</meminitial>
  <mojoExecution>${mojoExecution}</mojoExecution>
  <optimize default-value="false">${maven.compiler.optimize}</optimize>
  <outputDirectory default-value="${project.build.outputDirectory}"/>
  <projectArtifact default-value="${project.artifact}"/>
  <showDeprecation default-value="false">${maven.compiler.showDeprecation}</showDeprecation>
  <showWarnings default-value="false">${maven.compiler.showWarnings}</showWarnings>
  <skipMain>${maven.main.skip}</skipMain>
  <skipMultiThreadWarning default-value="false">${maven.compiler.skipMultiThreadWarning}</skipMultiThreadWarning>
  <source default-value="1.5">${maven.compiler.source}</source>
  <staleMillis default-value="0">${lastModGranularityMs}</staleMillis>
  <target default-value="1.5">${maven.compiler.target}</target>
  <useIncrementalCompilation default-value="true">${maven.compiler.useIncrementalCompilation}</useIncrementalCompilation>
  <verbose default-value="false">${maven.compiler.verbose}</verbose>
  <mavenSession default-value="${session}"/>
  <session default-value="${session}"/>
</configuration>
[DEBUG] -----------------------------------------------------------------------
[DEBUG] Goal:          org.apache.maven.plugins:maven-resources-plugin:2.6:testResources (default-testResources)
[DEBUG] Style:         Regular
[DEBUG] Configuration: <?xml version="1.0" encoding="UTF-8"?>
<configuration>
  <buildFilters default-value="${project.build.filters}"/>
  <encoding default-value="${project.build.sourceEncoding}">${encoding}</encoding>
  <escapeString>${maven.resources.escapeString}</escapeString>
  <escapeWindowsPaths default-value="true">${maven.resources.escapeWindowsPaths}</escapeWindowsPaths>
  <includeEmptyDirs default-value="false">${maven.resources.includeEmptyDirs}</includeEmptyDirs>
  <outputDirectory default-value="${project.build.testOutputDirectory}"/>
  <overwrite default-value="false">${maven.resources.overwrite}</overwrite>
  <project default-value="${project}"/>
  <resources default-value="${project.testResources}"/>
  <session default-value="${session}"/>
  <skip>${maven.test.skip}</skip>
  <supportMultiLineFiltering default-value="false">${maven.resources.supportMultiLineFiltering}</supportMultiLineFiltering>
  <useBuildFilters default-value="true"/>
  <useDefaultDelimiters default-value="true"/>
</configuration>
[DEBUG] -----------------------------------------------------------------------
[DEBUG] Goal:          org.apache.maven.plugins:maven-compiler-plugin:3.1:testCompile (default-testCompile)
[DEBUG] Style:         Regular
[DEBUG] Configuration: <?xml version="1.0" encoding="UTF-8"?>
<configuration>
  <basedir default-value="${basedir}"/>
  <buildDirectory default-value="${project.build.directory}"/>
  <classpathElements default-value="${project.testClasspathElements}"/>
  <compileSourceRoots default-value="${project.testCompileSourceRoots}"/>
  <compilerId default-value="javac">${maven.compiler.compilerId}</compilerId>
  <compilerReuseStrategy default-value="${reuseCreated}">${maven.compiler.compilerReuseStrategy}</compilerReuseStrategy>
  <compilerVersion>${maven.compiler.compilerVersion}</compilerVersion>
  <debug default-value="true">${maven.compiler.debug}</debug>
  <debuglevel>${maven.compiler.debuglevel}</debuglevel>
  <encoding default-value="${project.build.sourceEncoding}">${encoding}</encoding>
  <executable>${maven.compiler.executable}</executable>
  <failOnError default-value="true">${maven.compiler.failOnError}</failOnError>
  <forceJavacCompilerUse default-value="false">${maven.compiler.forceJavacCompilerUse}</forceJavacCompilerUse>
  <fork default-value="false">${maven.compiler.fork}</fork>
  <generatedTestSourcesDirectory default-value="${project.build.directory}/generated-test-sources/test-annotations"/>
  <maxmem>${maven.compiler.maxmem}</maxmem>
  <meminitial>${maven.compiler.meminitial}</meminitial>
  <mojoExecution>${mojoExecution}</mojoExecution>
  <optimize default-value="false">${maven.compiler.optimize}</optimize>
  <outputDirectory default-value="${project.build.testOutputDirectory}"/>
  <showDeprecation default-value="false">${maven.compiler.showDeprecation}</showDeprecation>
  <showWarnings default-value="false">${maven.compiler.showWarnings}</showWarnings>
  <skip>${maven.test.skip}</skip>
  <skipMultiThreadWarning default-value="false">${maven.compiler.skipMultiThreadWarning}</skipMultiThreadWarning>
  <source default-value="1.5">${maven.compiler.source}</source>
  <staleMillis default-value="0">${lastModGranularityMs}</staleMillis>
  <target default-value="1.5">${maven.compiler.target}</target>
  <testSource>${maven.compiler.testSource}</testSource>
  <testTarget>${maven.compiler.testTarget}</testTarget>
  <useIncrementalCompilation default-value="true">${maven.compiler.useIncrementalCompilation}</useIncrementalCompilation>
  <verbose default-value="false">${maven.compiler.verbose}</verbose>
  <mavenSession default-value="${session}"/>
  <session default-value="${session}"/>
</configuration>
[DEBUG] -----------------------------------------------------------------------
[DEBUG] Goal:          org.apache.maven.plugins:maven-surefire-plugin:2.12.4:test (default-test)
[DEBUG] Style:         Regular
[DEBUG] Configuration: <?xml version="1.0" encoding="UTF-8"?>
<configuration>
  <argLine>${argLine}</argLine>
  <basedir default-value="${basedir}"/>
  <childDelegation default-value="false">${childDelegation}</childDelegation>
  <classesDirectory default-value="${project.build.outputDirectory}"/>
  <debugForkedProcess>${maven.surefire.debug}</debugForkedProcess>
  <disableXmlReport default-value="false">${disableXmlReport}</disableXmlReport>
  <enableAssertions default-value="true">${enableAssertions}</enableAssertions>
  <excludedGroups>${excludedGroups}</excludedGroups>
  <failIfNoSpecifiedTests>${surefire.failIfNoSpecifiedTests}</failIfNoSpecifiedTests>
  <failIfNoTests>${failIfNoTests}</failIfNoTests>
  <forkMode default-value="once">${forkMode}</forkMode>
  <forkedProcessTimeoutInSeconds>${surefire.timeout}</forkedProcessTimeoutInSeconds>
  <groups>${groups}</groups>
  <junitArtifactName default-value="junit:junit">${junitArtifactName}</junitArtifactName>
  <jvm>${jvm}</jvm>
  <localRepository default-value="${localRepository}"/>
  <objectFactory>${objectFactory}</objectFactory>
  <parallel>${parallel}</parallel>
  <parallelMavenExecution default-value="${session.parallel}"/>
  <perCoreThreadCount default-value="true">${perCoreThreadCount}</perCoreThreadCount>
  <pluginArtifactMap>${plugin.artifactMap}</pluginArtifactMap>
  <pluginDescriptor default-value="${plugin}"/>
  <printSummary default-value="true">${surefire.printSummary}</printSummary>
  <projectArtifactMap>${project.artifactMap}</projectArtifactMap>
  <redirectTestOutputToFile default-value="false">${maven.test.redirectTestOutputToFile}</redirectTestOutputToFile>
  <remoteRepositories default-value="${project.pluginArtifactRepositories}"/>
  <reportFormat default-value="brief">${surefire.reportFormat}</reportFormat>
  <reportNameSuffix default-value="">${surefire.reportNameSuffix}</reportNameSuffix>
  <reportsDirectory default-value="${project.build.directory}/surefire-reports"/>
  <runOrder default-value="filesystem"/>
  <skip default-value="false">${maven.test.skip}</skip>
  <skipExec>${maven.test.skip.exec}</skipExec>
  <skipTests default-value="false">${skipTests}</skipTests>
  <test>${test}</test>
  <testClassesDirectory default-value="${project.build.testOutputDirectory}"/>
  <testFailureIgnore default-value="false">${maven.test.failure.ignore}</testFailureIgnore>
  <testNGArtifactName default-value="org.testng:testng">${testNGArtifactName}</testNGArtifactName>
  <testSourceDirectory default-value="${project.build.testSourceDirectory}"/>
  <threadCount>${threadCount}</threadCount>
  <trimStackTrace default-value="true">${trimStackTrace}</trimStackTrace>
  <useFile default-value="true">${surefire.useFile}</useFile>
  <useManifestOnlyJar default-value="true">${surefire.useManifestOnlyJar}</useManifestOnlyJar>
  <useSystemClassLoader default-value="true">${surefire.useSystemClassLoader}</useSystemClassLoader>
  <useUnlimitedThreads default-value="false">${useUnlimitedThreads}</useUnlimitedThreads>
  <workingDirectory>${basedir}</workingDirectory>
  <project default-value="${project}"/>
  <session default-value="${session}"/>
</configuration>
[DEBUG] =======================================================================
[DEBUG] Dependency collection stats: {ConflictMarker.analyzeTime=3717894, ConflictMarker.markTime=1372568, ConflictMarker.nodeCount=152, ConflictIdSorter.graphTime=2507303, ConflictIdSorter.topsortTime=810779, ConflictIdSorter.conflictIdCount=42, ConflictIdSorter.conflictIdCycleCount=0, ConflictResolver.totalTime=16815749, ConflictResolver.conflictItemCount=150, DefaultDependencyCollector.collectTime=396115845, DefaultDependencyCollector.transformTime=29039908}
[DEBUG] FreeCrmAutomation:FreeCRM:jar:0.0.1-SNAPSHOT
[DEBUG]    org.seleniumhq.selenium:selenium-java:jar:3.11.0:compile
[DEBUG]       org.seleniumhq.selenium:selenium-api:jar:3.11.0:compile
[DEBUG]       org.seleniumhq.selenium:selenium-chrome-driver:jar:3.11.0:compile
[DEBUG]       org.seleniumhq.selenium:selenium-edge-driver:jar:3.11.0:compile
[DEBUG]       org.seleniumhq.selenium:selenium-firefox-driver:jar:3.11.0:compile
[DEBUG]       org.seleniumhq.selenium:selenium-ie-driver:jar:3.11.0:compile
[DEBUG]       org.seleniumhq.selenium:selenium-opera-driver:jar:3.11.0:compile
[DEBUG]       org.seleniumhq.selenium:selenium-remote-driver:jar:3.11.0:compile
[DEBUG]       org.seleniumhq.selenium:selenium-safari-driver:jar:3.11.0:compile
[DEBUG]       org.seleniumhq.selenium:selenium-support:jar:3.11.0:compile
[DEBUG]       net.bytebuddy:byte-buddy:jar:1.7.9:compile
[DEBUG]       org.apache.commons:commons-exec:jar:1.3:compile
[DEBUG]       commons-codec:commons-codec:jar:1.10:compile
[DEBUG]       commons-logging:commons-logging:jar:1.2:compile
[DEBUG]       com.google.code.gson:gson:jar:2.8.2:compile
[DEBUG]       com.google.guava:guava:jar:23.6-jre:compile
[DEBUG]          com.google.code.findbugs:jsr305:jar:1.3.9:compile
[DEBUG]          org.checkerframework:checker-compat-qual:jar:2.0.0:compile
[DEBUG]          com.google.errorprone:error_prone_annotations:jar:2.1.3:compile
[DEBUG]          com.google.j2objc:j2objc-annotations:jar:1.1:compile
[DEBUG]          org.codehaus.mojo:animal-sniffer-annotations:jar:1.14:compile
[DEBUG]       org.apache.httpcomponents:httpclient:jar:4.5.3:compile
[DEBUG]       org.apache.httpcomponents:httpcore:jar:4.4.6:compile
[DEBUG]       com.squareup.okhttp3:okhttp:jar:3.9.1:compile
[DEBUG]       com.squareup.okio:okio:jar:1.13.0:compile
[DEBUG]    org.testng:testng:jar:6.11:compile
[DEBUG]       com.beust:jcommander:jar:1.64:compile
[DEBUG]       org.yaml:snakeyaml:jar:1.17:compile
[DEBUG]    log4j:log4j:jar:1.2.17:compile
[DEBUG]    org.apache.poi:poi:jar:3.17:compile
[DEBUG]       org.apache.commons:commons-collections4:jar:4.1:compile
[DEBUG]    org.apache.poi:poi-examples:jar:3.17:compile
[DEBUG]    org.apache.poi:poi-excelant:jar:3.17:compile
[DEBUG]       org.apache.ant:ant:jar:1.8.2:compile
[DEBUG]          org.apache.ant:ant-launcher:jar:1.8.2:compile
[DEBUG]    org.apache.poi:poi-ooxml:jar:3.17:compile
[DEBUG]       org.apache.poi:poi-ooxml-schemas:jar:3.17:compile
[DEBUG]       com.github.virtuald:curvesapi:jar:1.04:compile
[DEBUG]    org.apache.poi:poi-scratchpad:jar:3.17:compile
[DEBUG]    org.apache.poi:ooxml-schemas:jar:1.1:compile
[DEBUG]       org.apache.xmlbeans:xmlbeans:jar:2.3.0:compile
[DEBUG]          stax:stax-api:jar:1.0.1:compile
[INFO] 
[INFO] --- maven-clean-plugin:2.5:clean (default-clean) @ FreeCRM ---
[DEBUG] Dependency collection stats: {ConflictMarker.analyzeTime=191427, ConflictMarker.markTime=113340, ConflictMarker.nodeCount=3, ConflictIdSorter.graphTime=13386, ConflictIdSorter.topsortTime=17849, ConflictIdSorter.conflictIdCount=3, ConflictIdSorter.conflictIdCycleCount=0, ConflictResolver.totalTime=309676, ConflictResolver.conflictItemCount=3, DefaultDependencyCollector.collectTime=27043525, DefaultDependencyCollector.transformTime=765264}
[DEBUG] org.apache.maven.plugins:maven-clean-plugin:jar:2.5:
[DEBUG]    org.apache.maven:maven-plugin-api:jar:2.0.6:compile
[DEBUG]    org.codehaus.plexus:plexus-utils:jar:3.0:compile
[DEBUG] Created new class realm plugin>org.apache.maven.plugins:maven-clean-plugin:2.5
[DEBUG] Importing foreign packages into class realm plugin>org.apache.maven.plugins:maven-clean-plugin:2.5
[DEBUG]   Imported:  < maven.api
[DEBUG] Populating class realm plugin>org.apache.maven.plugins:maven-clean-plugin:2.5
[DEBUG]   Included: org.apache.maven.plugins:maven-clean-plugin:jar:2.5
[DEBUG]   Included: org.codehaus.plexus:plexus-utils:jar:3.0
[DEBUG] Configuring mojo org.apache.maven.plugins:maven-clean-plugin:2.5:clean from plugin realm ClassRealm[plugin>org.apache.maven.plugins:maven-clean-plugin:2.5, parent: sun.misc.Launcher$AppClassLoader@5c647e05]
[DEBUG] Configuring mojo 'org.apache.maven.plugins:maven-clean-plugin:2.5:clean' with basic configurator -->
[DEBUG]   (f) directory = D:\FreeCRM\FreeCRM\target
[DEBUG]   (f) excludeDefaultDirectories = false
[DEBUG]   (f) failOnError = true
[DEBUG]   (f) followSymLinks = false
[DEBUG]   (f) outputDirectory = D:\FreeCRM\FreeCRM\target\classes
[DEBUG]   (f) reportDirectory = D:\FreeCRM\FreeCRM\target\site
[DEBUG]   (f) retryOnError = true
[DEBUG]   (f) skip = false
[DEBUG]   (f) testOutputDirectory = D:\FreeCRM\FreeCRM\target\test-classes
[DEBUG] -- end configuration --
[DEBUG] Skipping non-existing directory D:\FreeCRM\FreeCRM\target
[DEBUG] Skipping non-existing directory D:\FreeCRM\FreeCRM\target\classes
[DEBUG] Skipping non-existing directory D:\FreeCRM\FreeCRM\target\test-classes
[DEBUG] Skipping non-existing directory D:\FreeCRM\FreeCRM\target\site
[INFO] 
[INFO] --- maven-resources-plugin:2.6:resources (default-resources) @ FreeCRM ---
[DEBUG] Dependency collection stats: {ConflictMarker.analyzeTime=528323, ConflictMarker.markTime=447111, ConflictMarker.nodeCount=77, ConflictIdSorter.graphTime=315031, ConflictIdSorter.topsortTime=59793, ConflictIdSorter.conflictIdCount=26, ConflictIdSorter.conflictIdCycleCount=0, ConflictResolver.totalTime=2009768, ConflictResolver.conflictItemCount=74, DefaultDependencyCollector.collectTime=173657574, DefaultDependencyCollector.transformTime=3433206}
[DEBUG] org.apache.maven.plugins:maven-resources-plugin:jar:2.6:
[DEBUG]    org.apache.maven:maven-plugin-api:jar:2.0.6:compile
[DEBUG]    org.apache.maven:maven-project:jar:2.0.6:compile
[DEBUG]       org.apache.maven:maven-profile:jar:2.0.6:compile
[DEBUG]       org.apache.maven:maven-artifact-manager:jar:2.0.6:compile
[DEBUG]       org.apache.maven:maven-plugin-registry:jar:2.0.6:compile
[DEBUG]    org.apache.maven:maven-core:jar:2.0.6:compile
[DEBUG]       org.apache.maven:maven-plugin-parameter-documenter:jar:2.0.6:compile
[DEBUG]       org.apache.maven.reporting:maven-reporting-api:jar:2.0.6:compile
[DEBUG]          org.apache.maven.doxia:doxia-sink-api:jar:1.0-alpha-7:compile
[DEBUG]       org.apache.maven:maven-repository-metadata:jar:2.0.6:compile
[DEBUG]       org.apache.maven:maven-error-diagnostics:jar:2.0.6:compile
[DEBUG]       commons-cli:commons-cli:jar:1.0:compile
[DEBUG]       org.apache.maven:maven-plugin-descriptor:jar:2.0.6:compile
[DEBUG]       org.codehaus.plexus:plexus-interactivity-api:jar:1.0-alpha-4:compile
[DEBUG]       classworlds:classworlds:jar:1.1:compile
[DEBUG]    org.apache.maven:maven-artifact:jar:2.0.6:compile
[DEBUG]    org.apache.maven:maven-settings:jar:2.0.6:compile
[DEBUG]    org.apache.maven:maven-model:jar:2.0.6:compile
[DEBUG]    org.apache.maven:maven-monitor:jar:2.0.6:compile
[DEBUG]    org.codehaus.plexus:plexus-container-default:jar:1.0-alpha-9-stable-1:compile
[DEBUG]       junit:junit:jar:3.8.1:compile
[DEBUG]    org.codehaus.plexus:plexus-utils:jar:2.0.5:compile
[DEBUG]    org.apache.maven.shared:maven-filtering:jar:1.1:compile
[DEBUG]       org.sonatype.plexus:plexus-build-api:jar:0.0.4:compile
[DEBUG]    org.codehaus.plexus:plexus-interpolation:jar:1.13:compile
[DEBUG] Created new class realm plugin>org.apache.maven.plugins:maven-resources-plugin:2.6
[DEBUG] Importing foreign packages into class realm plugin>org.apache.maven.plugins:maven-resources-plugin:2.6
[DEBUG]   Imported:  < maven.api
[DEBUG] Populating class realm plugin>org.apache.maven.plugins:maven-resources-plugin:2.6
[DEBUG]   Included: org.apache.maven.plugins:maven-resources-plugin:jar:2.6
[DEBUG]   Included: org.apache.maven.reporting:maven-reporting-api:jar:2.0.6
[DEBUG]   Included: org.apache.maven.doxia:doxia-sink-api:jar:1.0-alpha-7
[DEBUG]   Included: commons-cli:commons-cli:jar:1.0
[DEBUG]   Included: org.codehaus.plexus:plexus-interactivity-api:jar:1.0-alpha-4
[DEBUG]   Included: junit:junit:jar:3.8.1
[DEBUG]   Included: org.codehaus.plexus:plexus-utils:jar:2.0.5
[DEBUG]   Included: org.apache.maven.shared:maven-filtering:jar:1.1
[DEBUG]   Included: org.sonatype.plexus:plexus-build-api:jar:0.0.4
[DEBUG]   Included: org.codehaus.plexus:plexus-interpolation:jar:1.13
[DEBUG] Configuring mojo org.apache.maven.plugins:maven-resources-plugin:2.6:resources from plugin realm ClassRealm[plugin>org.apache.maven.plugins:maven-resources-plugin:2.6, parent: sun.misc.Launcher$AppClassLoader@5c647e05]
[DEBUG] Configuring mojo 'org.apache.maven.plugins:maven-resources-plugin:2.6:resources' with basic configurator -->
[DEBUG]   (f) buildFilters = []
[DEBUG]   (f) escapeWindowsPaths = true
[DEBUG]   (s) includeEmptyDirs = false
[DEBUG]   (s) outputDirectory = D:\FreeCRM\FreeCRM\target\classes
[DEBUG]   (s) overwrite = false
[DEBUG]   (f) project = MavenProject: FreeCrmAutomation:FreeCRM:0.0.1-SNAPSHOT @ D:\FreeCRM\FreeCRM\pom.xml
[DEBUG]   (s) resources = [Resource {targetPath: null, filtering: false, FileSet {directory: D:\FreeCRM\FreeCRM\src\main\resources, PatternSet [includes: {}, excludes: {}]}}]
[DEBUG]   (f) session = org.apache.maven.execution.MavenSession@29d2d081
[DEBUG]   (f) supportMultiLineFiltering = false
[DEBUG]   (f) useBuildFilters = true
[DEBUG]   (s) useDefaultDelimiters = true
[DEBUG] -- end configuration --
[DEBUG] properties used {java.vendor=Oracle Corporation, env.SYSTEMROOT=C:\Windows, sun.java.launcher=SUN_STANDARD, sun.management.compiler=HotSpot 64-Bit Tiered Compilers, env.PROMPT=$P$G, env.WDIR=D:\, os.name=Windows 7, env.FP_NO_HOST_CHECK=NO, sun.boot.class.path=C:\Program Files\Java\jdk1.8.0_144\jre\lib\resources.jar;C:\Program Files\Java\jdk1.8.0_144\jre\lib\rt.jar;C:\Program Files\Java\jdk1.8.0_144\jre\lib\sunrsasign.jar;C:\Program Files\Java\jdk1.8.0_144\jre\lib\jsse.jar;C:\Program Files\Java\jdk1.8.0_144\jre\lib\jce.jar;C:\Program Files\Java\jdk1.8.0_144\jre\lib\charsets.jar;C:\Program Files\Java\jdk1.8.0_144\jre\lib\jfr.jar;C:\Program Files\Java\jdk1.8.0_144\jre\classes, env.COMPUTERNAME=ANKITTYAGI-PC, env.ALLUSERSPROFILE=C:\ProgramData, sun.desktop=windows, env.PY_HOME=C:\Python27, java.vm.specification.vendor=Oracle Corporation, java.runtime.version=1.8.0_144-b01, env.HOMEPATH=\Users\Ankit Tyagi, user.name=Ankit Tyagi, maven.build.version=Apache Maven 3.5.4 (1edded0938998edf8bf061f1ceb3cfdeccf443fe; 2018-06-18T00:03:14+05:30), env.WINDOWS_TRACING_FLAGS=3, env.PATH=C:\Program Files\Java\jdk1.8.0_144\bin;C:\Program Files\Java\jdk1.8.0_144\bin;C:\Program Files\Java\jdk1.8.0_144\bin;C:\Windows\System32;C:\Program Files (x86)\Skype\Phone\;C:\Program Files\nodejs\;C:\Program Files\Git\cmd;C:\Drivers\chromedriver\chromedriver.exe\;C:\Users\Ankit Tyagi\AppData\Local\Android\Sdk;C:\Program Files (x86)\Skype\Phone\;C:\Program Files\nodejs\;C:\Program Files\Git\cmd;C:\Drivers\chromedriver\chromedriver.exe\;C:\Users\Ankit Tyagi\AppData\Local\Android\Sdk;C:\Program Files (x86)\Skype\Phone\;C:\Program Files\nodejs\;C:\Program Files\Git\cmd;C:\Drivers\chromedriver\chromedriver.exe\;C:\Users\Ankit Tyagi\AppData\Local\Android\Sdk;C:\Users\Ankit Tyagi\AppData\Roaming\npm;C:\Program Files\Microsoft VS Code\bin;C:\apache-maven-3.5.4\bin\mvn, user.language=en, env.JVMCONFIG=\.mvn\jvm.config, env.WINDIR=C:\Windows, sun.boot.library.path=C:\Program Files\Java\jdk1.8.0_144\jre\bin, classworlds.conf=C:\apache-maven-3.5.4\bin\..\bin\m2.conf, java.version=1.8.0_144, env.PROCESSOR_IDENTIFIER=Intel64 Family 6 Model 42 Stepping 7, GenuineIntel, user.timezone=, env.TEMP=C:\Users\ANKITT~1\AppData\Local\Temp, sun.arch.data.model=64, env.EXEC_DIR=D:\FreeCRM\FreeCRM, env.WINDOWS_TRACING_LOGFILE=C:\BVTBin\Tests\installpackage\csilogfile.log, java.endorsed.dirs=C:\Program Files\Java\jdk1.8.0_144\jre\lib\endorsed, sun.cpu.isalist=amd64, env.HOMEDRIVE=C:, sun.jnu.encoding=Cp1252, file.encoding.pkg=sun.io, env.SYSTEMDRIVE=C:, file.separator=\, java.specification.name=Java Platform API Specification, maven.conf=C:\apache-maven-3.5.4\bin\../conf, env.JAVACMD=C:\Program Files\Java\jdk1.8.0_144\bin\java.exe, java.class.version=52.0, user.country=US, java.home=C:\Program Files\Java\jdk1.8.0_144\jre, env.APPDATA=C:\Users\Ankit Tyagi\AppData\Roaming, env.PUBLIC=C:\Users\Public, java.vm.info=mixed mode, env.OS=Windows_NT, os.version=6.1, env.=::=::\, path.separator=;, java.vm.version=25.144-b01, user.variant=, env.USERPROFILE=C:\Users\Ankit Tyagi, java.awt.printerjob=sun.awt.windows.WPrinterJob, env.TMP=C:\Users\ANKITT~1\AppData\Local\Temp, env.PROGRAMFILES=C:\Program Files, sun.io.unicode.encoding=UnicodeLittle, awt.toolkit=sun.awt.windows.WToolkit, user.script=, user.home=C:\Users\Ankit Tyagi, env.COMMONPROGRAMFILES=C:\Program Files\Common Files, env.SESSIONNAME=Console, java.specification.vendor=Oracle Corporation, env.NUMBER_OF_PROCESSORS=4, library.jansi.path=C:\apache-maven-3.5.4\bin\..\lib\jansi-native, java.library.path=C:\Program Files\Java\jdk1.8.0_144\bin;C:\Windows\Sun\Java\bin;C:\Windows\system32;C:\Windows;C:\Program Files\Java\jdk1.8.0_144\bin;C:\Program Files\Java\jdk1.8.0_144\bin;C:\Program Files\Java\jdk1.8.0_144\bin;C:\Windows\System32;C:\Program Files (x86)\Skype\Phone\;C:\Program Files\nodejs\;C:\Program Files\Git\cmd;C:\Drivers\chromedriver\chromedriver.exe\;C:\Users\Ankit Tyagi\AppData\Local\Android\Sdk;C:\Program Files (x86)\Skype\Phone\;C:\Program Files\nodejs\;C:\Program Files\Git\cmd;C:\Drivers\chromedriver\chromedriver.exe\;C:\Users\Ankit Tyagi\AppData\Local\Android\Sdk;C:\Program Files (x86)\Skype\Phone\;C:\Program Files\nodejs\;C:\Program Files\Git\cmd;C:\Drivers\chromedriver\chromedriver.exe\;C:\Users\Ankit Tyagi\AppData\Local\Android\Sdk;C:\Users\Ankit Tyagi\AppData\Roaming\npm;C:\Program Files\Microsoft VS Code\bin;C:\apache-maven-3.5.4\bin\mvn;., java.vendor.url=http://java.oracle.com/, env.PSMODULEPATH=C:\Windows\system32\WindowsPowerShell\v1.0\Modules\, env.COMMONPROGRAMFILES(X86)=C:\Program Files (x86)\Common Files, env.CLASSWORLDS_LAUNCHER=org.codehaus.plexus.classworlds.launcher.Launcher, env.MAVEN_CMD_LINE_ARGS=clean compile test -X, java.vm.vendor=Oracle Corporation, maven.home=C:\apache-maven-3.5.4\bin\.., java.runtime.name=Java(TM) SE Runtime Environment, sun.java.command=org.codehaus.plexus.classworlds.launcher.Launcher clean compile test -X, java.class.path=C:\apache-maven-3.5.4\bin\..\boot\plexus-classworlds-2.5.2.jar, env.PROGRAMW6432=C:\Program Files, env.WEBDRIVER.CHROME.DRIVER=D:\\chromedriver-win64\\chromedriver\\chromedriver.exe, maven.version=3.5.4, env.PROGRAMFILES(X86)=C:\Program Files (x86), java.vm.specification.name=Java Virtual Machine Specification, env.LOGONSERVER=\\ANKITTYAGI-PC, java.vm.specification.version=1.8, env.PROCESSOR_ARCHITECTURE=AMD64, env.COMMONPROGRAMW6432=C:\Program Files\Common Files, sun.cpu.endian=little, sun.os.patch.level=Service Pack 1, java.io.tmpdir=C:\Users\ANKITT~1\AppData\Local\Temp\, env.PROCESSOR_REVISION=2a07, java.vendor.url.bug=http://bugreport.sun.com/bugreport/, maven.multiModuleProjectDirectory=D:\FreeCRM\FreeCRM, env.PROGRAMDATA=C:\ProgramData, env.COMSPEC=C:\Windows\system32\cmd.exe, os.arch=amd64, java.awt.graphicsenv=sun.awt.Win32GraphicsEnvironment, java.ext.dirs=C:\Program Files\Java\jdk1.8.0_144\jre\lib\ext;C:\Windows\Sun\Java\lib\ext, env.=D:=D:\FreeCRM\FreeCRM, env.MAVEN_HOME=C:\apache-maven-3.5.4\bin\.., env.LOCALAPPDATA=C:\Users\Ankit Tyagi\AppData\Local, user.dir=D:\FreeCRM\FreeCRM, line.separator=
, env.CLASSWORLDS_JAR="C:\apache-maven-3.5.4\bin\..\boot\plexus-classworlds-2.5.2.jar", java.vm.name=Java HotSpot(TM) 64-Bit Server VM, env.PATHEXT=.COM;.EXE;.BAT;.CMD;.VBS;.VBE;.JS;.JSE;.WSF;.WSH;.MSC, env.ERROR_CODE=0, env.USERNAME=Ankit Tyagi, sun.stderr.encoding=cp437, file.encoding=Cp1252, env.USERDOMAIN=AnkitTyagi-PC, java.specification.version=1.8, env.=C:=C:\Users\Ankit Tyagi\Desktop, env.PROCESSOR_LEVEL=6, env.MAVEN_PROJECTBASEDIR=D:\FreeCRM\FreeCRM}
[WARNING] Using platform encoding (Cp1252 actually) to copy filtered resources, i.e. build is platform dependent!
[DEBUG] resource with targetPath null
directory D:\FreeCRM\FreeCRM\src\main\resources
excludes []
includes []
[INFO] skip non existing resourceDirectory D:\FreeCRM\FreeCRM\src\main\resources
[DEBUG] no use filter components
[INFO] 
[INFO] --- maven-compiler-plugin:3.1:compile (default-compile) @ FreeCRM ---
[DEBUG] Dependency collection stats: {ConflictMarker.analyzeTime=5592012, ConflictMarker.markTime=1761671, ConflictMarker.nodeCount=160, ConflictIdSorter.graphTime=3423835, ConflictIdSorter.topsortTime=124941, ConflictIdSorter.conflictIdCount=43, ConflictIdSorter.conflictIdCycleCount=0, ConflictResolver.totalTime=5788794, ConflictResolver.conflictItemCount=63, DefaultDependencyCollector.collectTime=462089713, DefaultDependencyCollector.transformTime=16733644}
[DEBUG] org.apache.maven.plugins:maven-compiler-plugin:jar:3.1:
[DEBUG]    org.apache.maven:maven-plugin-api:jar:2.0.9:compile
[DEBUG]    org.apache.maven:maven-artifact:jar:2.0.9:compile
[DEBUG]       org.codehaus.plexus:plexus-utils:jar:1.5.1:compile
[DEBUG]    org.apache.maven:maven-core:jar:2.0.9:compile
[DEBUG]       org.apache.maven:maven-settings:jar:2.0.9:compile
[DEBUG]       org.apache.maven:maven-plugin-parameter-documenter:jar:2.0.9:compile
[DEBUG]       org.apache.maven:maven-profile:jar:2.0.9:compile
[DEBUG]       org.apache.maven:maven-model:jar:2.0.9:compile
[DEBUG]       org.apache.maven:maven-repository-metadata:jar:2.0.9:compile
[DEBUG]       org.apache.maven:maven-error-diagnostics:jar:2.0.9:compile
[DEBUG]       org.apache.maven:maven-project:jar:2.0.9:compile
[DEBUG]          org.apache.maven:maven-plugin-registry:jar:2.0.9:compile
[DEBUG]       org.apache.maven:maven-plugin-descriptor:jar:2.0.9:compile
[DEBUG]       org.apache.maven:maven-artifact-manager:jar:2.0.9:compile
[DEBUG]       org.apache.maven:maven-monitor:jar:2.0.9:compile
[DEBUG]    org.apache.maven:maven-toolchain:jar:1.0:compile
[DEBUG]    org.apache.maven.shared:maven-shared-utils:jar:0.1:compile
[DEBUG]       com.google.code.findbugs:jsr305:jar:2.0.1:compile
[DEBUG]    org.apache.maven.shared:maven-shared-incremental:jar:1.1:compile
[DEBUG]       org.codehaus.plexus:plexus-component-annotations:jar:1.5.5:compile
[DEBUG]    org.codehaus.plexus:plexus-compiler-api:jar:2.2:compile
[DEBUG]    org.codehaus.plexus:plexus-compiler-manager:jar:2.2:compile
[DEBUG]    org.codehaus.plexus:plexus-compiler-javac:jar:2.2:runtime
[DEBUG]    org.codehaus.plexus:plexus-container-default:jar:1.5.5:compile
[DEBUG]       org.codehaus.plexus:plexus-classworlds:jar:2.2.2:compile
[DEBUG]       org.apache.xbean:xbean-reflect:jar:3.4:compile
[DEBUG]          log4j:log4j:jar:1.2.12:compile
[DEBUG]          commons-logging:commons-logging-api:jar:1.1:compile
[DEBUG]       com.google.collections:google-collections:jar:1.0:compile
[DEBUG]       junit:junit:jar:3.8.2:compile
[DEBUG] Created new class realm plugin>org.apache.maven.plugins:maven-compiler-plugin:3.1
[DEBUG] Importing foreign packages into class realm plugin>org.apache.maven.plugins:maven-compiler-plugin:3.1
[DEBUG]   Imported:  < maven.api
[DEBUG] Populating class realm plugin>org.apache.maven.plugins:maven-compiler-plugin:3.1
[DEBUG]   Included: org.apache.maven.plugins:maven-compiler-plugin:jar:3.1
[DEBUG]   Included: org.codehaus.plexus:plexus-utils:jar:1.5.1
[DEBUG]   Included: org.apache.maven.shared:maven-shared-utils:jar:0.1
[DEBUG]   Included: com.google.code.findbugs:jsr305:jar:2.0.1
[DEBUG]   Included: org.apache.maven.shared:maven-shared-incremental:jar:1.1
[DEBUG]   Included: org.codehaus.plexus:plexus-component-annotations:jar:1.5.5
[DEBUG]   Included: org.codehaus.plexus:plexus-compiler-api:jar:2.2
[DEBUG]   Included: org.codehaus.plexus:plexus-compiler-manager:jar:2.2
[DEBUG]   Included: org.codehaus.plexus:plexus-compiler-javac:jar:2.2
[DEBUG]   Included: org.apache.xbean:xbean-reflect:jar:3.4
[DEBUG]   Included: log4j:log4j:jar:1.2.12
[DEBUG]   Included: commons-logging:commons-logging-api:jar:1.1
[DEBUG]   Included: com.google.collections:google-collections:jar:1.0
[DEBUG]   Included: junit:junit:jar:3.8.2
[DEBUG] Configuring mojo org.apache.maven.plugins:maven-compiler-plugin:3.1:compile from plugin realm ClassRealm[plugin>org.apache.maven.plugins:maven-compiler-plugin:3.1, parent: sun.misc.Launcher$AppClassLoader@5c647e05]
[DEBUG] Configuring mojo 'org.apache.maven.plugins:maven-compiler-plugin:3.1:compile' with basic configurator -->
[DEBUG]   (f) basedir = D:\FreeCRM\FreeCRM
[DEBUG]   (f) buildDirectory = D:\FreeCRM\FreeCRM\target
[DEBUG]   (f) classpathElements = [D:\FreeCRM\FreeCRM\target\classes, C:\Users\Ankit Tyagi\.m2\repository\org\seleniumhq\selenium\selenium-java\3.11.0\selenium-java-3.11.0.jar, C:\Users\Ankit Tyagi\.m2\repository\org\seleniumhq\selenium\selenium-api\3.11.0\selenium-api-3.11.0.jar, C:\Users\Ankit Tyagi\.m2\repository\org\seleniumhq\selenium\selenium-chrome-driver\3.11.0\selenium-chrome-driver-3.11.0.jar, C:\Users\Ankit Tyagi\.m2\repository\org\seleniumhq\selenium\selenium-edge-driver\3.11.0\selenium-edge-driver-3.11.0.jar, C:\Users\Ankit Tyagi\.m2\repository\org\seleniumhq\selenium\selenium-firefox-driver\3.11.0\selenium-firefox-driver-3.11.0.jar, C:\Users\Ankit Tyagi\.m2\repository\org\seleniumhq\selenium\selenium-ie-driver\3.11.0\selenium-ie-driver-3.11.0.jar, C:\Users\Ankit Tyagi\.m2\repository\org\seleniumhq\selenium\selenium-opera-driver\3.11.0\selenium-opera-driver-3.11.0.jar, C:\Users\Ankit Tyagi\.m2\repository\org\seleniumhq\selenium\selenium-remote-driver\3.11.0\selenium-remote-driver-3.11.0.jar, C:\Users\Ankit Tyagi\.m2\repository\org\seleniumhq\selenium\selenium-safari-driver\3.11.0\selenium-safari-driver-3.11.0.jar, C:\Users\Ankit Tyagi\.m2\repository\org\seleniumhq\selenium\selenium-support\3.11.0\selenium-support-3.11.0.jar, C:\Users\Ankit Tyagi\.m2\repository\net\bytebuddy\byte-buddy\1.7.9\byte-buddy-1.7.9.jar, C:\Users\Ankit Tyagi\.m2\repository\org\apache\commons\commons-exec\1.3\commons-exec-1.3.jar, C:\Users\Ankit Tyagi\.m2\repository\commons-codec\commons-codec\1.10\commons-codec-1.10.jar, C:\Users\Ankit Tyagi\.m2\repository\commons-logging\commons-logging\1.2\commons-logging-1.2.jar, C:\Users\Ankit Tyagi\.m2\repository\com\google\code\gson\gson\2.8.2\gson-2.8.2.jar, C:\Users\Ankit Tyagi\.m2\repository\com\google\guava\guava\23.6-jre\guava-23.6-jre.jar, C:\Users\Ankit Tyagi\.m2\repository\com\google\code\findbugs\jsr305\1.3.9\jsr305-1.3.9.jar, C:\Users\Ankit Tyagi\.m2\repository\org\checkerframework\checker-compat-qual\2.0.0\checker-compat-qual-2.0.0.jar, C:\Users\Ankit Tyagi\.m2\repository\com\google\errorprone\error_prone_annotations\2.1.3\error_prone_annotations-2.1.3.jar, C:\Users\Ankit Tyagi\.m2\repository\com\google\j2objc\j2objc-annotations\1.1\j2objc-annotations-1.1.jar, C:\Users\Ankit Tyagi\.m2\repository\org\codehaus\mojo\animal-sniffer-annotations\1.14\animal-sniffer-annotations-1.14.jar, C:\Users\Ankit Tyagi\.m2\repository\org\apache\httpcomponents\httpclient\4.5.3\httpclient-4.5.3.jar, C:\Users\Ankit Tyagi\.m2\repository\org\apache\httpcomponents\httpcore\4.4.6\httpcore-4.4.6.jar, C:\Users\Ankit Tyagi\.m2\repository\com\squareup\okhttp3\okhttp\3.9.1\okhttp-3.9.1.jar, C:\Users\Ankit Tyagi\.m2\repository\com\squareup\okio\okio\1.13.0\okio-1.13.0.jar, C:\Users\Ankit Tyagi\.m2\repository\org\testng\testng\6.11\testng-6.11.jar, C:\Users\Ankit Tyagi\.m2\repository\com\beust\jcommander\1.64\jcommander-1.64.jar, C:\Users\Ankit Tyagi\.m2\repository\org\yaml\snakeyaml\1.17\snakeyaml-1.17.jar, C:\Users\Ankit Tyagi\.m2\repository\log4j\log4j\1.2.17\log4j-1.2.17.jar, C:\Users\Ankit Tyagi\.m2\repository\org\apache\poi\poi\3.17\poi-3.17.jar, C:\Users\Ankit Tyagi\.m2\repository\org\apache\commons\commons-collections4\4.1\commons-collections4-4.1.jar, C:\Users\Ankit Tyagi\.m2\repository\org\apache\poi\poi-examples\3.17\poi-examples-3.17.jar, C:\Users\Ankit Tyagi\.m2\repository\org\apache\poi\poi-excelant\3.17\poi-excelant-3.17.jar, C:\Users\Ankit Tyagi\.m2\repository\org\apache\ant\ant\1.8.2\ant-1.8.2.jar, C:\Users\Ankit Tyagi\.m2\repository\org\apache\ant\ant-launcher\1.8.2\ant-launcher-1.8.2.jar, C:\Users\Ankit Tyagi\.m2\repository\org\apache\poi\poi-ooxml\3.17\poi-ooxml-3.17.jar, C:\Users\Ankit Tyagi\.m2\repository\org\apache\poi\poi-ooxml-schemas\3.17\poi-ooxml-schemas-3.17.jar, C:\Users\Ankit Tyagi\.m2\repository\com\github\virtuald\curvesapi\1.04\curvesapi-1.04.jar, C:\Users\Ankit Tyagi\.m2\repository\org\apache\poi\poi-scratchpad\3.17\poi-scratchpad-3.17.jar, C:\Users\Ankit Tyagi\.m2\repository\org\apache\poi\ooxml-schemas\1.1\ooxml-schemas-1.1.jar, C:\Users\Ankit Tyagi\.m2\repository\org\apache\xmlbeans\xmlbeans\2.3.0\xmlbeans-2.3.0.jar, C:\Users\Ankit Tyagi\.m2\repository\stax\stax-api\1.0.1\stax-api-1.0.1.jar]
[DEBUG]   (f) compileSourceRoots = [D:\FreeCRM\FreeCRM\src\main\java]
[DEBUG]   (f) compilerId = javac
[DEBUG]   (f) debug = true
[DEBUG]   (f) failOnError = true
[DEBUG]   (f) forceJavacCompilerUse = false
[DEBUG]   (f) fork = false
[DEBUG]   (f) generatedSourcesDirectory = D:\FreeCRM\FreeCRM\target\generated-sources\annotations
[DEBUG]   (f) mojoExecution = org.apache.maven.plugins:maven-compiler-plugin:3.1:compile {execution: default-compile}
[DEBUG]   (f) optimize = false
[DEBUG]   (f) outputDirectory = D:\FreeCRM\FreeCRM\target\classes
[DEBUG]   (f) projectArtifact = FreeCrmAutomation:FreeCRM:jar:0.0.1-SNAPSHOT
[DEBUG]   (f) showDeprecation = false
[DEBUG]   (f) showWarnings = false
[DEBUG]   (f) skipMultiThreadWarning = false
[DEBUG]   (f) source = 1.5
[DEBUG]   (f) staleMillis = 0
[DEBUG]   (f) target = 1.5
[DEBUG]   (f) useIncrementalCompilation = true
[DEBUG]   (f) verbose = false
[DEBUG]   (f) mavenSession = org.apache.maven.execution.MavenSession@29d2d081
[DEBUG]   (f) session = org.apache.maven.execution.MavenSession@29d2d081
[DEBUG] -- end configuration --
[DEBUG] Using compiler 'javac'.
[DEBUG] Source directories: [D:\FreeCRM\FreeCRM\src\main\java]
[DEBUG] Classpath: [D:\FreeCRM\FreeCRM\target\classes
 C:\Users\Ankit Tyagi\.m2\repository\org\seleniumhq\selenium\selenium-java\3.11.0\selenium-java-3.11.0.jar
 C:\Users\Ankit Tyagi\.m2\repository\org\seleniumhq\selenium\selenium-api\3.11.0\selenium-api-3.11.0.jar
 C:\Users\Ankit Tyagi\.m2\repository\org\seleniumhq\selenium\selenium-chrome-driver\3.11.0\selenium-chrome-driver-3.11.0.jar
 C:\Users\Ankit Tyagi\.m2\repository\org\seleniumhq\selenium\selenium-edge-driver\3.11.0\selenium-edge-driver-3.11.0.jar
 C:\Users\Ankit Tyagi\.m2\repository\org\seleniumhq\selenium\selenium-firefox-driver\3.11.0\selenium-firefox-driver-3.11.0.jar
 C:\Users\Ankit Tyagi\.m2\repository\org\seleniumhq\selenium\selenium-ie-driver\3.11.0\selenium-ie-driver-3.11.0.jar
 C:\Users\Ankit Tyagi\.m2\repository\org\seleniumhq\selenium\selenium-opera-driver\3.11.0\selenium-opera-driver-3.11.0.jar
 C:\Users\Ankit Tyagi\.m2\repository\org\seleniumhq\selenium\selenium-remote-driver\3.11.0\selenium-remote-driver-3.11.0.jar
 C:\Users\Ankit Tyagi\.m2\repository\org\seleniumhq\selenium\selenium-safari-driver\3.11.0\selenium-safari-driver-3.11.0.jar
 C:\Users\Ankit Tyagi\.m2\repository\org\seleniumhq\selenium\selenium-support\3.11.0\selenium-support-3.11.0.jar
 C:\Users\Ankit Tyagi\.m2\repository\net\bytebuddy\byte-buddy\1.7.9\byte-buddy-1.7.9.jar
 C:\Users\Ankit Tyagi\.m2\repository\org\apache\commons\commons-exec\1.3\commons-exec-1.3.jar
 C:\Users\Ankit Tyagi\.m2\repository\commons-codec\commons-codec\1.10\commons-codec-1.10.jar
 C:\Users\Ankit Tyagi\.m2\repository\commons-logging\commons-logging\1.2\commons-logging-1.2.jar
 C:\Users\Ankit Tyagi\.m2\repository\com\google\code\gson\gson\2.8.2\gson-2.8.2.jar
 C:\Users\Ankit Tyagi\.m2\repository\com\google\guava\guava\23.6-jre\guava-23.6-jre.jar
 C:\Users\Ankit Tyagi\.m2\repository\com\google\code\findbugs\jsr305\1.3.9\jsr305-1.3.9.jar
 C:\Users\Ankit Tyagi\.m2\repository\org\checkerframework\checker-compat-qual\2.0.0\checker-compat-qual-2.0.0.jar
 C:\Users\Ankit Tyagi\.m2\repository\com\google\errorprone\error_prone_annotations\2.1.3\error_prone_annotations-2.1.3.jar
 C:\Users\Ankit Tyagi\.m2\repository\com\google\j2objc\j2objc-annotations\1.1\j2objc-annotations-1.1.jar
 C:\Users\Ankit Tyagi\.m2\repository\org\codehaus\mojo\animal-sniffer-annotations\1.14\animal-sniffer-annotations-1.14.jar
 C:\Users\Ankit Tyagi\.m2\repository\org\apache\httpcomponents\httpclient\4.5.3\httpclient-4.5.3.jar
 C:\Users\Ankit Tyagi\.m2\repository\org\apache\httpcomponents\httpcore\4.4.6\httpcore-4.4.6.jar
 C:\Users\Ankit Tyagi\.m2\repository\com\squareup\okhttp3\okhttp\3.9.1\okhttp-3.9.1.jar
 C:\Users\Ankit Tyagi\.m2\repository\com\squareup\okio\okio\1.13.0\okio-1.13.0.jar
 C:\Users\Ankit Tyagi\.m2\repository\org\testng\testng\6.11\testng-6.11.jar
 C:\Users\Ankit Tyagi\.m2\repository\com\beust\jcommander\1.64\jcommander-1.64.jar
 C:\Users\Ankit Tyagi\.m2\repository\org\yaml\snakeyaml\1.17\snakeyaml-1.17.jar
 C:\Users\Ankit Tyagi\.m2\repository\log4j\log4j\1.2.17\log4j-1.2.17.jar
 C:\Users\Ankit Tyagi\.m2\repository\org\apache\poi\poi\3.17\poi-3.17.jar
 C:\Users\Ankit Tyagi\.m2\repository\org\apache\commons\commons-collections4\4.1\commons-collections4-4.1.jar
 C:\Users\Ankit Tyagi\.m2\repository\org\apache\poi\poi-examples\3.17\poi-examples-3.17.jar
 C:\Users\Ankit Tyagi\.m2\repository\org\apache\poi\poi-excelant\3.17\poi-excelant-3.17.jar
 C:\Users\Ankit Tyagi\.m2\repository\org\apache\ant\ant\1.8.2\ant-1.8.2.jar
 C:\Users\Ankit Tyagi\.m2\repository\org\apache\ant\ant-launcher\1.8.2\ant-launcher-1.8.2.jar
 C:\Users\Ankit Tyagi\.m2\repository\org\apache\poi\poi-ooxml\3.17\poi-ooxml-3.17.jar
 C:\Users\Ankit Tyagi\.m2\repository\org\apache\poi\poi-ooxml-schemas\3.17\poi-ooxml-schemas-3.17.jar
 C:\Users\Ankit Tyagi\.m2\repository\com\github\virtuald\curvesapi\1.04\curvesapi-1.04.jar
 C:\Users\Ankit Tyagi\.m2\repository\org\apache\poi\poi-scratchpad\3.17\poi-scratchpad-3.17.jar
 C:\Users\Ankit Tyagi\.m2\repository\org\apache\poi\ooxml-schemas\1.1\ooxml-schemas-1.1.jar
 C:\Users\Ankit Tyagi\.m2\repository\org\apache\xmlbeans\xmlbeans\2.3.0\xmlbeans-2.3.0.jar
 C:\Users\Ankit Tyagi\.m2\repository\stax\stax-api\1.0.1\stax-api-1.0.1.jar]
[DEBUG] Output directory: D:\FreeCRM\FreeCRM\target\classes
[DEBUG] CompilerReuseStrategy: reuseCreated
[DEBUG] useIncrementalCompilation enabled
[DEBUG] Stale source detected: D:\FreeCRM\FreeCRM\src\main\java\com\crm\pages\SignUpPage.java
[DEBUG] Stale source detected: D:\FreeCRM\FreeCRM\src\main\java\com\crm\pages\ContactsPage.java
[DEBUG] Stale source detected: D:\FreeCRM\FreeCRM\src\main\java\com\crm\base\Testbase.java
[DEBUG] Stale source detected: D:\FreeCRM\FreeCRM\src\main\java\com\crm\pages\LoginPage.java
[DEBUG] Stale source detected: D:\FreeCRM\FreeCRM\src\main\java\com\crm\pages\DealsPage.java
[DEBUG] Stale source detected: D:\FreeCRM\FreeCRM\src\main\java\com\crm\pages\TaskPage.java
[DEBUG] Stale source detected: D:\FreeCRM\FreeCRM\src\main\java\com\crm\util\TestUtil.java
[DEBUG] Stale source detected: D:\FreeCRM\FreeCRM\src\main\java\com\crm\util\Xls_Reader.java
[DEBUG] Stale source detected: D:\FreeCRM\FreeCRM\src\main\java\com\crm\pages\HomePage.java
[INFO] Changes detected - recompiling the module!
[DEBUG] Classpath:
[DEBUG]  D:\FreeCRM\FreeCRM\target\classes
[DEBUG]  C:\Users\Ankit Tyagi\.m2\repository\org\seleniumhq\selenium\selenium-java\3.11.0\selenium-java-3.11.0.jar
[DEBUG]  C:\Users\Ankit Tyagi\.m2\repository\org\seleniumhq\selenium\selenium-api\3.11.0\selenium-api-3.11.0.jar
[DEBUG]  C:\Users\Ankit Tyagi\.m2\repository\org\seleniumhq\selenium\selenium-chrome-driver\3.11.0\selenium-chrome-driver-3.11.0.jar
[DEBUG]  C:\Users\Ankit Tyagi\.m2\repository\org\seleniumhq\selenium\selenium-edge-driver\3.11.0\selenium-edge-driver-3.11.0.jar
[DEBUG]  C:\Users\Ankit Tyagi\.m2\repository\org\seleniumhq\selenium\selenium-firefox-driver\3.11.0\selenium-firefox-driver-3.11.0.jar
[DEBUG]  C:\Users\Ankit Tyagi\.m2\repository\org\seleniumhq\selenium\selenium-ie-driver\3.11.0\selenium-ie-driver-3.11.0.jar
[DEBUG]  C:\Users\Ankit Tyagi\.m2\repository\org\seleniumhq\selenium\selenium-opera-driver\3.11.0\selenium-opera-driver-3.11.0.jar
[DEBUG]  C:\Users\Ankit Tyagi\.m2\repository\org\seleniumhq\selenium\selenium-remote-driver\3.11.0\selenium-remote-driver-3.11.0.jar
[DEBUG]  C:\Users\Ankit Tyagi\.m2\repository\org\seleniumhq\selenium\selenium-safari-driver\3.11.0\selenium-safari-driver-3.11.0.jar
[DEBUG]  C:\Users\Ankit Tyagi\.m2\repository\org\seleniumhq\selenium\selenium-support\3.11.0\selenium-support-3.11.0.jar
[DEBUG]  C:\Users\Ankit Tyagi\.m2\repository\net\bytebuddy\byte-buddy\1.7.9\byte-buddy-1.7.9.jar
[DEBUG]  C:\Users\Ankit Tyagi\.m2\repository\org\apache\commons\commons-exec\1.3\commons-exec-1.3.jar
[DEBUG]  C:\Users\Ankit Tyagi\.m2\repository\commons-codec\commons-codec\1.10\commons-codec-1.10.jar
[DEBUG]  C:\Users\Ankit Tyagi\.m2\repository\commons-logging\commons-logging\1.2\commons-logging-1.2.jar
[DEBUG]  C:\Users\Ankit Tyagi\.m2\repository\com\google\code\gson\gson\2.8.2\gson-2.8.2.jar
[DEBUG]  C:\Users\Ankit Tyagi\.m2\repository\com\google\guava\guava\23.6-jre\guava-23.6-jre.jar
[DEBUG]  C:\Users\Ankit Tyagi\.m2\repository\com\google\code\findbugs\jsr305\1.3.9\jsr305-1.3.9.jar
[DEBUG]  C:\Users\Ankit Tyagi\.m2\repository\org\checkerframework\checker-compat-qual\2.0.0\checker-compat-qual-2.0.0.jar
[DEBUG]  C:\Users\Ankit Tyagi\.m2\repository\com\google\errorprone\error_prone_annotations\2.1.3\error_prone_annotations-2.1.3.jar
[DEBUG]  C:\Users\Ankit Tyagi\.m2\repository\com\google\j2objc\j2objc-annotations\1.1\j2objc-annotations-1.1.jar
[DEBUG]  C:\Users\Ankit Tyagi\.m2\repository\org\codehaus\mojo\animal-sniffer-annotations\1.14\animal-sniffer-annotations-1.14.jar
[DEBUG]  C:\Users\Ankit Tyagi\.m2\repository\org\apache\httpcomponents\httpclient\4.5.3\httpclient-4.5.3.jar
[DEBUG]  C:\Users\Ankit Tyagi\.m2\repository\org\apache\httpcomponents\httpcore\4.4.6\httpcore-4.4.6.jar
[DEBUG]  C:\Users\Ankit Tyagi\.m2\repository\com\squareup\okhttp3\okhttp\3.9.1\okhttp-3.9.1.jar
[DEBUG]  C:\Users\Ankit Tyagi\.m2\repository\com\squareup\okio\okio\1.13.0\okio-1.13.0.jar
[DEBUG]  C:\Users\Ankit Tyagi\.m2\repository\org\testng\testng\6.11\testng-6.11.jar
[DEBUG]  C:\Users\Ankit Tyagi\.m2\repository\com\beust\jcommander\1.64\jcommander-1.64.jar
[DEBUG]  C:\Users\Ankit Tyagi\.m2\repository\org\yaml\snakeyaml\1.17\snakeyaml-1.17.jar
[DEBUG]  C:\Users\Ankit Tyagi\.m2\repository\log4j\log4j\1.2.17\log4j-1.2.17.jar
[DEBUG]  C:\Users\Ankit Tyagi\.m2\repository\org\apache\poi\poi\3.17\poi-3.17.jar
[DEBUG]  C:\Users\Ankit Tyagi\.m2\repository\org\apache\commons\commons-collections4\4.1\commons-collections4-4.1.jar
[DEBUG]  C:\Users\Ankit Tyagi\.m2\repository\org\apache\poi\poi-examples\3.17\poi-examples-3.17.jar
[DEBUG]  C:\Users\Ankit Tyagi\.m2\repository\org\apache\poi\poi-excelant\3.17\poi-excelant-3.17.jar
[DEBUG]  C:\Users\Ankit Tyagi\.m2\repository\org\apache\ant\ant\1.8.2\ant-1.8.2.jar
[DEBUG]  C:\Users\Ankit Tyagi\.m2\repository\org\apache\ant\ant-launcher\1.8.2\ant-launcher-1.8.2.jar
[DEBUG]  C:\Users\Ankit Tyagi\.m2\repository\org\apache\poi\poi-ooxml\3.17\poi-ooxml-3.17.jar
[DEBUG]  C:\Users\Ankit Tyagi\.m2\repository\org\apache\poi\poi-ooxml-schemas\3.17\poi-ooxml-schemas-3.17.jar
[DEBUG]  C:\Users\Ankit Tyagi\.m2\repository\com\github\virtuald\curvesapi\1.04\curvesapi-1.04.jar
[DEBUG]  C:\Users\Ankit Tyagi\.m2\repository\org\apache\poi\poi-scratchpad\3.17\poi-scratchpad-3.17.jar
[DEBUG]  C:\Users\Ankit Tyagi\.m2\repository\org\apache\poi\ooxml-schemas\1.1\ooxml-schemas-1.1.jar
[DEBUG]  C:\Users\Ankit Tyagi\.m2\repository\org\apache\xmlbeans\xmlbeans\2.3.0\xmlbeans-2.3.0.jar
[DEBUG]  C:\Users\Ankit Tyagi\.m2\repository\stax\stax-api\1.0.1\stax-api-1.0.1.jar
[DEBUG] Source roots:
[DEBUG]  D:\FreeCRM\FreeCRM\src\main\java
[DEBUG] Command line options:
[DEBUG] -d D:\FreeCRM\FreeCRM\target\classes -classpath D:\FreeCRM\FreeCRM\target\classes;C:\Users\Ankit Tyagi\.m2\repository\org\seleniumhq\selenium\selenium-java\3.11.0\selenium-java-3.11.0.jar;C:\Users\Ankit Tyagi\.m2\repository\org\seleniumhq\selenium\selenium-api\3.11.0\selenium-api-3.11.0.jar;C:\Users\Ankit Tyagi\.m2\repository\org\seleniumhq\selenium\selenium-chrome-driver\3.11.0\selenium-chrome-driver-3.11.0.jar;C:\Users\Ankit Tyagi\.m2\repository\org\seleniumhq\selenium\selenium-edge-driver\3.11.0\selenium-edge-driver-3.11.0.jar;C:\Users\Ankit Tyagi\.m2\repository\org\seleniumhq\selenium\selenium-firefox-driver\3.11.0\selenium-firefox-driver-3.11.0.jar;C:\Users\Ankit Tyagi\.m2\repository\org\seleniumhq\selenium\selenium-ie-driver\3.11.0\selenium-ie-driver-3.11.0.jar;C:\Users\Ankit Tyagi\.m2\repository\org\seleniumhq\selenium\selenium-opera-driver\3.11.0\selenium-opera-driver-3.11.0.jar;C:\Users\Ankit Tyagi\.m2\repository\org\seleniumhq\selenium\selenium-remote-driver\3.11.0\selenium-remote-driver-3.11.0.jar;C:\Users\Ankit Tyagi\.m2\repository\org\seleniumhq\selenium\selenium-safari-driver\3.11.0\selenium-safari-driver-3.11.0.jar;C:\Users\Ankit Tyagi\.m2\repository\org\seleniumhq\selenium\selenium-support\3.11.0\selenium-support-3.11.0.jar;C:\Users\Ankit Tyagi\.m2\repository\net\bytebuddy\byte-buddy\1.7.9\byte-buddy-1.7.9.jar;C:\Users\Ankit Tyagi\.m2\repository\org\apache\commons\commons-exec\1.3\commons-exec-1.3.jar;C:\Users\Ankit Tyagi\.m2\repository\commons-codec\commons-codec\1.10\commons-codec-1.10.jar;C:\Users\Ankit Tyagi\.m2\repository\commons-logging\commons-logging\1.2\commons-logging-1.2.jar;C:\Users\Ankit Tyagi\.m2\repository\com\google\code\gson\gson\2.8.2\gson-2.8.2.jar;C:\Users\Ankit Tyagi\.m2\repository\com\google\guava\guava\23.6-jre\guava-23.6-jre.jar;C:\Users\Ankit Tyagi\.m2\repository\com\google\code\findbugs\jsr305\1.3.9\jsr305-1.3.9.jar;C:\Users\Ankit Tyagi\.m2\repository\org\checkerframework\checker-compat-qual\2.0.0\checker-compat-qual-2.0.0.jar;C:\Users\Ankit Tyagi\.m2\repository\com\google\errorprone\error_prone_annotations\2.1.3\error_prone_annotations-2.1.3.jar;C:\Users\Ankit Tyagi\.m2\repository\com\google\j2objc\j2objc-annotations\1.1\j2objc-annotations-1.1.jar;C:\Users\Ankit Tyagi\.m2\repository\org\codehaus\mojo\animal-sniffer-annotations\1.14\animal-sniffer-annotations-1.14.jar;C:\Users\Ankit Tyagi\.m2\repository\org\apache\httpcomponents\httpclient\4.5.3\httpclient-4.5.3.jar;C:\Users\Ankit Tyagi\.m2\repository\org\apache\httpcomponents\httpcore\4.4.6\httpcore-4.4.6.jar;C:\Users\Ankit Tyagi\.m2\repository\com\squareup\okhttp3\okhttp\3.9.1\okhttp-3.9.1.jar;C:\Users\Ankit Tyagi\.m2\repository\com\squareup\okio\okio\1.13.0\okio-1.13.0.jar;C:\Users\Ankit Tyagi\.m2\repository\org\testng\testng\6.11\testng-6.11.jar;C:\Users\Ankit Tyagi\.m2\repository\com\beust\jcommander\1.64\jcommander-1.64.jar;C:\Users\Ankit Tyagi\.m2\repository\org\yaml\snakeyaml\1.17\snakeyaml-1.17.jar;C:\Users\Ankit Tyagi\.m2\repository\log4j\log4j\1.2.17\log4j-1.2.17.jar;C:\Users\Ankit Tyagi\.m2\repository\org\apache\poi\poi\3.17\poi-3.17.jar;C:\Users\Ankit Tyagi\.m2\repository\org\apache\commons\commons-collections4\4.1\commons-collections4-4.1.jar;C:\Users\Ankit Tyagi\.m2\repository\org\apache\poi\poi-examples\3.17\poi-examples-3.17.jar;C:\Users\Ankit Tyagi\.m2\repository\org\apache\poi\poi-excelant\3.17\poi-excelant-3.17.jar;C:\Users\Ankit Tyagi\.m2\repository\org\apache\ant\ant\1.8.2\ant-1.8.2.jar;C:\Users\Ankit Tyagi\.m2\repository\org\apache\ant\ant-launcher\1.8.2\ant-launcher-1.8.2.jar;C:\Users\Ankit Tyagi\.m2\repository\org\apache\poi\poi-ooxml\3.17\poi-ooxml-3.17.jar;C:\Users\Ankit Tyagi\.m2\repository\org\apache\poi\poi-ooxml-schemas\3.17\poi-ooxml-schemas-3.17.jar;C:\Users\Ankit Tyagi\.m2\repository\com\github\virtuald\curvesapi\1.04\curvesapi-1.04.jar;C:\Users\Ankit Tyagi\.m2\repository\org\apache\poi\poi-scratchpad\3.17\poi-scratchpad-3.17.jar;C:\Users\Ankit Tyagi\.m2\repository\org\apache\poi\ooxml-schemas\1.1\ooxml-schemas-1.1.jar;C:\Users\Ankit Tyagi\.m2\repository\org\apache\xmlbeans\xmlbeans\2.3.0\xmlbeans-2.3.0.jar;C:\Users\Ankit Tyagi\.m2\repository\stax\stax-api\1.0.1\stax-api-1.0.1.jar; -sourcepath D:\FreeCRM\FreeCRM\src\main\java; -g -nowarn -target 1.5 -source 1.5
[WARNING] File encoding has not been set, using platform encoding Cp1252, i.e. build is platform dependent!
[DEBUG] incrementalBuildHelper#beforeRebuildExecution
[INFO] Compiling 9 source files to D:\FreeCRM\FreeCRM\target\classes
[DEBUG] incrementalBuildHelper#afterRebuildExecution
[WARNING] /D:/FreeCRM/FreeCRM/src/main/java/com/crm/util/Xls_Reader.java: D:\FreeCRM\FreeCRM\src\main\java\com\crm\util\Xls_Reader.java uses or overrides a deprecated API.
[WARNING] /D:/FreeCRM/FreeCRM/src/main/java/com/crm/util/Xls_Reader.java: Recompile with -Xlint:deprecation for details.
[INFO] 
[INFO] --- maven-resources-plugin:2.6:resources (default-resources) @ FreeCRM ---
[DEBUG] Configuring mojo org.apache.maven.plugins:maven-resources-plugin:2.6:resources from plugin realm ClassRealm[plugin>org.apache.maven.plugins:maven-resources-plugin:2.6, parent: sun.misc.Launcher$AppClassLoader@5c647e05]
[DEBUG] Configuring mojo 'org.apache.maven.plugins:maven-resources-plugin:2.6:resources' with basic configurator -->
[DEBUG]   (f) buildFilters = []
[DEBUG]   (f) escapeWindowsPaths = true
[DEBUG]   (s) includeEmptyDirs = false
[DEBUG]   (s) outputDirectory = D:\FreeCRM\FreeCRM\target\classes
[DEBUG]   (s) overwrite = false
[DEBUG]   (f) project = MavenProject: FreeCrmAutomation:FreeCRM:0.0.1-SNAPSHOT @ D:\FreeCRM\FreeCRM\pom.xml
[DEBUG]   (s) resources = [Resource {targetPath: null, filtering: false, FileSet {directory: D:\FreeCRM\FreeCRM\src\main\resources, PatternSet [includes: {}, excludes: {}]}}]
[DEBUG]   (f) session = org.apache.maven.execution.MavenSession@29d2d081
[DEBUG]   (f) supportMultiLineFiltering = false
[DEBUG]   (f) useBuildFilters = true
[DEBUG]   (s) useDefaultDelimiters = true
[DEBUG] -- end configuration --
[DEBUG] properties used {java.vendor=Oracle Corporation, env.SYSTEMROOT=C:\Windows, sun.java.launcher=SUN_STANDARD, sun.management.compiler=HotSpot 64-Bit Tiered Compilers, env.PROMPT=$P$G, env.WDIR=D:\, os.name=Windows 7, env.FP_NO_HOST_CHECK=NO, sun.boot.class.path=C:\Program Files\Java\jdk1.8.0_144\jre\lib\resources.jar;C:\Program Files\Java\jdk1.8.0_144\jre\lib\rt.jar;C:\Program Files\Java\jdk1.8.0_144\jre\lib\sunrsasign.jar;C:\Program Files\Java\jdk1.8.0_144\jre\lib\jsse.jar;C:\Program Files\Java\jdk1.8.0_144\jre\lib\jce.jar;C:\Program Files\Java\jdk1.8.0_144\jre\lib\charsets.jar;C:\Program Files\Java\jdk1.8.0_144\jre\lib\jfr.jar;C:\Program Files\Java\jdk1.8.0_144\jre\classes, env.COMPUTERNAME=ANKITTYAGI-PC, env.ALLUSERSPROFILE=C:\ProgramData, sun.desktop=windows, env.PY_HOME=C:\Python27, java.vm.specification.vendor=Oracle Corporation, java.runtime.version=1.8.0_144-b01, env.HOMEPATH=\Users\Ankit Tyagi, user.name=Ankit Tyagi, maven.build.version=Apache Maven 3.5.4 (1edded0938998edf8bf061f1ceb3cfdeccf443fe; 2018-06-18T00:03:14+05:30), env.WINDOWS_TRACING_FLAGS=3, env.PATH=C:\Program Files\Java\jdk1.8.0_144\bin;C:\Program Files\Java\jdk1.8.0_144\bin;C:\Program Files\Java\jdk1.8.0_144\bin;C:\Windows\System32;C:\Program Files (x86)\Skype\Phone\;C:\Program Files\nodejs\;C:\Program Files\Git\cmd;C:\Drivers\chromedriver\chromedriver.exe\;C:\Users\Ankit Tyagi\AppData\Local\Android\Sdk;C:\Program Files (x86)\Skype\Phone\;C:\Program Files\nodejs\;C:\Program Files\Git\cmd;C:\Drivers\chromedriver\chromedriver.exe\;C:\Users\Ankit Tyagi\AppData\Local\Android\Sdk;C:\Program Files (x86)\Skype\Phone\;C:\Program Files\nodejs\;C:\Program Files\Git\cmd;C:\Drivers\chromedriver\chromedriver.exe\;C:\Users\Ankit Tyagi\AppData\Local\Android\Sdk;C:\Users\Ankit Tyagi\AppData\Roaming\npm;C:\Program Files\Microsoft VS Code\bin;C:\apache-maven-3.5.4\bin\mvn, user.language=en, env.JVMCONFIG=\.mvn\jvm.config, env.WINDIR=C:\Windows, sun.boot.library.path=C:\Program Files\Java\jdk1.8.0_144\jre\bin, classworlds.conf=C:\apache-maven-3.5.4\bin\..\bin\m2.conf, java.version=1.8.0_144, env.PROCESSOR_IDENTIFIER=Intel64 Family 6 Model 42 Stepping 7, GenuineIntel, user.timezone=, env.TEMP=C:\Users\ANKITT~1\AppData\Local\Temp, sun.arch.data.model=64, env.EXEC_DIR=D:\FreeCRM\FreeCRM, env.WINDOWS_TRACING_LOGFILE=C:\BVTBin\Tests\installpackage\csilogfile.log, java.endorsed.dirs=C:\Program Files\Java\jdk1.8.0_144\jre\lib\endorsed, sun.cpu.isalist=amd64, env.HOMEDRIVE=C:, sun.jnu.encoding=Cp1252, file.encoding.pkg=sun.io, env.SYSTEMDRIVE=C:, file.separator=\, java.specification.name=Java Platform API Specification, maven.conf=C:\apache-maven-3.5.4\bin\../conf, env.JAVACMD=C:\Program Files\Java\jdk1.8.0_144\bin\java.exe, java.class.version=52.0, user.country=US, java.home=C:\Program Files\Java\jdk1.8.0_144\jre, env.APPDATA=C:\Users\Ankit Tyagi\AppData\Roaming, env.PUBLIC=C:\Users\Public, java.vm.info=mixed mode, env.OS=Windows_NT, os.version=6.1, env.=::=::\, path.separator=;, java.vm.version=25.144-b01, user.variant=, env.USERPROFILE=C:\Users\Ankit Tyagi, java.awt.printerjob=sun.awt.windows.WPrinterJob, env.TMP=C:\Users\ANKITT~1\AppData\Local\Temp, env.PROGRAMFILES=C:\Program Files, sun.io.unicode.encoding=UnicodeLittle, awt.toolkit=sun.awt.windows.WToolkit, user.script=, user.home=C:\Users\Ankit Tyagi, env.COMMONPROGRAMFILES=C:\Program Files\Common Files, env.SESSIONNAME=Console, java.specification.vendor=Oracle Corporation, env.NUMBER_OF_PROCESSORS=4, library.jansi.path=C:\apache-maven-3.5.4\bin\..\lib\jansi-native, java.library.path=C:\Program Files\Java\jdk1.8.0_144\bin;C:\Windows\Sun\Java\bin;C:\Windows\system32;C:\Windows;C:\Program Files\Java\jdk1.8.0_144\bin;C:\Program Files\Java\jdk1.8.0_144\bin;C:\Program Files\Java\jdk1.8.0_144\bin;C:\Windows\System32;C:\Program Files (x86)\Skype\Phone\;C:\Program Files\nodejs\;C:\Program Files\Git\cmd;C:\Drivers\chromedriver\chromedriver.exe\;C:\Users\Ankit Tyagi\AppData\Local\Android\Sdk;C:\Program Files (x86)\Skype\Phone\;C:\Program Files\nodejs\;C:\Program Files\Git\cmd;C:\Drivers\chromedriver\chromedriver.exe\;C:\Users\Ankit Tyagi\AppData\Local\Android\Sdk;C:\Program Files (x86)\Skype\Phone\;C:\Program Files\nodejs\;C:\Program Files\Git\cmd;C:\Drivers\chromedriver\chromedriver.exe\;C:\Users\Ankit Tyagi\AppData\Local\Android\Sdk;C:\Users\Ankit Tyagi\AppData\Roaming\npm;C:\Program Files\Microsoft VS Code\bin;C:\apache-maven-3.5.4\bin\mvn;., java.vendor.url=http://java.oracle.com/, env.PSMODULEPATH=C:\Windows\system32\WindowsPowerShell\v1.0\Modules\, env.COMMONPROGRAMFILES(X86)=C:\Program Files (x86)\Common Files, env.CLASSWORLDS_LAUNCHER=org.codehaus.plexus.classworlds.launcher.Launcher, env.MAVEN_CMD_LINE_ARGS=clean compile test -X, java.vm.vendor=Oracle Corporation, maven.home=C:\apache-maven-3.5.4\bin\.., java.runtime.name=Java(TM) SE Runtime Environment, sun.java.command=org.codehaus.plexus.classworlds.launcher.Launcher clean compile test -X, java.class.path=C:\apache-maven-3.5.4\bin\..\boot\plexus-classworlds-2.5.2.jar, env.PROGRAMW6432=C:\Program Files, env.WEBDRIVER.CHROME.DRIVER=D:\\chromedriver-win64\\chromedriver\\chromedriver.exe, maven.version=3.5.4, env.PROGRAMFILES(X86)=C:\Program Files (x86), java.vm.specification.name=Java Virtual Machine Specification, env.LOGONSERVER=\\ANKITTYAGI-PC, java.vm.specification.version=1.8, env.PROCESSOR_ARCHITECTURE=AMD64, env.COMMONPROGRAMW6432=C:\Program Files\Common Files, sun.cpu.endian=little, sun.os.patch.level=Service Pack 1, java.io.tmpdir=C:\Users\ANKITT~1\AppData\Local\Temp\, env.PROCESSOR_REVISION=2a07, java.vendor.url.bug=http://bugreport.sun.com/bugreport/, maven.multiModuleProjectDirectory=D:\FreeCRM\FreeCRM, env.PROGRAMDATA=C:\ProgramData, env.COMSPEC=C:\Windows\system32\cmd.exe, os.arch=amd64, java.awt.graphicsenv=sun.awt.Win32GraphicsEnvironment, java.ext.dirs=C:\Program Files\Java\jdk1.8.0_144\jre\lib\ext;C:\Windows\Sun\Java\lib\ext, env.=D:=D:\FreeCRM\FreeCRM, env.MAVEN_HOME=C:\apache-maven-3.5.4\bin\.., env.LOCALAPPDATA=C:\Users\Ankit Tyagi\AppData\Local, user.dir=D:\FreeCRM\FreeCRM, line.separator=
, env.CLASSWORLDS_JAR="C:\apache-maven-3.5.4\bin\..\boot\plexus-classworlds-2.5.2.jar", java.vm.name=Java HotSpot(TM) 64-Bit Server VM, env.PATHEXT=.COM;.EXE;.BAT;.CMD;.VBS;.VBE;.JS;.JSE;.WSF;.WSH;.MSC, env.ERROR_CODE=0, env.USERNAME=Ankit Tyagi, sun.stderr.encoding=cp437, file.encoding=Cp1252, env.USERDOMAIN=AnkitTyagi-PC, java.specification.version=1.8, env.=C:=C:\Users\Ankit Tyagi\Desktop, env.PROCESSOR_LEVEL=6, env.MAVEN_PROJECTBASEDIR=D:\FreeCRM\FreeCRM}
[WARNING] Using platform encoding (Cp1252 actually) to copy filtered resources, i.e. build is platform dependent!
[DEBUG] resource with targetPath null
directory D:\FreeCRM\FreeCRM\src\main\resources
excludes []
includes []
[INFO] skip non existing resourceDirectory D:\FreeCRM\FreeCRM\src\main\resources
[DEBUG] no use filter components
[INFO] 
[INFO] --- maven-compiler-plugin:3.1:compile (default-compile) @ FreeCRM ---
[DEBUG] Configuring mojo org.apache.maven.plugins:maven-compiler-plugin:3.1:compile from plugin realm ClassRealm[plugin>org.apache.maven.plugins:maven-compiler-plugin:3.1, parent: sun.misc.Launcher$AppClassLoader@5c647e05]
[DEBUG] Configuring mojo 'org.apache.maven.plugins:maven-compiler-plugin:3.1:compile' with basic configurator -->
[DEBUG]   (f) basedir = D:\FreeCRM\FreeCRM
[DEBUG]   (f) buildDirectory = D:\FreeCRM\FreeCRM\target
[DEBUG]   (f) classpathElements = [D:\FreeCRM\FreeCRM\target\classes, C:\Users\Ankit Tyagi\.m2\repository\org\seleniumhq\selenium\selenium-java\3.11.0\selenium-java-3.11.0.jar, C:\Users\Ankit Tyagi\.m2\repository\org\seleniumhq\selenium\selenium-api\3.11.0\selenium-api-3.11.0.jar, C:\Users\Ankit Tyagi\.m2\repository\org\seleniumhq\selenium\selenium-chrome-driver\3.11.0\selenium-chrome-driver-3.11.0.jar, C:\Users\Ankit Tyagi\.m2\repository\org\seleniumhq\selenium\selenium-edge-driver\3.11.0\selenium-edge-driver-3.11.0.jar, C:\Users\Ankit Tyagi\.m2\repository\org\seleniumhq\selenium\selenium-firefox-driver\3.11.0\selenium-firefox-driver-3.11.0.jar, C:\Users\Ankit Tyagi\.m2\repository\org\seleniumhq\selenium\selenium-ie-driver\3.11.0\selenium-ie-driver-3.11.0.jar, C:\Users\Ankit Tyagi\.m2\repository\org\seleniumhq\selenium\selenium-opera-driver\3.11.0\selenium-opera-driver-3.11.0.jar, C:\Users\Ankit Tyagi\.m2\repository\org\seleniumhq\selenium\selenium-remote-driver\3.11.0\selenium-remote-driver-3.11.0.jar, C:\Users\Ankit Tyagi\.m2\repository\org\seleniumhq\selenium\selenium-safari-driver\3.11.0\selenium-safari-driver-3.11.0.jar, C:\Users\Ankit Tyagi\.m2\repository\org\seleniumhq\selenium\selenium-support\3.11.0\selenium-support-3.11.0.jar, C:\Users\Ankit Tyagi\.m2\repository\net\bytebuddy\byte-buddy\1.7.9\byte-buddy-1.7.9.jar, C:\Users\Ankit Tyagi\.m2\repository\org\apache\commons\commons-exec\1.3\commons-exec-1.3.jar, C:\Users\Ankit Tyagi\.m2\repository\commons-codec\commons-codec\1.10\commons-codec-1.10.jar, C:\Users\Ankit Tyagi\.m2\repository\commons-logging\commons-logging\1.2\commons-logging-1.2.jar, C:\Users\Ankit Tyagi\.m2\repository\com\google\code\gson\gson\2.8.2\gson-2.8.2.jar, C:\Users\Ankit Tyagi\.m2\repository\com\google\guava\guava\23.6-jre\guava-23.6-jre.jar, C:\Users\Ankit Tyagi\.m2\repository\com\google\code\findbugs\jsr305\1.3.9\jsr305-1.3.9.jar, C:\Users\Ankit Tyagi\.m2\repository\org\checkerframework\checker-compat-qual\2.0.0\checker-compat-qual-2.0.0.jar, C:\Users\Ankit Tyagi\.m2\repository\com\google\errorprone\error_prone_annotations\2.1.3\error_prone_annotations-2.1.3.jar, C:\Users\Ankit Tyagi\.m2\repository\com\google\j2objc\j2objc-annotations\1.1\j2objc-annotations-1.1.jar, C:\Users\Ankit Tyagi\.m2\repository\org\codehaus\mojo\animal-sniffer-annotations\1.14\animal-sniffer-annotations-1.14.jar, C:\Users\Ankit Tyagi\.m2\repository\org\apache\httpcomponents\httpclient\4.5.3\httpclient-4.5.3.jar, C:\Users\Ankit Tyagi\.m2\repository\org\apache\httpcomponents\httpcore\4.4.6\httpcore-4.4.6.jar, C:\Users\Ankit Tyagi\.m2\repository\com\squareup\okhttp3\okhttp\3.9.1\okhttp-3.9.1.jar, C:\Users\Ankit Tyagi\.m2\repository\com\squareup\okio\okio\1.13.0\okio-1.13.0.jar, C:\Users\Ankit Tyagi\.m2\repository\org\testng\testng\6.11\testng-6.11.jar, C:\Users\Ankit Tyagi\.m2\repository\com\beust\jcommander\1.64\jcommander-1.64.jar, C:\Users\Ankit Tyagi\.m2\repository\org\yaml\snakeyaml\1.17\snakeyaml-1.17.jar, C:\Users\Ankit Tyagi\.m2\repository\log4j\log4j\1.2.17\log4j-1.2.17.jar, C:\Users\Ankit Tyagi\.m2\repository\org\apache\poi\poi\3.17\poi-3.17.jar, C:\Users\Ankit Tyagi\.m2\repository\org\apache\commons\commons-collections4\4.1\commons-collections4-4.1.jar, C:\Users\Ankit Tyagi\.m2\repository\org\apache\poi\poi-examples\3.17\poi-examples-3.17.jar, C:\Users\Ankit Tyagi\.m2\repository\org\apache\poi\poi-excelant\3.17\poi-excelant-3.17.jar, C:\Users\Ankit Tyagi\.m2\repository\org\apache\ant\ant\1.8.2\ant-1.8.2.jar, C:\Users\Ankit Tyagi\.m2\repository\org\apache\ant\ant-launcher\1.8.2\ant-launcher-1.8.2.jar, C:\Users\Ankit Tyagi\.m2\repository\org\apache\poi\poi-ooxml\3.17\poi-ooxml-3.17.jar, C:\Users\Ankit Tyagi\.m2\repository\org\apache\poi\poi-ooxml-schemas\3.17\poi-ooxml-schemas-3.17.jar, C:\Users\Ankit Tyagi\.m2\repository\com\github\virtuald\curvesapi\1.04\curvesapi-1.04.jar, C:\Users\Ankit Tyagi\.m2\repository\org\apache\poi\poi-scratchpad\3.17\poi-scratchpad-3.17.jar, C:\Users\Ankit Tyagi\.m2\repository\org\apache\poi\ooxml-schemas\1.1\ooxml-schemas-1.1.jar, C:\Users\Ankit Tyagi\.m2\repository\org\apache\xmlbeans\xmlbeans\2.3.0\xmlbeans-2.3.0.jar, C:\Users\Ankit Tyagi\.m2\repository\stax\stax-api\1.0.1\stax-api-1.0.1.jar]
[DEBUG]   (f) compileSourceRoots = [D:\FreeCRM\FreeCRM\src\main\java]
[DEBUG]   (f) compilerId = javac
[DEBUG]   (f) debug = true
[DEBUG]   (f) failOnError = true
[DEBUG]   (f) forceJavacCompilerUse = false
[DEBUG]   (f) fork = false
[DEBUG]   (f) generatedSourcesDirectory = D:\FreeCRM\FreeCRM\target\generated-sources\annotations
[DEBUG]   (f) mojoExecution = org.apache.maven.plugins:maven-compiler-plugin:3.1:compile {execution: default-compile}
[DEBUG]   (f) optimize = false
[DEBUG]   (f) outputDirectory = D:\FreeCRM\FreeCRM\target\classes
[DEBUG]   (f) projectArtifact = FreeCrmAutomation:FreeCRM:jar:0.0.1-SNAPSHOT
[DEBUG]   (f) showDeprecation = false
[DEBUG]   (f) showWarnings = false
[DEBUG]   (f) skipMultiThreadWarning = false
[DEBUG]   (f) source = 1.5
[DEBUG]   (f) staleMillis = 0
[DEBUG]   (f) target = 1.5
[DEBUG]   (f) useIncrementalCompilation = true
[DEBUG]   (f) verbose = false
[DEBUG]   (f) mavenSession = org.apache.maven.execution.MavenSession@29d2d081
[DEBUG]   (f) session = org.apache.maven.execution.MavenSession@29d2d081
[DEBUG] -- end configuration --
[DEBUG] Using compiler 'javac'.
[DEBUG] Source directories: [D:\FreeCRM\FreeCRM\src\main\java]
[DEBUG] Classpath: [D:\FreeCRM\FreeCRM\target\classes
 C:\Users\Ankit Tyagi\.m2\repository\org\seleniumhq\selenium\selenium-java\3.11.0\selenium-java-3.11.0.jar
 C:\Users\Ankit Tyagi\.m2\repository\org\seleniumhq\selenium\selenium-api\3.11.0\selenium-api-3.11.0.jar
 C:\Users\Ankit Tyagi\.m2\repository\org\seleniumhq\selenium\selenium-chrome-driver\3.11.0\selenium-chrome-driver-3.11.0.jar
 C:\Users\Ankit Tyagi\.m2\repository\org\seleniumhq\selenium\selenium-edge-driver\3.11.0\selenium-edge-driver-3.11.0.jar
 C:\Users\Ankit Tyagi\.m2\repository\org\seleniumhq\selenium\selenium-firefox-driver\3.11.0\selenium-firefox-driver-3.11.0.jar
 C:\Users\Ankit Tyagi\.m2\repository\org\seleniumhq\selenium\selenium-ie-driver\3.11.0\selenium-ie-driver-3.11.0.jar
 C:\Users\Ankit Tyagi\.m2\repository\org\seleniumhq\selenium\selenium-opera-driver\3.11.0\selenium-opera-driver-3.11.0.jar
 C:\Users\Ankit Tyagi\.m2\repository\org\seleniumhq\selenium\selenium-remote-driver\3.11.0\selenium-remote-driver-3.11.0.jar
 C:\Users\Ankit Tyagi\.m2\repository\org\seleniumhq\selenium\selenium-safari-driver\3.11.0\selenium-safari-driver-3.11.0.jar
 C:\Users\Ankit Tyagi\.m2\repository\org\seleniumhq\selenium\selenium-support\3.11.0\selenium-support-3.11.0.jar
 C:\Users\Ankit Tyagi\.m2\repository\net\bytebuddy\byte-buddy\1.7.9\byte-buddy-1.7.9.jar
 C:\Users\Ankit Tyagi\.m2\repository\org\apache\commons\commons-exec\1.3\commons-exec-1.3.jar
 C:\Users\Ankit Tyagi\.m2\repository\commons-codec\commons-codec\1.10\commons-codec-1.10.jar
 C:\Users\Ankit Tyagi\.m2\repository\commons-logging\commons-logging\1.2\commons-logging-1.2.jar
 C:\Users\Ankit Tyagi\.m2\repository\com\google\code\gson\gson\2.8.2\gson-2.8.2.jar
 C:\Users\Ankit Tyagi\.m2\repository\com\google\guava\guava\23.6-jre\guava-23.6-jre.jar
 C:\Users\Ankit Tyagi\.m2\repository\com\google\code\findbugs\jsr305\1.3.9\jsr305-1.3.9.jar
 C:\Users\Ankit Tyagi\.m2\repository\org\checkerframework\checker-compat-qual\2.0.0\checker-compat-qual-2.0.0.jar
 C:\Users\Ankit Tyagi\.m2\repository\com\google\errorprone\error_prone_annotations\2.1.3\error_prone_annotations-2.1.3.jar
 C:\Users\Ankit Tyagi\.m2\repository\com\google\j2objc\j2objc-annotations\1.1\j2objc-annotations-1.1.jar
 C:\Users\Ankit Tyagi\.m2\repository\org\codehaus\mojo\animal-sniffer-annotations\1.14\animal-sniffer-annotations-1.14.jar
 C:\Users\Ankit Tyagi\.m2\repository\org\apache\httpcomponents\httpclient\4.5.3\httpclient-4.5.3.jar
 C:\Users\Ankit Tyagi\.m2\repository\org\apache\httpcomponents\httpcore\4.4.6\httpcore-4.4.6.jar
 C:\Users\Ankit Tyagi\.m2\repository\com\squareup\okhttp3\okhttp\3.9.1\okhttp-3.9.1.jar
 C:\Users\Ankit Tyagi\.m2\repository\com\squareup\okio\okio\1.13.0\okio-1.13.0.jar
 C:\Users\Ankit Tyagi\.m2\repository\org\testng\testng\6.11\testng-6.11.jar
 C:\Users\Ankit Tyagi\.m2\repository\com\beust\jcommander\1.64\jcommander-1.64.jar
 C:\Users\Ankit Tyagi\.m2\repository\org\yaml\snakeyaml\1.17\snakeyaml-1.17.jar
 C:\Users\Ankit Tyagi\.m2\repository\log4j\log4j\1.2.17\log4j-1.2.17.jar
 C:\Users\Ankit Tyagi\.m2\repository\org\apache\poi\poi\3.17\poi-3.17.jar
 C:\Users\Ankit Tyagi\.m2\repository\org\apache\commons\commons-collections4\4.1\commons-collections4-4.1.jar
 C:\Users\Ankit Tyagi\.m2\repository\org\apache\poi\poi-examples\3.17\poi-examples-3.17.jar
 C:\Users\Ankit Tyagi\.m2\repository\org\apache\poi\poi-excelant\3.17\poi-excelant-3.17.jar
 C:\Users\Ankit Tyagi\.m2\repository\org\apache\ant\ant\1.8.2\ant-1.8.2.jar
 C:\Users\Ankit Tyagi\.m2\repository\org\apache\ant\ant-launcher\1.8.2\ant-launcher-1.8.2.jar
 C:\Users\Ankit Tyagi\.m2\repository\org\apache\poi\poi-ooxml\3.17\poi-ooxml-3.17.jar
 C:\Users\Ankit Tyagi\.m2\repository\org\apache\poi\poi-ooxml-schemas\3.17\poi-ooxml-schemas-3.17.jar
 C:\Users\Ankit Tyagi\.m2\repository\com\github\virtuald\curvesapi\1.04\curvesapi-1.04.jar
 C:\Users\Ankit Tyagi\.m2\repository\org\apache\poi\poi-scratchpad\3.17\poi-scratchpad-3.17.jar
 C:\Users\Ankit Tyagi\.m2\repository\org\apache\poi\ooxml-schemas\1.1\ooxml-schemas-1.1.jar
 C:\Users\Ankit Tyagi\.m2\repository\org\apache\xmlbeans\xmlbeans\2.3.0\xmlbeans-2.3.0.jar
 C:\Users\Ankit Tyagi\.m2\repository\stax\stax-api\1.0.1\stax-api-1.0.1.jar]
[DEBUG] Output directory: D:\FreeCRM\FreeCRM\target\classes
[DEBUG] CompilerReuseStrategy: reuseCreated
[DEBUG] useIncrementalCompilation enabled
[INFO] Nothing to compile - all classes are up to date
[INFO] 
[INFO] --- maven-resources-plugin:2.6:testResources (default-testResources) @ FreeCRM ---
[DEBUG] Configuring mojo org.apache.maven.plugins:maven-resources-plugin:2.6:testResources from plugin realm ClassRealm[plugin>org.apache.maven.plugins:maven-resources-plugin:2.6, parent: sun.misc.Launcher$AppClassLoader@5c647e05]
[DEBUG] Configuring mojo 'org.apache.maven.plugins:maven-resources-plugin:2.6:testResources' with basic configurator -->
[DEBUG]   (f) buildFilters = []
[DEBUG]   (f) escapeWindowsPaths = true
[DEBUG]   (s) includeEmptyDirs = false
[DEBUG]   (s) outputDirectory = D:\FreeCRM\FreeCRM\target\test-classes
[DEBUG]   (s) overwrite = false
[DEBUG]   (f) project = MavenProject: FreeCrmAutomation:FreeCRM:0.0.1-SNAPSHOT @ D:\FreeCRM\FreeCRM\pom.xml
[DEBUG]   (s) resources = [Resource {targetPath: null, filtering: false, FileSet {directory: D:\FreeCRM\FreeCRM\src\test\resources, PatternSet [includes: {}, excludes: {}]}}]
[DEBUG]   (f) session = org.apache.maven.execution.MavenSession@29d2d081
[DEBUG]   (f) supportMultiLineFiltering = false
[DEBUG]   (f) useBuildFilters = true
[DEBUG]   (s) useDefaultDelimiters = true
[DEBUG] -- end configuration --
[DEBUG] properties used {java.vendor=Oracle Corporation, env.SYSTEMROOT=C:\Windows, sun.java.launcher=SUN_STANDARD, sun.management.compiler=HotSpot 64-Bit Tiered Compilers, env.PROMPT=$P$G, env.WDIR=D:\, os.name=Windows 7, env.FP_NO_HOST_CHECK=NO, sun.boot.class.path=C:\Program Files\Java\jdk1.8.0_144\jre\lib\resources.jar;C:\Program Files\Java\jdk1.8.0_144\jre\lib\rt.jar;C:\Program Files\Java\jdk1.8.0_144\jre\lib\sunrsasign.jar;C:\Program Files\Java\jdk1.8.0_144\jre\lib\jsse.jar;C:\Program Files\Java\jdk1.8.0_144\jre\lib\jce.jar;C:\Program Files\Java\jdk1.8.0_144\jre\lib\charsets.jar;C:\Program Files\Java\jdk1.8.0_144\jre\lib\jfr.jar;C:\Program Files\Java\jdk1.8.0_144\jre\classes, env.COMPUTERNAME=ANKITTYAGI-PC, env.ALLUSERSPROFILE=C:\ProgramData, sun.desktop=windows, env.PY_HOME=C:\Python27, java.vm.specification.vendor=Oracle Corporation, java.runtime.version=1.8.0_144-b01, env.HOMEPATH=\Users\Ankit Tyagi, user.name=Ankit Tyagi, maven.build.version=Apache Maven 3.5.4 (1edded0938998edf8bf061f1ceb3cfdeccf443fe; 2018-06-18T00:03:14+05:30), env.WINDOWS_TRACING_FLAGS=3, env.PATH=C:\Program Files\Java\jdk1.8.0_144\bin;C:\Program Files\Java\jdk1.8.0_144\bin;C:\Program Files\Java\jdk1.8.0_144\bin;C:\Windows\System32;C:\Program Files (x86)\Skype\Phone\;C:\Program Files\nodejs\;C:\Program Files\Git\cmd;C:\Drivers\chromedriver\chromedriver.exe\;C:\Users\Ankit Tyagi\AppData\Local\Android\Sdk;C:\Program Files (x86)\Skype\Phone\;C:\Program Files\nodejs\;C:\Program Files\Git\cmd;C:\Drivers\chromedriver\chromedriver.exe\;C:\Users\Ankit Tyagi\AppData\Local\Android\Sdk;C:\Program Files (x86)\Skype\Phone\;C:\Program Files\nodejs\;C:\Program Files\Git\cmd;C:\Drivers\chromedriver\chromedriver.exe\;C:\Users\Ankit Tyagi\AppData\Local\Android\Sdk;C:\Users\Ankit Tyagi\AppData\Roaming\npm;C:\Program Files\Microsoft VS Code\bin;C:\apache-maven-3.5.4\bin\mvn, user.language=en, env.JVMCONFIG=\.mvn\jvm.config, env.WINDIR=C:\Windows, sun.boot.library.path=C:\Program Files\Java\jdk1.8.0_144\jre\bin, classworlds.conf=C:\apache-maven-3.5.4\bin\..\bin\m2.conf, java.version=1.8.0_144, env.PROCESSOR_IDENTIFIER=Intel64 Family 6 Model 42 Stepping 7, GenuineIntel, user.timezone=, env.TEMP=C:\Users\ANKITT~1\AppData\Local\Temp, sun.arch.data.model=64, env.EXEC_DIR=D:\FreeCRM\FreeCRM, env.WINDOWS_TRACING_LOGFILE=C:\BVTBin\Tests\installpackage\csilogfile.log, java.endorsed.dirs=C:\Program Files\Java\jdk1.8.0_144\jre\lib\endorsed, sun.cpu.isalist=amd64, env.HOMEDRIVE=C:, sun.jnu.encoding=Cp1252, file.encoding.pkg=sun.io, env.SYSTEMDRIVE=C:, file.separator=\, java.specification.name=Java Platform API Specification, maven.conf=C:\apache-maven-3.5.4\bin\../conf, env.JAVACMD=C:\Program Files\Java\jdk1.8.0_144\bin\java.exe, java.class.version=52.0, user.country=US, java.home=C:\Program Files\Java\jdk1.8.0_144\jre, env.APPDATA=C:\Users\Ankit Tyagi\AppData\Roaming, env.PUBLIC=C:\Users\Public, java.vm.info=mixed mode, env.OS=Windows_NT, os.version=6.1, env.=::=::\, path.separator=;, java.vm.version=25.144-b01, user.variant=, env.USERPROFILE=C:\Users\Ankit Tyagi, java.awt.printerjob=sun.awt.windows.WPrinterJob, env.TMP=C:\Users\ANKITT~1\AppData\Local\Temp, env.PROGRAMFILES=C:\Program Files, sun.io.unicode.encoding=UnicodeLittle, awt.toolkit=sun.awt.windows.WToolkit, user.script=, user.home=C:\Users\Ankit Tyagi, env.COMMONPROGRAMFILES=C:\Program Files\Common Files, env.SESSIONNAME=Console, java.specification.vendor=Oracle Corporation, env.NUMBER_OF_PROCESSORS=4, library.jansi.path=C:\apache-maven-3.5.4\bin\..\lib\jansi-native, java.library.path=C:\Program Files\Java\jdk1.8.0_144\bin;C:\Windows\Sun\Java\bin;C:\Windows\system32;C:\Windows;C:\Program Files\Java\jdk1.8.0_144\bin;C:\Program Files\Java\jdk1.8.0_144\bin;C:\Program Files\Java\jdk1.8.0_144\bin;C:\Windows\System32;C:\Program Files (x86)\Skype\Phone\;C:\Program Files\nodejs\;C:\Program Files\Git\cmd;C:\Drivers\chromedriver\chromedriver.exe\;C:\Users\Ankit Tyagi\AppData\Local\Android\Sdk;C:\Program Files (x86)\Skype\Phone\;C:\Program Files\nodejs\;C:\Program Files\Git\cmd;C:\Drivers\chromedriver\chromedriver.exe\;C:\Users\Ankit Tyagi\AppData\Local\Android\Sdk;C:\Program Files (x86)\Skype\Phone\;C:\Program Files\nodejs\;C:\Program Files\Git\cmd;C:\Drivers\chromedriver\chromedriver.exe\;C:\Users\Ankit Tyagi\AppData\Local\Android\Sdk;C:\Users\Ankit Tyagi\AppData\Roaming\npm;C:\Program Files\Microsoft VS Code\bin;C:\apache-maven-3.5.4\bin\mvn;., java.vendor.url=http://java.oracle.com/, env.PSMODULEPATH=C:\Windows\system32\WindowsPowerShell\v1.0\Modules\, env.COMMONPROGRAMFILES(X86)=C:\Program Files (x86)\Common Files, env.CLASSWORLDS_LAUNCHER=org.codehaus.plexus.classworlds.launcher.Launcher, env.MAVEN_CMD_LINE_ARGS=clean compile test -X, java.vm.vendor=Oracle Corporation, maven.home=C:\apache-maven-3.5.4\bin\.., java.runtime.name=Java(TM) SE Runtime Environment, sun.java.command=org.codehaus.plexus.classworlds.launcher.Launcher clean compile test -X, java.class.path=C:\apache-maven-3.5.4\bin\..\boot\plexus-classworlds-2.5.2.jar, env.PROGRAMW6432=C:\Program Files, env.WEBDRIVER.CHROME.DRIVER=D:\\chromedriver-win64\\chromedriver\\chromedriver.exe, maven.version=3.5.4, env.PROGRAMFILES(X86)=C:\Program Files (x86), java.vm.specification.name=Java Virtual Machine Specification, env.LOGONSERVER=\\ANKITTYAGI-PC, java.vm.specification.version=1.8, env.PROCESSOR_ARCHITECTURE=AMD64, env.COMMONPROGRAMW6432=C:\Program Files\Common Files, sun.cpu.endian=little, sun.os.patch.level=Service Pack 1, java.io.tmpdir=C:\Users\ANKITT~1\AppData\Local\Temp\, env.PROCESSOR_REVISION=2a07, java.vendor.url.bug=http://bugreport.sun.com/bugreport/, maven.multiModuleProjectDirectory=D:\FreeCRM\FreeCRM, env.PROGRAMDATA=C:\ProgramData, env.COMSPEC=C:\Windows\system32\cmd.exe, os.arch=amd64, java.awt.graphicsenv=sun.awt.Win32GraphicsEnvironment, java.ext.dirs=C:\Program Files\Java\jdk1.8.0_144\jre\lib\ext;C:\Windows\Sun\Java\lib\ext, env.=D:=D:\FreeCRM\FreeCRM, env.MAVEN_HOME=C:\apache-maven-3.5.4\bin\.., env.LOCALAPPDATA=C:\Users\Ankit Tyagi\AppData\Local, user.dir=D:\FreeCRM\FreeCRM, line.separator=
, env.CLASSWORLDS_JAR="C:\apache-maven-3.5.4\bin\..\boot\plexus-classworlds-2.5.2.jar", java.vm.name=Java HotSpot(TM) 64-Bit Server VM, env.PATHEXT=.COM;.EXE;.BAT;.CMD;.VBS;.VBE;.JS;.JSE;.WSF;.WSH;.MSC, env.ERROR_CODE=0, env.USERNAME=Ankit Tyagi, sun.stderr.encoding=cp437, file.encoding=Cp1252, env.USERDOMAIN=AnkitTyagi-PC, java.specification.version=1.8, env.=C:=C:\Users\Ankit Tyagi\Desktop, env.PROCESSOR_LEVEL=6, env.MAVEN_PROJECTBASEDIR=D:\FreeCRM\FreeCRM}
[WARNING] Using platform encoding (Cp1252 actually) to copy filtered resources, i.e. build is platform dependent!
[DEBUG] resource with targetPath null
directory D:\FreeCRM\FreeCRM\src\test\resources
excludes []
includes []
[DEBUG] ignoreDelta true
[INFO] Copying 2 resources
[DEBUG] file log4j.properties has a filtered file extension
[DEBUG] copy D:\FreeCRM\FreeCRM\src\test\resources\log4j.properties to D:\FreeCRM\FreeCRM\target\test-classes\log4j.properties
[DEBUG] file TestData.xlsx has a filtered file extension
[DEBUG] copy D:\FreeCRM\FreeCRM\src\test\resources\TestData.xlsx to D:\FreeCRM\FreeCRM\target\test-classes\TestData.xlsx
[DEBUG] no use filter components
[INFO] 
[INFO] --- maven-compiler-plugin:3.1:testCompile (default-testCompile) @ FreeCRM ---
[DEBUG] Configuring mojo org.apache.maven.plugins:maven-compiler-plugin:3.1:testCompile from plugin realm ClassRealm[plugin>org.apache.maven.plugins:maven-compiler-plugin:3.1, parent: sun.misc.Launcher$AppClassLoader@5c647e05]
[DEBUG] Configuring mojo 'org.apache.maven.plugins:maven-compiler-plugin:3.1:testCompile' with basic configurator -->
[DEBUG]   (f) basedir = D:\FreeCRM\FreeCRM
[DEBUG]   (f) buildDirectory = D:\FreeCRM\FreeCRM\target
[DEBUG]   (f) classpathElements = [D:\FreeCRM\FreeCRM\target\test-classes, D:\FreeCRM\FreeCRM\target\classes, C:\Users\Ankit Tyagi\.m2\repository\org\seleniumhq\selenium\selenium-java\3.11.0\selenium-java-3.11.0.jar, C:\Users\Ankit Tyagi\.m2\repository\org\seleniumhq\selenium\selenium-api\3.11.0\selenium-api-3.11.0.jar, C:\Users\Ankit Tyagi\.m2\repository\org\seleniumhq\selenium\selenium-chrome-driver\3.11.0\selenium-chrome-driver-3.11.0.jar, C:\Users\Ankit Tyagi\.m2\repository\org\seleniumhq\selenium\selenium-edge-driver\3.11.0\selenium-edge-driver-3.11.0.jar, C:\Users\Ankit Tyagi\.m2\repository\org\seleniumhq\selenium\selenium-firefox-driver\3.11.0\selenium-firefox-driver-3.11.0.jar, C:\Users\Ankit Tyagi\.m2\repository\org\seleniumhq\selenium\selenium-ie-driver\3.11.0\selenium-ie-driver-3.11.0.jar, C:\Users\Ankit Tyagi\.m2\repository\org\seleniumhq\selenium\selenium-opera-driver\3.11.0\selenium-opera-driver-3.11.0.jar, C:\Users\Ankit Tyagi\.m2\repository\org\seleniumhq\selenium\selenium-remote-driver\3.11.0\selenium-remote-driver-3.11.0.jar, C:\Users\Ankit Tyagi\.m2\repository\org\seleniumhq\selenium\selenium-safari-driver\3.11.0\selenium-safari-driver-3.11.0.jar, C:\Users\Ankit Tyagi\.m2\repository\org\seleniumhq\selenium\selenium-support\3.11.0\selenium-support-3.11.0.jar, C:\Users\Ankit Tyagi\.m2\repository\net\bytebuddy\byte-buddy\1.7.9\byte-buddy-1.7.9.jar, C:\Users\Ankit Tyagi\.m2\repository\org\apache\commons\commons-exec\1.3\commons-exec-1.3.jar, C:\Users\Ankit Tyagi\.m2\repository\commons-codec\commons-codec\1.10\commons-codec-1.10.jar, C:\Users\Ankit Tyagi\.m2\repository\commons-logging\commons-logging\1.2\commons-logging-1.2.jar, C:\Users\Ankit Tyagi\.m2\repository\com\google\code\gson\gson\2.8.2\gson-2.8.2.jar, C:\Users\Ankit Tyagi\.m2\repository\com\google\guava\guava\23.6-jre\guava-23.6-jre.jar, C:\Users\Ankit Tyagi\.m2\repository\com\google\code\findbugs\jsr305\1.3.9\jsr305-1.3.9.jar, C:\Users\Ankit Tyagi\.m2\repository\org\checkerframework\checker-compat-qual\2.0.0\checker-compat-qual-2.0.0.jar, C:\Users\Ankit Tyagi\.m2\repository\com\google\errorprone\error_prone_annotations\2.1.3\error_prone_annotations-2.1.3.jar, C:\Users\Ankit Tyagi\.m2\repository\com\google\j2objc\j2objc-annotations\1.1\j2objc-annotations-1.1.jar, C:\Users\Ankit Tyagi\.m2\repository\org\codehaus\mojo\animal-sniffer-annotations\1.14\animal-sniffer-annotations-1.14.jar, C:\Users\Ankit Tyagi\.m2\repository\org\apache\httpcomponents\httpclient\4.5.3\httpclient-4.5.3.jar, C:\Users\Ankit Tyagi\.m2\repository\org\apache\httpcomponents\httpcore\4.4.6\httpcore-4.4.6.jar, C:\Users\Ankit Tyagi\.m2\repository\com\squareup\okhttp3\okhttp\3.9.1\okhttp-3.9.1.jar, C:\Users\Ankit Tyagi\.m2\repository\com\squareup\okio\okio\1.13.0\okio-1.13.0.jar, C:\Users\Ankit Tyagi\.m2\repository\org\testng\testng\6.11\testng-6.11.jar, C:\Users\Ankit Tyagi\.m2\repository\com\beust\jcommander\1.64\jcommander-1.64.jar, C:\Users\Ankit Tyagi\.m2\repository\org\yaml\snakeyaml\1.17\snakeyaml-1.17.jar, C:\Users\Ankit Tyagi\.m2\repository\log4j\log4j\1.2.17\log4j-1.2.17.jar, C:\Users\Ankit Tyagi\.m2\repository\org\apache\poi\poi\3.17\poi-3.17.jar, C:\Users\Ankit Tyagi\.m2\repository\org\apache\commons\commons-collections4\4.1\commons-collections4-4.1.jar, C:\Users\Ankit Tyagi\.m2\repository\org\apache\poi\poi-examples\3.17\poi-examples-3.17.jar, C:\Users\Ankit Tyagi\.m2\repository\org\apache\poi\poi-excelant\3.17\poi-excelant-3.17.jar, C:\Users\Ankit Tyagi\.m2\repository\org\apache\ant\ant\1.8.2\ant-1.8.2.jar, C:\Users\Ankit Tyagi\.m2\repository\org\apache\ant\ant-launcher\1.8.2\ant-launcher-1.8.2.jar, C:\Users\Ankit Tyagi\.m2\repository\org\apache\poi\poi-ooxml\3.17\poi-ooxml-3.17.jar, C:\Users\Ankit Tyagi\.m2\repository\org\apache\poi\poi-ooxml-schemas\3.17\poi-ooxml-schemas-3.17.jar, C:\Users\Ankit Tyagi\.m2\repository\com\github\virtuald\curvesapi\1.04\curvesapi-1.04.jar, C:\Users\Ankit Tyagi\.m2\repository\org\apache\poi\poi-scratchpad\3.17\poi-scratchpad-3.17.jar, C:\Users\Ankit Tyagi\.m2\repository\org\apache\poi\ooxml-schemas\1.1\ooxml-schemas-1.1.jar, C:\Users\Ankit Tyagi\.m2\repository\org\apache\xmlbeans\xmlbeans\2.3.0\xmlbeans-2.3.0.jar, C:\Users\Ankit Tyagi\.m2\repository\stax\stax-api\1.0.1\stax-api-1.0.1.jar]
[DEBUG]   (f) compileSourceRoots = [D:\FreeCRM\FreeCRM\src\test\java]
[DEBUG]   (f) compilerId = javac
[DEBUG]   (f) debug = true
[DEBUG]   (f) failOnError = true
[DEBUG]   (f) forceJavacCompilerUse = false
[DEBUG]   (f) fork = false
[DEBUG]   (f) generatedTestSourcesDirectory = D:\FreeCRM\FreeCRM\target\generated-test-sources\test-annotations
[DEBUG]   (f) mojoExecution = org.apache.maven.plugins:maven-compiler-plugin:3.1:testCompile {execution: default-testCompile}
[DEBUG]   (f) optimize = false
[DEBUG]   (f) outputDirectory = D:\FreeCRM\FreeCRM\target\test-classes
[DEBUG]   (f) showDeprecation = false
[DEBUG]   (f) showWarnings = false
[DEBUG]   (f) skipMultiThreadWarning = false
[DEBUG]   (f) source = 1.5
[DEBUG]   (f) staleMillis = 0
[DEBUG]   (f) target = 1.5
[DEBUG]   (f) useIncrementalCompilation = true
[DEBUG]   (f) verbose = false
[DEBUG]   (f) mavenSession = org.apache.maven.execution.MavenSession@29d2d081
[DEBUG]   (f) session = org.apache.maven.execution.MavenSession@29d2d081
[DEBUG] -- end configuration --
[DEBUG] Using compiler 'javac'.
[DEBUG] Source directories: [D:\FreeCRM\FreeCRM\src\test\java]
[DEBUG] Classpath: [D:\FreeCRM\FreeCRM\target\test-classes
 D:\FreeCRM\FreeCRM\target\classes
 C:\Users\Ankit Tyagi\.m2\repository\org\seleniumhq\selenium\selenium-java\3.11.0\selenium-java-3.11.0.jar
 C:\Users\Ankit Tyagi\.m2\repository\org\seleniumhq\selenium\selenium-api\3.11.0\selenium-api-3.11.0.jar
 C:\Users\Ankit Tyagi\.m2\repository\org\seleniumhq\selenium\selenium-chrome-driver\3.11.0\selenium-chrome-driver-3.11.0.jar
 C:\Users\Ankit Tyagi\.m2\repository\org\seleniumhq\selenium\selenium-edge-driver\3.11.0\selenium-edge-driver-3.11.0.jar
 C:\Users\Ankit Tyagi\.m2\repository\org\seleniumhq\selenium\selenium-firefox-driver\3.11.0\selenium-firefox-driver-3.11.0.jar
 C:\Users\Ankit Tyagi\.m2\repository\org\seleniumhq\selenium\selenium-ie-driver\3.11.0\selenium-ie-driver-3.11.0.jar
 C:\Users\Ankit Tyagi\.m2\repository\org\seleniumhq\selenium\selenium-opera-driver\3.11.0\selenium-opera-driver-3.11.0.jar
 C:\Users\Ankit Tyagi\.m2\repository\org\seleniumhq\selenium\selenium-remote-driver\3.11.0\selenium-remote-driver-3.11.0.jar
 C:\Users\Ankit Tyagi\.m2\repository\org\seleniumhq\selenium\selenium-safari-driver\3.11.0\selenium-safari-driver-3.11.0.jar
 C:\Users\Ankit Tyagi\.m2\repository\org\seleniumhq\selenium\selenium-support\3.11.0\selenium-support-3.11.0.jar
 C:\Users\Ankit Tyagi\.m2\repository\net\bytebuddy\byte-buddy\1.7.9\byte-buddy-1.7.9.jar
 C:\Users\Ankit Tyagi\.m2\repository\org\apache\commons\commons-exec\1.3\commons-exec-1.3.jar
 C:\Users\Ankit Tyagi\.m2\repository\commons-codec\commons-codec\1.10\commons-codec-1.10.jar
 C:\Users\Ankit Tyagi\.m2\repository\commons-logging\commons-logging\1.2\commons-logging-1.2.jar
 C:\Users\Ankit Tyagi\.m2\repository\com\google\code\gson\gson\2.8.2\gson-2.8.2.jar
 C:\Users\Ankit Tyagi\.m2\repository\com\google\guava\guava\23.6-jre\guava-23.6-jre.jar
 C:\Users\Ankit Tyagi\.m2\repository\com\google\code\findbugs\jsr305\1.3.9\jsr305-1.3.9.jar
 C:\Users\Ankit Tyagi\.m2\repository\org\checkerframework\checker-compat-qual\2.0.0\checker-compat-qual-2.0.0.jar
 C:\Users\Ankit Tyagi\.m2\repository\com\google\errorprone\error_prone_annotations\2.1.3\error_prone_annotations-2.1.3.jar
 C:\Users\Ankit Tyagi\.m2\repository\com\google\j2objc\j2objc-annotations\1.1\j2objc-annotations-1.1.jar
 C:\Users\Ankit Tyagi\.m2\repository\org\codehaus\mojo\animal-sniffer-annotations\1.14\animal-sniffer-annotations-1.14.jar
 C:\Users\Ankit Tyagi\.m2\repository\org\apache\httpcomponents\httpclient\4.5.3\httpclient-4.5.3.jar
 C:\Users\Ankit Tyagi\.m2\repository\org\apache\httpcomponents\httpcore\4.4.6\httpcore-4.4.6.jar
 C:\Users\Ankit Tyagi\.m2\repository\com\squareup\okhttp3\okhttp\3.9.1\okhttp-3.9.1.jar
 C:\Users\Ankit Tyagi\.m2\repository\com\squareup\okio\okio\1.13.0\okio-1.13.0.jar
 C:\Users\Ankit Tyagi\.m2\repository\org\testng\testng\6.11\testng-6.11.jar
 C:\Users\Ankit Tyagi\.m2\repository\com\beust\jcommander\1.64\jcommander-1.64.jar
 C:\Users\Ankit Tyagi\.m2\repository\org\yaml\snakeyaml\1.17\snakeyaml-1.17.jar
 C:\Users\Ankit Tyagi\.m2\repository\log4j\log4j\1.2.17\log4j-1.2.17.jar
 C:\Users\Ankit Tyagi\.m2\repository\org\apache\poi\poi\3.17\poi-3.17.jar
 C:\Users\Ankit Tyagi\.m2\repository\org\apache\commons\commons-collections4\4.1\commons-collections4-4.1.jar
 C:\Users\Ankit Tyagi\.m2\repository\org\apache\poi\poi-examples\3.17\poi-examples-3.17.jar
 C:\Users\Ankit Tyagi\.m2\repository\org\apache\poi\poi-excelant\3.17\poi-excelant-3.17.jar
 C:\Users\Ankit Tyagi\.m2\repository\org\apache\ant\ant\1.8.2\ant-1.8.2.jar
 C:\Users\Ankit Tyagi\.m2\repository\org\apache\ant\ant-launcher\1.8.2\ant-launcher-1.8.2.jar
 C:\Users\Ankit Tyagi\.m2\repository\org\apache\poi\poi-ooxml\3.17\poi-ooxml-3.17.jar
 C:\Users\Ankit Tyagi\.m2\repository\org\apache\poi\poi-ooxml-schemas\3.17\poi-ooxml-schemas-3.17.jar
 C:\Users\Ankit Tyagi\.m2\repository\com\github\virtuald\curvesapi\1.04\curvesapi-1.04.jar
 C:\Users\Ankit Tyagi\.m2\repository\org\apache\poi\poi-scratchpad\3.17\poi-scratchpad-3.17.jar
 C:\Users\Ankit Tyagi\.m2\repository\org\apache\poi\ooxml-schemas\1.1\ooxml-schemas-1.1.jar
 C:\Users\Ankit Tyagi\.m2\repository\org\apache\xmlbeans\xmlbeans\2.3.0\xmlbeans-2.3.0.jar
 C:\Users\Ankit Tyagi\.m2\repository\stax\stax-api\1.0.1\stax-api-1.0.1.jar]
[DEBUG] Output directory: D:\FreeCRM\FreeCRM\target\test-classes
[DEBUG] CompilerReuseStrategy: reuseCreated
[DEBUG] useIncrementalCompilation enabled
[DEBUG] Stale source detected: D:\FreeCRM\FreeCRM\src\test\java\com\crm\testcases\LoginPageTest.java
[DEBUG] Stale source detected: D:\FreeCRM\FreeCRM\src\test\java\com\crm\testcases\ContactPageTest.java
[DEBUG] Stale source detected: D:\FreeCRM\FreeCRM\src\test\java\com\crm\testcases\HomePageTest.java
[INFO] Changes detected - recompiling the module!
[DEBUG] Classpath:
[DEBUG]  D:\FreeCRM\FreeCRM\target\test-classes
[DEBUG]  D:\FreeCRM\FreeCRM\target\classes
[DEBUG]  C:\Users\Ankit Tyagi\.m2\repository\org\seleniumhq\selenium\selenium-java\3.11.0\selenium-java-3.11.0.jar
[DEBUG]  C:\Users\Ankit Tyagi\.m2\repository\org\seleniumhq\selenium\selenium-api\3.11.0\selenium-api-3.11.0.jar
[DEBUG]  C:\Users\Ankit Tyagi\.m2\repository\org\seleniumhq\selenium\selenium-chrome-driver\3.11.0\selenium-chrome-driver-3.11.0.jar
[DEBUG]  C:\Users\Ankit Tyagi\.m2\repository\org\seleniumhq\selenium\selenium-edge-driver\3.11.0\selenium-edge-driver-3.11.0.jar
[DEBUG]  C:\Users\Ankit Tyagi\.m2\repository\org\seleniumhq\selenium\selenium-firefox-driver\3.11.0\selenium-firefox-driver-3.11.0.jar
[DEBUG]  C:\Users\Ankit Tyagi\.m2\repository\org\seleniumhq\selenium\selenium-ie-driver\3.11.0\selenium-ie-driver-3.11.0.jar
[DEBUG]  C:\Users\Ankit Tyagi\.m2\repository\org\seleniumhq\selenium\selenium-opera-driver\3.11.0\selenium-opera-driver-3.11.0.jar
[DEBUG]  C:\Users\Ankit Tyagi\.m2\repository\org\seleniumhq\selenium\selenium-remote-driver\3.11.0\selenium-remote-driver-3.11.0.jar
[DEBUG]  C:\Users\Ankit Tyagi\.m2\repository\org\seleniumhq\selenium\selenium-safari-driver\3.11.0\selenium-safari-driver-3.11.0.jar
[DEBUG]  C:\Users\Ankit Tyagi\.m2\repository\org\seleniumhq\selenium\selenium-support\3.11.0\selenium-support-3.11.0.jar
[DEBUG]  C:\Users\Ankit Tyagi\.m2\repository\net\bytebuddy\byte-buddy\1.7.9\byte-buddy-1.7.9.jar
[DEBUG]  C:\Users\Ankit Tyagi\.m2\repository\org\apache\commons\commons-exec\1.3\commons-exec-1.3.jar
[DEBUG]  C:\Users\Ankit Tyagi\.m2\repository\commons-codec\commons-codec\1.10\commons-codec-1.10.jar
[DEBUG]  C:\Users\Ankit Tyagi\.m2\repository\commons-logging\commons-logging\1.2\commons-logging-1.2.jar
[DEBUG]  C:\Users\Ankit Tyagi\.m2\repository\com\google\code\gson\gson\2.8.2\gson-2.8.2.jar
[DEBUG]  C:\Users\Ankit Tyagi\.m2\repository\com\google\guava\guava\23.6-jre\guava-23.6-jre.jar
[DEBUG]  C:\Users\Ankit Tyagi\.m2\repository\com\google\code\findbugs\jsr305\1.3.9\jsr305-1.3.9.jar
[DEBUG]  C:\Users\Ankit Tyagi\.m2\repository\org\checkerframework\checker-compat-qual\2.0.0\checker-compat-qual-2.0.0.jar
[DEBUG]  C:\Users\Ankit Tyagi\.m2\repository\com\google\errorprone\error_prone_annotations\2.1.3\error_prone_annotations-2.1.3.jar
[DEBUG]  C:\Users\Ankit Tyagi\.m2\repository\com\google\j2objc\j2objc-annotations\1.1\j2objc-annotations-1.1.jar
[DEBUG]  C:\Users\Ankit Tyagi\.m2\repository\org\codehaus\mojo\animal-sniffer-annotations\1.14\animal-sniffer-annotations-1.14.jar
[DEBUG]  C:\Users\Ankit Tyagi\.m2\repository\org\apache\httpcomponents\httpclient\4.5.3\httpclient-4.5.3.jar
[DEBUG]  C:\Users\Ankit Tyagi\.m2\repository\org\apache\httpcomponents\httpcore\4.4.6\httpcore-4.4.6.jar
[DEBUG]  C:\Users\Ankit Tyagi\.m2\repository\com\squareup\okhttp3\okhttp\3.9.1\okhttp-3.9.1.jar
[DEBUG]  C:\Users\Ankit Tyagi\.m2\repository\com\squareup\okio\okio\1.13.0\okio-1.13.0.jar
[DEBUG]  C:\Users\Ankit Tyagi\.m2\repository\org\testng\testng\6.11\testng-6.11.jar
[DEBUG]  C:\Users\Ankit Tyagi\.m2\repository\com\beust\jcommander\1.64\jcommander-1.64.jar
[DEBUG]  C:\Users\Ankit Tyagi\.m2\repository\org\yaml\snakeyaml\1.17\snakeyaml-1.17.jar
[DEBUG]  C:\Users\Ankit Tyagi\.m2\repository\log4j\log4j\1.2.17\log4j-1.2.17.jar
[DEBUG]  C:\Users\Ankit Tyagi\.m2\repository\org\apache\poi\poi\3.17\poi-3.17.jar
[DEBUG]  C:\Users\Ankit Tyagi\.m2\repository\org\apache\commons\commons-collections4\4.1\commons-collections4-4.1.jar
[DEBUG]  C:\Users\Ankit Tyagi\.m2\repository\org\apache\poi\poi-examples\3.17\poi-examples-3.17.jar
[DEBUG]  C:\Users\Ankit Tyagi\.m2\repository\org\apache\poi\poi-excelant\3.17\poi-excelant-3.17.jar
[DEBUG]  C:\Users\Ankit Tyagi\.m2\repository\org\apache\ant\ant\1.8.2\ant-1.8.2.jar
[DEBUG]  C:\Users\Ankit Tyagi\.m2\repository\org\apache\ant\ant-launcher\1.8.2\ant-launcher-1.8.2.jar
[DEBUG]  C:\Users\Ankit Tyagi\.m2\repository\org\apache\poi\poi-ooxml\3.17\poi-ooxml-3.17.jar
[DEBUG]  C:\Users\Ankit Tyagi\.m2\repository\org\apache\poi\poi-ooxml-schemas\3.17\poi-ooxml-schemas-3.17.jar
[DEBUG]  C:\Users\Ankit Tyagi\.m2\repository\com\github\virtuald\curvesapi\1.04\curvesapi-1.04.jar
[DEBUG]  C:\Users\Ankit Tyagi\.m2\repository\org\apache\poi\poi-scratchpad\3.17\poi-scratchpad-3.17.jar
[DEBUG]  C:\Users\Ankit Tyagi\.m2\repository\org\apache\poi\ooxml-schemas\1.1\ooxml-schemas-1.1.jar
[DEBUG]  C:\Users\Ankit Tyagi\.m2\repository\org\apache\xmlbeans\xmlbeans\2.3.0\xmlbeans-2.3.0.jar
[DEBUG]  C:\Users\Ankit Tyagi\.m2\repository\stax\stax-api\1.0.1\stax-api-1.0.1.jar
[DEBUG] Source roots:
[DEBUG]  D:\FreeCRM\FreeCRM\src\test\java
[DEBUG] Command line options:
[DEBUG] -d D:\FreeCRM\FreeCRM\target\test-classes -classpath D:\FreeCRM\FreeCRM\target\test-classes;D:\FreeCRM\FreeCRM\target\classes;C:\Users\Ankit Tyagi\.m2\repository\org\seleniumhq\selenium\selenium-java\3.11.0\selenium-java-3.11.0.jar;C:\Users\Ankit Tyagi\.m2\repository\org\seleniumhq\selenium\selenium-api\3.11.0\selenium-api-3.11.0.jar;C:\Users\Ankit Tyagi\.m2\repository\org\seleniumhq\selenium\selenium-chrome-driver\3.11.0\selenium-chrome-driver-3.11.0.jar;C:\Users\Ankit Tyagi\.m2\repository\org\seleniumhq\selenium\selenium-edge-driver\3.11.0\selenium-edge-driver-3.11.0.jar;C:\Users\Ankit Tyagi\.m2\repository\org\seleniumhq\selenium\selenium-firefox-driver\3.11.0\selenium-firefox-driver-3.11.0.jar;C:\Users\Ankit Tyagi\.m2\repository\org\seleniumhq\selenium\selenium-ie-driver\3.11.0\selenium-ie-driver-3.11.0.jar;C:\Users\Ankit Tyagi\.m2\repository\org\seleniumhq\selenium\selenium-opera-driver\3.11.0\selenium-opera-driver-3.11.0.jar;C:\Users\Ankit Tyagi\.m2\repository\org\seleniumhq\selenium\selenium-remote-driver\3.11.0\selenium-remote-driver-3.11.0.jar;C:\Users\Ankit Tyagi\.m2\repository\org\seleniumhq\selenium\selenium-safari-driver\3.11.0\selenium-safari-driver-3.11.0.jar;C:\Users\Ankit Tyagi\.m2\repository\org\seleniumhq\selenium\selenium-support\3.11.0\selenium-support-3.11.0.jar;C:\Users\Ankit Tyagi\.m2\repository\net\bytebuddy\byte-buddy\1.7.9\byte-buddy-1.7.9.jar;C:\Users\Ankit Tyagi\.m2\repository\org\apache\commons\commons-exec\1.3\commons-exec-1.3.jar;C:\Users\Ankit Tyagi\.m2\repository\commons-codec\commons-codec\1.10\commons-codec-1.10.jar;C:\Users\Ankit Tyagi\.m2\repository\commons-logging\commons-logging\1.2\commons-logging-1.2.jar;C:\Users\Ankit Tyagi\.m2\repository\com\google\code\gson\gson\2.8.2\gson-2.8.2.jar;C:\Users\Ankit Tyagi\.m2\repository\com\google\guava\guava\23.6-jre\guava-23.6-jre.jar;C:\Users\Ankit Tyagi\.m2\repository\com\google\code\findbugs\jsr305\1.3.9\jsr305-1.3.9.jar;C:\Users\Ankit Tyagi\.m2\repository\org\checkerframework\checker-compat-qual\2.0.0\checker-compat-qual-2.0.0.jar;C:\Users\Ankit Tyagi\.m2\repository\com\google\errorprone\error_prone_annotations\2.1.3\error_prone_annotations-2.1.3.jar;C:\Users\Ankit Tyagi\.m2\repository\com\google\j2objc\j2objc-annotations\1.1\j2objc-annotations-1.1.jar;C:\Users\Ankit Tyagi\.m2\repository\org\codehaus\mojo\animal-sniffer-annotations\1.14\animal-sniffer-annotations-1.14.jar;C:\Users\Ankit Tyagi\.m2\repository\org\apache\httpcomponents\httpclient\4.5.3\httpclient-4.5.3.jar;C:\Users\Ankit Tyagi\.m2\repository\org\apache\httpcomponents\httpcore\4.4.6\httpcore-4.4.6.jar;C:\Users\Ankit Tyagi\.m2\repository\com\squareup\okhttp3\okhttp\3.9.1\okhttp-3.9.1.jar;C:\Users\Ankit Tyagi\.m2\repository\com\squareup\okio\okio\1.13.0\okio-1.13.0.jar;C:\Users\Ankit Tyagi\.m2\repository\org\testng\testng\6.11\testng-6.11.jar;C:\Users\Ankit Tyagi\.m2\repository\com\beust\jcommander\1.64\jcommander-1.64.jar;C:\Users\Ankit Tyagi\.m2\repository\org\yaml\snakeyaml\1.17\snakeyaml-1.17.jar;C:\Users\Ankit Tyagi\.m2\repository\log4j\log4j\1.2.17\log4j-1.2.17.jar;C:\Users\Ankit Tyagi\.m2\repository\org\apache\poi\poi\3.17\poi-3.17.jar;C:\Users\Ankit Tyagi\.m2\repository\org\apache\commons\commons-collections4\4.1\commons-collections4-4.1.jar;C:\Users\Ankit Tyagi\.m2\repository\org\apache\poi\poi-examples\3.17\poi-examples-3.17.jar;C:\Users\Ankit Tyagi\.m2\repository\org\apache\poi\poi-excelant\3.17\poi-excelant-3.17.jar;C:\Users\Ankit Tyagi\.m2\repository\org\apache\ant\ant\1.8.2\ant-1.8.2.jar;C:\Users\Ankit Tyagi\.m2\repository\org\apache\ant\ant-launcher\1.8.2\ant-launcher-1.8.2.jar;C:\Users\Ankit Tyagi\.m2\repository\org\apache\poi\poi-ooxml\3.17\poi-ooxml-3.17.jar;C:\Users\Ankit Tyagi\.m2\repository\org\apache\poi\poi-ooxml-schemas\3.17\poi-ooxml-schemas-3.17.jar;C:\Users\Ankit Tyagi\.m2\repository\com\github\virtuald\curvesapi\1.04\curvesapi-1.04.jar;C:\Users\Ankit Tyagi\.m2\repository\org\apache\poi\poi-scratchpad\3.17\poi-scratchpad-3.17.jar;C:\Users\Ankit Tyagi\.m2\repository\org\apache\poi\ooxml-schemas\1.1\ooxml-schemas-1.1.jar;C:\Users\Ankit Tyagi\.m2\repository\org\apache\xmlbeans\xmlbeans\2.3.0\xmlbeans-2.3.0.jar;C:\Users\Ankit Tyagi\.m2\repository\stax\stax-api\1.0.1\stax-api-1.0.1.jar; -sourcepath D:\FreeCRM\FreeCRM\src\test\java; -g -nowarn -target 1.5 -source 1.5
[WARNING] File encoding has not been set, using platform encoding Cp1252, i.e. build is platform dependent!
[DEBUG] incrementalBuildHelper#beforeRebuildExecution
[INFO] Compiling 3 source files to D:\FreeCRM\FreeCRM\target\test-classes
[DEBUG] incrementalBuildHelper#afterRebuildExecution
[INFO] 
[INFO] --- maven-surefire-plugin:2.12.4:test (default-test) @ FreeCRM ---
[DEBUG] Dependency collection stats: {ConflictMarker.analyzeTime=267731, ConflictMarker.markTime=157962, ConflictMarker.nodeCount=132, ConflictIdSorter.graphTime=135204, ConflictIdSorter.topsortTime=75411, ConflictIdSorter.conflictIdCount=27, ConflictIdSorter.conflictIdCycleCount=0, ConflictResolver.totalTime=1786213, ConflictResolver.conflictItemCount=77, DefaultDependencyCollector.collectTime=85525829, DefaultDependencyCollector.transformTime=2484991}
[DEBUG] org.apache.maven.plugins:maven-surefire-plugin:jar:2.12.4:
[DEBUG]    org.apache.maven:maven-plugin-api:jar:2.0.9:compile
[DEBUG]    org.apache.maven.surefire:surefire-booter:jar:2.12.4:compile
[DEBUG]       org.apache.maven.surefire:surefire-api:jar:2.12.4:compile
[DEBUG]    org.apache.maven.surefire:maven-surefire-common:jar:2.12.4:compile
[DEBUG]       org.apache.commons:commons-lang3:jar:3.1:compile
[DEBUG]       org.apache.maven.shared:maven-common-artifact-filters:jar:1.3:compile
[DEBUG]    org.codehaus.plexus:plexus-utils:jar:3.0.8:compile
[DEBUG]    org.apache.maven:maven-artifact:jar:2.0.9:compile
[DEBUG]    org.apache.maven:maven-project:jar:2.0.9:compile
[DEBUG]       org.apache.maven:maven-settings:jar:2.0.9:compile
[DEBUG]       org.apache.maven:maven-profile:jar:2.0.9:compile
[DEBUG]       org.apache.maven:maven-model:jar:2.0.9:compile
[DEBUG]       org.apache.maven:maven-artifact-manager:jar:2.0.9:compile
[DEBUG]       org.apache.maven:maven-plugin-registry:jar:2.0.9:compile
[DEBUG]       org.codehaus.plexus:plexus-container-default:jar:1.0-alpha-9-stable-1:compile
[DEBUG]          junit:junit:jar:3.8.1:test
[DEBUG]    org.apache.maven:maven-core:jar:2.0.9:compile
[DEBUG]       org.apache.maven:maven-plugin-parameter-documenter:jar:2.0.9:compile
[DEBUG]       org.apache.maven.reporting:maven-reporting-api:jar:2.0.9:compile
[DEBUG]       org.apache.maven:maven-repository-metadata:jar:2.0.9:compile
[DEBUG]       org.apache.maven:maven-error-diagnostics:jar:2.0.9:compile
[DEBUG]       org.apache.maven:maven-plugin-descriptor:jar:2.0.9:compile
[DEBUG]       org.apache.maven:maven-monitor:jar:2.0.9:compile
[DEBUG]       classworlds:classworlds:jar:1.1:compile
[DEBUG]    org.apache.maven:maven-toolchain:jar:2.0.9:compile
[DEBUG]    org.apache.maven.plugin-tools:maven-plugin-annotations:jar:3.1:compile
[DEBUG] Created new class realm plugin>org.apache.maven.plugins:maven-surefire-plugin:2.12.4
[DEBUG] Importing foreign packages into class realm plugin>org.apache.maven.plugins:maven-surefire-plugin:2.12.4
[DEBUG]   Imported:  < maven.api
[DEBUG] Populating class realm plugin>org.apache.maven.plugins:maven-surefire-plugin:2.12.4
[DEBUG]   Included: org.apache.maven.plugins:maven-surefire-plugin:jar:2.12.4
[DEBUG]   Included: org.apache.maven.surefire:surefire-booter:jar:2.12.4
[DEBUG]   Included: org.apache.maven.surefire:surefire-api:jar:2.12.4
[DEBUG]   Included: org.apache.maven.surefire:maven-surefire-common:jar:2.12.4
[DEBUG]   Included: org.apache.commons:commons-lang3:jar:3.1
[DEBUG]   Included: org.apache.maven.shared:maven-common-artifact-filters:jar:1.3
[DEBUG]   Included: org.codehaus.plexus:plexus-utils:jar:3.0.8
[DEBUG]   Included: org.apache.maven.reporting:maven-reporting-api:jar:2.0.9
[DEBUG]   Included: org.apache.maven.plugin-tools:maven-plugin-annotations:jar:3.1
[DEBUG] Configuring mojo org.apache.maven.plugins:maven-surefire-plugin:2.12.4:test from plugin realm ClassRealm[plugin>org.apache.maven.plugins:maven-surefire-plugin:2.12.4, parent: sun.misc.Launcher$AppClassLoader@5c647e05]
[DEBUG] Configuring mojo 'org.apache.maven.plugins:maven-surefire-plugin:2.12.4:test' with basic configurator -->
[DEBUG]   (s) basedir = D:\FreeCRM\FreeCRM
[DEBUG]   (s) childDelegation = false
[DEBUG]   (s) classesDirectory = D:\FreeCRM\FreeCRM\target\classes
[DEBUG]   (s) disableXmlReport = false
[DEBUG]   (s) enableAssertions = true
[DEBUG]   (s) forkMode = once
[DEBUG]   (s) junitArtifactName = junit:junit
[DEBUG]   (s) localRepository =       id: local
      url: file:///C:/Users/Ankit%20Tyagi/.m2/repository/
   layout: default
snapshots: [enabled => true, update => always]
 releases: [enabled => true, update => always]

[DEBUG]   (f) parallelMavenExecution = false
[DEBUG]   (s) perCoreThreadCount = true
[DEBUG]   (s) pluginArtifactMap = {org.apache.maven.plugins:maven-surefire-plugin=org.apache.maven.plugins:maven-surefire-plugin:maven-plugin:2.12.4:, org.apache.maven:maven-plugin-api=org.apache.maven:maven-plugin-api:jar:2.0.9:compile, org.apache.maven.surefire:surefire-booter=org.apache.maven.surefire:surefire-booter:jar:2.12.4:compile, org.apache.maven.surefire:surefire-api=org.apache.maven.surefire:surefire-api:jar:2.12.4:compile, org.apache.maven.surefire:maven-surefire-common=org.apache.maven.surefire:maven-surefire-common:jar:2.12.4:compile, org.apache.commons:commons-lang3=org.apache.commons:commons-lang3:jar:3.1:compile, org.apache.maven.shared:maven-common-artifact-filters=org.apache.maven.shared:maven-common-artifact-filters:jar:1.3:compile, org.codehaus.plexus:plexus-utils=org.codehaus.plexus:plexus-utils:jar:3.0.8:compile, org.apache.maven:maven-artifact=org.apache.maven:maven-artifact:jar:2.0.9:compile, org.apache.maven:maven-project=org.apache.maven:maven-project:jar:2.0.9:compile, org.apache.maven:maven-settings=org.apache.maven:maven-settings:jar:2.0.9:compile, org.apache.maven:maven-profile=org.apache.maven:maven-profile:jar:2.0.9:compile, org.apache.maven:maven-model=org.apache.maven:maven-model:jar:2.0.9:compile, org.apache.maven:maven-artifact-manager=org.apache.maven:maven-artifact-manager:jar:2.0.9:compile, org.apache.maven:maven-plugin-registry=org.apache.maven:maven-plugin-registry:jar:2.0.9:compile, org.codehaus.plexus:plexus-container-default=org.codehaus.plexus:plexus-container-default:jar:1.0-alpha-9-stable-1:compile, org.apache.maven:maven-core=org.apache.maven:maven-core:jar:2.0.9:compile, org.apache.maven:maven-plugin-parameter-documenter=org.apache.maven:maven-plugin-parameter-documenter:jar:2.0.9:compile, org.apache.maven.reporting:maven-reporting-api=org.apache.maven.reporting:maven-reporting-api:jar:2.0.9:compile, org.apache.maven:maven-repository-metadata=org.apache.maven:maven-repository-metadata:jar:2.0.9:compile, org.apache.maven:maven-error-diagnostics=org.apache.maven:maven-error-diagnostics:jar:2.0.9:compile, org.apache.maven:maven-plugin-descriptor=org.apache.maven:maven-plugin-descriptor:jar:2.0.9:compile, org.apache.maven:maven-monitor=org.apache.maven:maven-monitor:jar:2.0.9:compile, classworlds:classworlds=classworlds:classworlds:jar:1.1:compile, org.apache.maven:maven-toolchain=org.apache.maven:maven-toolchain:jar:2.0.9:compile, org.apache.maven.plugin-tools:maven-plugin-annotations=org.apache.maven.plugin-tools:maven-plugin-annotations:jar:3.1:compile}
[DEBUG]   (f) pluginDescriptor = Component Descriptor: role: 'org.apache.maven.plugin.Mojo', implementation: 'org.apache.maven.plugin.surefire.HelpMojo', role hint: 'org.apache.maven.plugins:maven-surefire-plugin:2.12.4:help'
role: 'org.apache.maven.plugin.Mojo', implementation: 'org.apache.maven.plugin.surefire.SurefirePlugin', role hint: 'org.apache.maven.plugins:maven-surefire-plugin:2.12.4:test'
---
[DEBUG]   (s) printSummary = true
[DEBUG]   (s) projectArtifactMap = {org.seleniumhq.selenium:selenium-java=org.seleniumhq.selenium:selenium-java:jar:3.11.0:compile, org.seleniumhq.selenium:selenium-api=org.seleniumhq.selenium:selenium-api:jar:3.11.0:compile, org.seleniumhq.selenium:selenium-chrome-driver=org.seleniumhq.selenium:selenium-chrome-driver:jar:3.11.0:compile, org.seleniumhq.selenium:selenium-edge-driver=org.seleniumhq.selenium:selenium-edge-driver:jar:3.11.0:compile, org.seleniumhq.selenium:selenium-firefox-driver=org.seleniumhq.selenium:selenium-firefox-driver:jar:3.11.0:compile, org.seleniumhq.selenium:selenium-ie-driver=org.seleniumhq.selenium:selenium-ie-driver:jar:3.11.0:compile, org.seleniumhq.selenium:selenium-opera-driver=org.seleniumhq.selenium:selenium-opera-driver:jar:3.11.0:compile, org.seleniumhq.selenium:selenium-remote-driver=org.seleniumhq.selenium:selenium-remote-driver:jar:3.11.0:compile, org.seleniumhq.selenium:selenium-safari-driver=org.seleniumhq.selenium:selenium-safari-driver:jar:3.11.0:compile, org.seleniumhq.selenium:selenium-support=org.seleniumhq.selenium:selenium-support:jar:3.11.0:compile, net.bytebuddy:byte-buddy=net.bytebuddy:byte-buddy:jar:1.7.9:compile, org.apache.commons:commons-exec=org.apache.commons:commons-exec:jar:1.3:compile, commons-codec:commons-codec=commons-codec:commons-codec:jar:1.10:compile, commons-logging:commons-logging=commons-logging:commons-logging:jar:1.2:compile, com.google.code.gson:gson=com.google.code.gson:gson:jar:2.8.2:compile, com.google.guava:guava=com.google.guava:guava:jar:23.6-jre:compile, com.google.code.findbugs:jsr305=com.google.code.findbugs:jsr305:jar:1.3.9:compile, org.checkerframework:checker-compat-qual=org.checkerframework:checker-compat-qual:jar:2.0.0:compile, com.google.errorprone:error_prone_annotations=com.google.errorprone:error_prone_annotations:jar:2.1.3:compile, com.google.j2objc:j2objc-annotations=com.google.j2objc:j2objc-annotations:jar:1.1:compile, org.codehaus.mojo:animal-sniffer-annotations=org.codehaus.mojo:animal-sniffer-annotations:jar:1.14:compile, org.apache.httpcomponents:httpclient=org.apache.httpcomponents:httpclient:jar:4.5.3:compile, org.apache.httpcomponents:httpcore=org.apache.httpcomponents:httpcore:jar:4.4.6:compile, com.squareup.okhttp3:okhttp=com.squareup.okhttp3:okhttp:jar:3.9.1:compile, com.squareup.okio:okio=com.squareup.okio:okio:jar:1.13.0:compile, org.testng:testng=org.testng:testng:jar:6.11:compile, com.beust:jcommander=com.beust:jcommander:jar:1.64:compile, org.yaml:snakeyaml=org.yaml:snakeyaml:jar:1.17:compile, log4j:log4j=log4j:log4j:jar:1.2.17:compile, org.apache.poi:poi=org.apache.poi:poi:jar:3.17:compile, org.apache.commons:commons-collections4=org.apache.commons:commons-collections4:jar:4.1:compile, org.apache.poi:poi-examples=org.apache.poi:poi-examples:jar:3.17:compile, org.apache.poi:poi-excelant=org.apache.poi:poi-excelant:jar:3.17:compile, org.apache.ant:ant=org.apache.ant:ant:jar:1.8.2:compile, org.apache.ant:ant-launcher=org.apache.ant:ant-launcher:jar:1.8.2:compile, org.apache.poi:poi-ooxml=org.apache.poi:poi-ooxml:jar:3.17:compile, org.apache.poi:poi-ooxml-schemas=org.apache.poi:poi-ooxml-schemas:jar:3.17:compile, com.github.virtuald:curvesapi=com.github.virtuald:curvesapi:jar:1.04:compile, org.apache.poi:poi-scratchpad=org.apache.poi:poi-scratchpad:jar:3.17:compile, org.apache.poi:ooxml-schemas=org.apache.poi:ooxml-schemas:jar:1.1:compile, org.apache.xmlbeans:xmlbeans=org.apache.xmlbeans:xmlbeans:jar:2.3.0:compile, stax:stax-api=stax:stax-api:jar:1.0.1:compile}
[DEBUG]   (s) redirectTestOutputToFile = false
[DEBUG]   (s) remoteRepositories = [      id: central
      url: https://repo.maven.apache.org/maven2
   layout: default
snapshots: [enabled => false, update => daily]
 releases: [enabled => true, update => never]
]
[DEBUG]   (s) reportFormat = brief
[DEBUG]   (s) reportsDirectory = D:\FreeCRM\FreeCRM\target\surefire-reports
[DEBUG]   (s) runOrder = filesystem
[DEBUG]   (s) skip = false
[DEBUG]   (s) skipTests = false
[DEBUG]   (s) testClassesDirectory = D:\FreeCRM\FreeCRM\target\test-classes
[DEBUG]   (s) testFailureIgnore = false
[DEBUG]   (s) testNGArtifactName = org.testng:testng
[DEBUG]   (s) testSourceDirectory = D:\FreeCRM\FreeCRM\src\test\java
[DEBUG]   (s) trimStackTrace = true
[DEBUG]   (s) useFile = true
[DEBUG]   (s) useManifestOnlyJar = true
[DEBUG]   (s) useSystemClassLoader = true
[DEBUG]   (s) useUnlimitedThreads = false
[DEBUG]   (s) workingDirectory = D:\FreeCRM\FreeCRM
[DEBUG]   (s) project = MavenProject: FreeCrmAutomation:FreeCRM:0.0.1-SNAPSHOT @ D:\FreeCRM\FreeCRM\pom.xml
[DEBUG]   (s) session = org.apache.maven.execution.MavenSession@29d2d081
[DEBUG] -- end configuration --
[INFO] Surefire report directory: D:\FreeCRM\FreeCRM\target\surefire-reports
[DEBUG] Setting system property [user.dir]=[D:\FreeCRM\FreeCRM]
[DEBUG] Setting system property [localRepository]=[C:\Users\Ankit Tyagi\.m2\repository]
[DEBUG] Setting system property [basedir]=[D:\FreeCRM\FreeCRM]
[DEBUG] dummy:dummy:jar:1.0 (selected for null)
[DEBUG]   org.apache.maven.surefire:surefire-booter:jar:2.12.4:compile (selected for compile)
[DEBUG]     org.apache.maven.surefire:surefire-api:jar:2.12.4:compile (selected for compile)
[DEBUG] Adding to surefire booter test classpath: C:\Users\Ankit Tyagi\.m2\repository\org\apache\maven\surefire\surefire-booter\2.12.4\surefire-booter-2.12.4.jar Scope: compile
[DEBUG] Adding to surefire booter test classpath: C:\Users\Ankit Tyagi\.m2\repository\org\apache\maven\surefire\surefire-api\2.12.4\surefire-api-2.12.4.jar Scope: compile
[DEBUG] Using JVM: C:\Program Files\Java\jdk1.8.0_144\jre\bin\java
[DEBUG] dummy:dummy:jar:1.0 (selected for null)
[DEBUG]   org.apache.maven.surefire:surefire-testng:jar:2.12.4:test (selected for test)
[DEBUG]     org.apache.maven:maven-artifact:jar:2.0:test (selected for test)
[DEBUG]       org.codehaus.plexus:plexus-utils:jar:1.0.4:test (selected for test)
[DEBUG]     org.apache.maven.surefire:surefire-testng-utils:jar:2.12.4:test (selected for test)
[DEBUG]       org.apache.maven.surefire:surefire-grouper:jar:2.12.4:test (selected for test)
[DEBUG]       org.testng:testng:jar:jdk15:5.7:test (selected for test)
[DEBUG]         junit:junit:jar:3.8.1:test (selected for test)
[DEBUG]       org.apache.maven.surefire:surefire-api:jar:2.12.4:test (selected for test)
[DEBUG]     org.apache.maven.surefire:maven-surefire-common:jar:2.12.4:test (selected for test)
[DEBUG]       org.apache.maven:maven-plugin-api:jar:2.0.9:test (selected for test)
[DEBUG]       org.apache.maven.plugin-tools:maven-plugin-annotations:jar:3.1:test (selected for test)
[DEBUG]         org.apache.maven:maven-artifact:jar:3.0:test (removed - nearer found: 2.0)
[DEBUG]       org.apache.maven.surefire:surefire-booter:jar:2.12.4:test (selected for test)
[DEBUG]       org.apache.maven:maven-artifact:jar:2.0.9:test (removed - nearer found: 2.0)
[DEBUG]       org.apache.maven:maven-project:jar:2.0.9:test (selected for test)
[DEBUG]         org.apache.maven:maven-settings:jar:2.0.9:test (selected for test)
[DEBUG]           org.apache.maven:maven-model:jar:2.0.9:test (selected for test)
[DEBUG]             org.codehaus.plexus:plexus-utils:jar:1.5.1:test (removed - nearer found: 1.0.4)
[DEBUG]           org.codehaus.plexus:plexus-utils:jar:1.5.1:test (removed - nearer found: 1.0.4)
[DEBUG]           org.codehaus.plexus:plexus-container-default:jar:1.0-alpha-9-stable-1:test (selected for test)
[DEBUG]             classworlds:classworlds:jar:1.1-alpha-2:test (selected for test)
[DEBUG]         org.apache.maven:maven-profile:jar:2.0.9:test (selected for test)
[DEBUG]           org.codehaus.plexus:plexus-utils:jar:1.5.1:test (removed - nearer found: 1.0.4)
[DEBUG]         org.apache.maven:maven-model:jar:2.0.9:test (selected for test)
[DEBUG]           org.codehaus.plexus:plexus-utils:jar:1.5.1:test (removed - nearer found: 1.0.4)
[DEBUG]         org.apache.maven:maven-artifact-manager:jar:2.0.9:test (selected for test)
[DEBUG]           org.apache.maven:maven-repository-metadata:jar:2.0.9:test (selected for test)
[DEBUG]             org.codehaus.plexus:plexus-utils:jar:1.5.1:test (removed - nearer found: 1.0.4)
[DEBUG]           org.codehaus.plexus:plexus-utils:jar:1.5.1:test (removed - nearer found: 1.0.4)
[DEBUG]           org.apache.maven:maven-artifact:jar:2.0.9:test (removed - nearer found: 2.0)
[DEBUG]           org.apache.maven.wagon:wagon-provider-api:jar:1.0-beta-2:test (selected for test)
[DEBUG]         org.apache.maven:maven-plugin-registry:jar:2.0.9:test (selected for test)
[DEBUG]           org.codehaus.plexus:plexus-utils:jar:1.5.1:test (removed - nearer found: 1.0.4)
[DEBUG]         org.codehaus.plexus:plexus-utils:jar:1.5.1:test (removed - nearer found: 1.0.4)
[DEBUG]         org.apache.maven:maven-artifact:jar:2.0.9:test (removed - nearer found: 2.0)
[DEBUG]         org.codehaus.plexus:plexus-container-default:jar:1.0-alpha-9-stable-1:test (selected for test)
[DEBUG]           classworlds:classworlds:jar:1.1-alpha-2:test (selected for test)
[DEBUG]       org.apache.maven:maven-core:jar:2.0.9:test (selected for test)
[DEBUG]         org.apache.maven:maven-plugin-parameter-documenter:jar:2.0.9:test (selected for test)
[DEBUG]           org.codehaus.plexus:plexus-utils:jar:1.5.1:test (removed - nearer found: 1.0.4)
[DEBUG]         org.apache.maven.reporting:maven-reporting-api:jar:2.0.9:test (selected for test)
[DEBUG]         org.apache.maven:maven-artifact:jar:2.0.9:test (removed - nearer found: 2.0)
[DEBUG]         org.apache.maven.wagon:wagon-provider-api:jar:1.0-beta-2:test (selected for test)
[DEBUG]         org.apache.maven:maven-repository-metadata:jar:2.0.9:test (selected for test)
[DEBUG]           org.codehaus.plexus:plexus-utils:jar:1.5.1:test (removed - nearer found: 1.0.4)
[DEBUG]         org.apache.maven:maven-error-diagnostics:jar:2.0.9:test (selected for test)
[DEBUG]         org.apache.maven:maven-plugin-descriptor:jar:2.0.9:test (selected for test)
[DEBUG]           org.apache.maven:maven-artifact:jar:2.0.9:test (removed - nearer found: 2.0)
[DEBUG]         org.apache.maven:maven-monitor:jar:2.0.9:test (selected for test)
[DEBUG]         org.codehaus.plexus:plexus-utils:jar:1.5.1:test (removed - nearer found: 1.0.4)
[DEBUG]         classworlds:classworlds:jar:1.1-alpha-2:test (removed - nearer found: 1.1)
[DEBUG]         classworlds:classworlds:jar:1.1:test (selected for test)
[DEBUG]       org.apache.maven:maven-toolchain:jar:2.0.9:test (selected for test)
[DEBUG]         org.apache.maven:maven-artifact:jar:2.0.9:test (removed - nearer found: 2.0)
[DEBUG]       org.apache.commons:commons-lang3:jar:3.1:test (selected for test)
[DEBUG]       org.apache.maven.shared:maven-common-artifact-filters:jar:1.3:test (selected for test)
[DEBUG]         org.apache.maven:maven-artifact:jar:2.0.8:test (removed - nearer found: 2.0)
[DEBUG]         org.apache.maven:maven-model:jar:2.0.8:test (removed - nearer found: 2.0.9)
[DEBUG]         org.apache.maven:maven-project:jar:2.0.8:test (removed - nearer found: 2.0.9)
[DEBUG]         org.apache.maven:maven-plugin-api:jar:2.0.8:test (removed - nearer found: 2.0.9)
[DEBUG]         org.codehaus.plexus:plexus-container-default:jar:1.0-alpha-9:test (removed - nearer found: 1.0-alpha-9-stable-1)
[DEBUG]         org.codehaus.plexus:plexus-utils:jar:1.4.9:test (removed - nearer found: 1.0.4)
[DEBUG]     org.testng:testng:jar:jdk15:5.7:test (selected for test)
[DEBUG]       junit:junit:jar:3.8.1:test (selected for test)
[DEBUG]     org.apache.maven.surefire:surefire-api:jar:2.12.4:test (selected for test)
[DEBUG] Adding to surefire test classpath: C:\Users\Ankit Tyagi\.m2\repository\org\apache\maven\surefire\surefire-testng\2.12.4\surefire-testng-2.12.4.jar Scope: test
[DEBUG] Adding to surefire test classpath: C:\Users\Ankit Tyagi\.m2\repository\org\apache\maven\maven-artifact\2.0\maven-artifact-2.0.jar Scope: test
[DEBUG] Adding to surefire test classpath: C:\Users\Ankit Tyagi\.m2\repository\org\codehaus\plexus\plexus-utils\1.0.4\plexus-utils-1.0.4.jar Scope: test
[DEBUG] Adding to surefire test classpath: C:\Users\Ankit Tyagi\.m2\repository\org\apache\maven\surefire\surefire-testng-utils\2.12.4\surefire-testng-utils-2.12.4.jar Scope: test
[DEBUG] Adding to surefire test classpath: C:\Users\Ankit Tyagi\.m2\repository\org\apache\maven\surefire\surefire-grouper\2.12.4\surefire-grouper-2.12.4.jar Scope: test
[DEBUG] Adding to surefire test classpath: C:\Users\Ankit Tyagi\.m2\repository\org\apache\maven\surefire\surefire-api\2.12.4\surefire-api-2.12.4.jar Scope: test
[DEBUG] Adding to surefire test classpath: C:\Users\Ankit Tyagi\.m2\repository\org\apache\maven\surefire\maven-surefire-common\2.12.4\maven-surefire-common-2.12.4.jar Scope: test
[DEBUG] Adding to surefire test classpath: C:\Users\Ankit Tyagi\.m2\repository\org\apache\maven\maven-plugin-api\2.0.9\maven-plugin-api-2.0.9.jar Scope: test
[DEBUG] Adding to surefire test classpath: C:\Users\Ankit Tyagi\.m2\repository\org\apache\maven\plugin-tools\maven-plugin-annotations\3.1\maven-plugin-annotations-3.1.jar Scope: test
[DEBUG] Adding to surefire test classpath: C:\Users\Ankit Tyagi\.m2\repository\org\apache\maven\surefire\surefire-booter\2.12.4\surefire-booter-2.12.4.jar Scope: test
[DEBUG] Adding to surefire test classpath: C:\Users\Ankit Tyagi\.m2\repository\org\apache\maven\maven-project\2.0.9\maven-project-2.0.9.jar Scope: test
[DEBUG] Adding to surefire test classpath: C:\Users\Ankit Tyagi\.m2\repository\org\apache\maven\maven-settings\2.0.9\maven-settings-2.0.9.jar Scope: test
[DEBUG] Adding to surefire test classpath: C:\Users\Ankit Tyagi\.m2\repository\org\apache\maven\maven-model\2.0.9\maven-model-2.0.9.jar Scope: test
[DEBUG] Adding to surefire test classpath: C:\Users\Ankit Tyagi\.m2\repository\org\codehaus\plexus\plexus-container-default\1.0-alpha-9-stable-1\plexus-container-default-1.0-alpha-9-stable-1.jar Scope: test
[DEBUG] Adding to surefire test classpath: C:\Users\Ankit Tyagi\.m2\repository\classworlds\classworlds\1.1\classworlds-1.1.jar Scope: test
[DEBUG] Adding to surefire test classpath: C:\Users\Ankit Tyagi\.m2\repository\org\apache\maven\maven-profile\2.0.9\maven-profile-2.0.9.jar Scope: test
[DEBUG] Adding to surefire test classpath: C:\Users\Ankit Tyagi\.m2\repository\org\apache\maven\maven-artifact-manager\2.0.9\maven-artifact-manager-2.0.9.jar Scope: test
[DEBUG] Adding to surefire test classpath: C:\Users\Ankit Tyagi\.m2\repository\org\apache\maven\maven-repository-metadata\2.0.9\maven-repository-metadata-2.0.9.jar Scope: test
[DEBUG] Adding to surefire test classpath: C:\Users\Ankit Tyagi\.m2\repository\org\apache\maven\wagon\wagon-provider-api\1.0-beta-2\wagon-provider-api-1.0-beta-2.jar Scope: test
[DEBUG] Adding to surefire test classpath: C:\Users\Ankit Tyagi\.m2\repository\org\apache\maven\maven-plugin-registry\2.0.9\maven-plugin-registry-2.0.9.jar Scope: test
[DEBUG] Adding to surefire test classpath: C:\Users\Ankit Tyagi\.m2\repository\org\apache\maven\maven-core\2.0.9\maven-core-2.0.9.jar Scope: test
[DEBUG] Adding to surefire test classpath: C:\Users\Ankit Tyagi\.m2\repository\org\apache\maven\maven-plugin-parameter-documenter\2.0.9\maven-plugin-parameter-documenter-2.0.9.jar Scope: test
[DEBUG] Adding to surefire test classpath: C:\Users\Ankit Tyagi\.m2\repository\org\apache\maven\reporting\maven-reporting-api\2.0.9\maven-reporting-api-2.0.9.jar Scope: test
[DEBUG] Adding to surefire test classpath: C:\Users\Ankit Tyagi\.m2\repository\org\apache\maven\maven-error-diagnostics\2.0.9\maven-error-diagnostics-2.0.9.jar Scope: test
[DEBUG] Adding to surefire test classpath: C:\Users\Ankit Tyagi\.m2\repository\org\apache\maven\maven-plugin-descriptor\2.0.9\maven-plugin-descriptor-2.0.9.jar Scope: test
[DEBUG] Adding to surefire test classpath: C:\Users\Ankit Tyagi\.m2\repository\org\apache\maven\maven-monitor\2.0.9\maven-monitor-2.0.9.jar Scope: test
[DEBUG] Adding to surefire test classpath: C:\Users\Ankit Tyagi\.m2\repository\org\apache\maven\maven-toolchain\2.0.9\maven-toolchain-2.0.9.jar Scope: test
[DEBUG] Adding to surefire test classpath: C:\Users\Ankit Tyagi\.m2\repository\org\apache\commons\commons-lang3\3.1\commons-lang3-3.1.jar Scope: test
[DEBUG] Adding to surefire test classpath: C:\Users\Ankit Tyagi\.m2\repository\org\apache\maven\shared\maven-common-artifact-filters\1.3\maven-common-artifact-filters-1.3.jar Scope: test
[DEBUG] test classpath classpath:
[DEBUG]   D:\FreeCRM\FreeCRM\target\test-classes
[DEBUG]   D:\FreeCRM\FreeCRM\target\classes
[DEBUG]   C:\Users\Ankit Tyagi\.m2\repository\org\seleniumhq\selenium\selenium-java\3.11.0\selenium-java-3.11.0.jar
[DEBUG]   C:\Users\Ankit Tyagi\.m2\repository\org\seleniumhq\selenium\selenium-api\3.11.0\selenium-api-3.11.0.jar
[DEBUG]   C:\Users\Ankit Tyagi\.m2\repository\org\seleniumhq\selenium\selenium-chrome-driver\3.11.0\selenium-chrome-driver-3.11.0.jar
[DEBUG]   C:\Users\Ankit Tyagi\.m2\repository\org\seleniumhq\selenium\selenium-edge-driver\3.11.0\selenium-edge-driver-3.11.0.jar
[DEBUG]   C:\Users\Ankit Tyagi\.m2\repository\org\seleniumhq\selenium\selenium-firefox-driver\3.11.0\selenium-firefox-driver-3.11.0.jar
[DEBUG]   C:\Users\Ankit Tyagi\.m2\repository\org\seleniumhq\selenium\selenium-ie-driver\3.11.0\selenium-ie-driver-3.11.0.jar
[DEBUG]   C:\Users\Ankit Tyagi\.m2\repository\org\seleniumhq\selenium\selenium-opera-driver\3.11.0\selenium-opera-driver-3.11.0.jar
[DEBUG]   C:\Users\Ankit Tyagi\.m2\repository\org\seleniumhq\selenium\selenium-remote-driver\3.11.0\selenium-remote-driver-3.11.0.jar
[DEBUG]   C:\Users\Ankit Tyagi\.m2\repository\org\seleniumhq\selenium\selenium-safari-driver\3.11.0\selenium-safari-driver-3.11.0.jar
[DEBUG]   C:\Users\Ankit Tyagi\.m2\repository\org\seleniumhq\selenium\selenium-support\3.11.0\selenium-support-3.11.0.jar
[DEBUG]   C:\Users\Ankit Tyagi\.m2\repository\net\bytebuddy\byte-buddy\1.7.9\byte-buddy-1.7.9.jar
[DEBUG]   C:\Users\Ankit Tyagi\.m2\repository\org\apache\commons\commons-exec\1.3\commons-exec-1.3.jar
[DEBUG]   C:\Users\Ankit Tyagi\.m2\repository\commons-codec\commons-codec\1.10\commons-codec-1.10.jar
[DEBUG]   C:\Users\Ankit Tyagi\.m2\repository\commons-logging\commons-logging\1.2\commons-logging-1.2.jar
[DEBUG]   C:\Users\Ankit Tyagi\.m2\repository\com\google\code\gson\gson\2.8.2\gson-2.8.2.jar
[DEBUG]   C:\Users\Ankit Tyagi\.m2\repository\com\google\guava\guava\23.6-jre\guava-23.6-jre.jar
[DEBUG]   C:\Users\Ankit Tyagi\.m2\repository\com\google\code\findbugs\jsr305\1.3.9\jsr305-1.3.9.jar
[DEBUG]   C:\Users\Ankit Tyagi\.m2\repository\org\checkerframework\checker-compat-qual\2.0.0\checker-compat-qual-2.0.0.jar
[DEBUG]   C:\Users\Ankit Tyagi\.m2\repository\com\google\errorprone\error_prone_annotations\2.1.3\error_prone_annotations-2.1.3.jar
[DEBUG]   C:\Users\Ankit Tyagi\.m2\repository\com\google\j2objc\j2objc-annotations\1.1\j2objc-annotations-1.1.jar
[DEBUG]   C:\Users\Ankit Tyagi\.m2\repository\org\codehaus\mojo\animal-sniffer-annotations\1.14\animal-sniffer-annotations-1.14.jar
[DEBUG]   C:\Users\Ankit Tyagi\.m2\repository\org\apache\httpcomponents\httpclient\4.5.3\httpclient-4.5.3.jar
[DEBUG]   C:\Users\Ankit Tyagi\.m2\repository\org\apache\httpcomponents\httpcore\4.4.6\httpcore-4.4.6.jar
[DEBUG]   C:\Users\Ankit Tyagi\.m2\repository\com\squareup\okhttp3\okhttp\3.9.1\okhttp-3.9.1.jar
[DEBUG]   C:\Users\Ankit Tyagi\.m2\repository\com\squareup\okio\okio\1.13.0\okio-1.13.0.jar
[DEBUG]   C:\Users\Ankit Tyagi\.m2\repository\org\testng\testng\6.11\testng-6.11.jar
[DEBUG]   C:\Users\Ankit Tyagi\.m2\repository\com\beust\jcommander\1.64\jcommander-1.64.jar
[DEBUG]   C:\Users\Ankit Tyagi\.m2\repository\org\yaml\snakeyaml\1.17\snakeyaml-1.17.jar
[DEBUG]   C:\Users\Ankit Tyagi\.m2\repository\log4j\log4j\1.2.17\log4j-1.2.17.jar
[DEBUG]   C:\Users\Ankit Tyagi\.m2\repository\org\apache\poi\poi\3.17\poi-3.17.jar
[DEBUG]   C:\Users\Ankit Tyagi\.m2\repository\org\apache\commons\commons-collections4\4.1\commons-collections4-4.1.jar
[DEBUG]   C:\Users\Ankit Tyagi\.m2\repository\org\apache\poi\poi-examples\3.17\poi-examples-3.17.jar
[DEBUG]   C:\Users\Ankit Tyagi\.m2\repository\org\apache\poi\poi-excelant\3.17\poi-excelant-3.17.jar
[DEBUG]   C:\Users\Ankit Tyagi\.m2\repository\org\apache\ant\ant\1.8.2\ant-1.8.2.jar
[DEBUG]   C:\Users\Ankit Tyagi\.m2\repository\org\apache\ant\ant-launcher\1.8.2\ant-launcher-1.8.2.jar
[DEBUG]   C:\Users\Ankit Tyagi\.m2\repository\org\apache\poi\poi-ooxml\3.17\poi-ooxml-3.17.jar
[DEBUG]   C:\Users\Ankit Tyagi\.m2\repository\org\apache\poi\poi-ooxml-schemas\3.17\poi-ooxml-schemas-3.17.jar
[DEBUG]   C:\Users\Ankit Tyagi\.m2\repository\com\github\virtuald\curvesapi\1.04\curvesapi-1.04.jar
[DEBUG]   C:\Users\Ankit Tyagi\.m2\repository\org\apache\poi\poi-scratchpad\3.17\poi-scratchpad-3.17.jar
[DEBUG]   C:\Users\Ankit Tyagi\.m2\repository\org\apache\poi\ooxml-schemas\1.1\ooxml-schemas-1.1.jar
[DEBUG]   C:\Users\Ankit Tyagi\.m2\repository\org\apache\xmlbeans\xmlbeans\2.3.0\xmlbeans-2.3.0.jar
[DEBUG]   C:\Users\Ankit Tyagi\.m2\repository\stax\stax-api\1.0.1\stax-api-1.0.1.jar
[DEBUG]   C:\Users\Ankit Tyagi\.m2\repository\org\apache\maven\surefire\surefire-testng-utils\2.12.4\surefire-testng-utils-2.12.4.jar
[DEBUG]   C:\Users\Ankit Tyagi\.m2\repository\org\apache\maven\surefire\surefire-grouper\2.12.4\surefire-grouper-2.12.4.jar
[DEBUG] provider classpath classpath:
[DEBUG]   C:\Users\Ankit Tyagi\.m2\repository\org\apache\maven\surefire\surefire-testng\2.12.4\surefire-testng-2.12.4.jar
[DEBUG]   C:\Users\Ankit Tyagi\.m2\repository\org\apache\maven\maven-artifact\2.0\maven-artifact-2.0.jar
[DEBUG]   C:\Users\Ankit Tyagi\.m2\repository\org\codehaus\plexus\plexus-utils\1.0.4\plexus-utils-1.0.4.jar
[DEBUG]   C:\Users\Ankit Tyagi\.m2\repository\org\apache\maven\surefire\surefire-testng-utils\2.12.4\surefire-testng-utils-2.12.4.jar
[DEBUG]   C:\Users\Ankit Tyagi\.m2\repository\org\apache\maven\surefire\surefire-grouper\2.12.4\surefire-grouper-2.12.4.jar
[DEBUG]   C:\Users\Ankit Tyagi\.m2\repository\org\apache\maven\surefire\surefire-api\2.12.4\surefire-api-2.12.4.jar
[DEBUG]   C:\Users\Ankit Tyagi\.m2\repository\org\apache\maven\surefire\maven-surefire-common\2.12.4\maven-surefire-common-2.12.4.jar
[DEBUG]   C:\Users\Ankit Tyagi\.m2\repository\org\apache\maven\maven-plugin-api\2.0.9\maven-plugin-api-2.0.9.jar
[DEBUG]   C:\Users\Ankit Tyagi\.m2\repository\org\apache\maven\plugin-tools\maven-plugin-annotations\3.1\maven-plugin-annotations-3.1.jar
[DEBUG]   C:\Users\Ankit Tyagi\.m2\repository\org\apache\maven\surefire\surefire-booter\2.12.4\surefire-booter-2.12.4.jar
[DEBUG]   C:\Users\Ankit Tyagi\.m2\repository\org\apache\maven\maven-project\2.0.9\maven-project-2.0.9.jar
[DEBUG]   C:\Users\Ankit Tyagi\.m2\repository\org\apache\maven\maven-settings\2.0.9\maven-settings-2.0.9.jar
[DEBUG]   C:\Users\Ankit Tyagi\.m2\repository\org\apache\maven\maven-model\2.0.9\maven-model-2.0.9.jar
[DEBUG]   C:\Users\Ankit Tyagi\.m2\repository\org\codehaus\plexus\plexus-container-default\1.0-alpha-9-stable-1\plexus-container-default-1.0-alpha-9-stable-1.jar
[DEBUG]   C:\Users\Ankit Tyagi\.m2\repository\classworlds\classworlds\1.1\classworlds-1.1.jar
[DEBUG]   C:\Users\Ankit Tyagi\.m2\repository\org\apache\maven\maven-profile\2.0.9\maven-profile-2.0.9.jar
[DEBUG]   C:\Users\Ankit Tyagi\.m2\repository\org\apache\maven\maven-artifact-manager\2.0.9\maven-artifact-manager-2.0.9.jar
[DEBUG]   C:\Users\Ankit Tyagi\.m2\repository\org\apache\maven\maven-repository-metadata\2.0.9\maven-repository-metadata-2.0.9.jar
[DEBUG]   C:\Users\Ankit Tyagi\.m2\repository\org\apache\maven\wagon\wagon-provider-api\1.0-beta-2\wagon-provider-api-1.0-beta-2.jar
[DEBUG]   C:\Users\Ankit Tyagi\.m2\repository\org\apache\maven\maven-plugin-registry\2.0.9\maven-plugin-registry-2.0.9.jar
[DEBUG]   C:\Users\Ankit Tyagi\.m2\repository\org\apache\maven\maven-core\2.0.9\maven-core-2.0.9.jar
[DEBUG]   C:\Users\Ankit Tyagi\.m2\repository\org\apache\maven\maven-plugin-parameter-documenter\2.0.9\maven-plugin-parameter-documenter-2.0.9.jar
[DEBUG]   C:\Users\Ankit Tyagi\.m2\repository\org\apache\maven\reporting\maven-reporting-api\2.0.9\maven-reporting-api-2.0.9.jar
[DEBUG]   C:\Users\Ankit Tyagi\.m2\repository\org\apache\maven\maven-error-diagnostics\2.0.9\maven-error-diagnostics-2.0.9.jar
[DEBUG]   C:\Users\Ankit Tyagi\.m2\repository\org\apache\maven\maven-plugin-descriptor\2.0.9\maven-plugin-descriptor-2.0.9.jar
[DEBUG]   C:\Users\Ankit Tyagi\.m2\repository\org\apache\maven\maven-monitor\2.0.9\maven-monitor-2.0.9.jar
[DEBUG]   C:\Users\Ankit Tyagi\.m2\repository\org\apache\maven\maven-toolchain\2.0.9\maven-toolchain-2.0.9.jar
[DEBUG]   C:\Users\Ankit Tyagi\.m2\repository\org\apache\commons\commons-lang3\3.1\commons-lang3-3.1.jar
[DEBUG]   C:\Users\Ankit Tyagi\.m2\repository\org\apache\maven\shared\maven-common-artifact-filters\1.3\maven-common-artifact-filters-1.3.jar

-------------------------------------------------------
 T E S T S
-------------------------------------------------------
Forking command line: cmd.exe /X /C ""C:\Program Files\Java\jdk1.8.0_144\jre\bin\java" -jar D:\FreeCRM\FreeCRM\target\surefire\surefirebooter3037672190194692481.jar D:\FreeCRM\FreeCRM\target\surefire\surefire777482590099751tmp D:\FreeCRM\FreeCRM\target\surefire\surefire_01357953147766865348tmp"
Running TestSuite
Configuring TestNG with: org.apache.maven.surefire.testng.conf.TestNG652Configurator@e73f9ac
Running Browser is: Chrome
#1 Free CRM software in the cloud for sales and service
ankitt498	
Tests run: 14, Failures: 8, Errors: 0, Skipped: 0, Time elapsed: 557.005 sec <<< FAILURE!
VerifycontactsLabelTest(com.crm.testcases.ContactPageTest)  Time elapsed: 60.162 sec  <<< FAILURE!
org.openqa.selenium.NoSuchElementException: no such element: Unable to locate element: {"method":"xpath","selector":"//a[contains(text(),'Contacts')]"}
  (Session info: chrome=62.0.3202.89)
  (Driver info: chromedriver=2.33.506120 (e3e53437346286c0bc2d2dc9aa4915ba81d9023f),platform=Windows NT 6.1.7601 SP1 x86_64) (WARNING: The server did not provide any stacktrace information)
Command duration or timeout: 0 milliseconds
For documentation on this error, please visit: http://seleniumhq.org/exceptions/no_such_element.html
Build info: version: '3.11.0', revision: 'e59cfb3', time: '2018-03-11T20:26:55.152Z'
System info: host: 'ANKITTYAGI-PC', ip: '192.168.43.89', os.name: 'Windows 7', os.arch: 'amd64', os.version: '6.1', java.version: '1.8.0_144'
Driver info: org.openqa.selenium.chrome.ChromeDriver
Capabilities {acceptSslCerts: true, applicationCacheEnabled: false, browserConnectionEnabled: false, browserName: chrome, chrome: {chromedriverVersion: 2.33.506120 (e3e53437346286..., userDataDir: C:\Users\ANKITT~1\AppData\L...}, cssSelectorsEnabled: true, databaseEnabled: false, handlesAlerts: true, hasTouchScreen: false, javascriptEnabled: true, locationContextEnabled: true, mobileEmulationEnabled: false, nativeEvents: true, networkConnectionEnabled: false, pageLoadStrategy: normal, platform: XP, platformName: XP, rotatable: false, setWindowRect: true, takesHeapSnapshot: true, takesScreenshot: true, unexpectedAlertBehaviour: , unhandledPromptBehavior: , version: 62.0.3202.89, webStorageEnabled: true}
Session ID: 251eebd9de2e1e5d7f0e450ac740c80d
*** Element info: {Using=xpath, value=//a[contains(text(),'Contacts')]}
	at sun.reflect.NativeConstructorAccessorImpl.newInstance0(Native Method)
	at sun.reflect.NativeConstructorAccessorImpl.newInstance(NativeConstructorAccessorImpl.java:62)
	at sun.reflect.DelegatingConstructorAccessorImpl.newInstance(DelegatingConstructorAccessorImpl.java:45)
	at java.lang.reflect.Constructor.newInstance(Constructor.java:423)
	at org.openqa.selenium.remote.ErrorHandler.createThrowable(ErrorHandler.java:214)
	at org.openqa.selenium.remote.ErrorHandler.throwIfResponseFailed(ErrorHandler.java:166)
	at org.openqa.selenium.remote.http.JsonHttpResponseCodec.reconstructValue(JsonHttpResponseCodec.java:40)
	at org.openqa.selenium.remote.http.AbstractHttpResponseCodec.decode(AbstractHttpResponseCodec.java:80)
	at org.openqa.selenium.remote.http.AbstractHttpResponseCodec.decode(AbstractHttpResponseCodec.java:44)
	at org.openqa.selenium.remote.HttpCommandExecutor.execute(HttpCommandExecutor.java:158)
	at org.openqa.selenium.remote.service.DriverCommandExecutor.execute(DriverCommandExecutor.java:83)
	at org.openqa.selenium.remote.RemoteWebDriver.execute(RemoteWebDriver.java:545)
	at org.openqa.selenium.remote.RemoteWebDriver.findElement(RemoteWebDriver.java:319)
	at org.openqa.selenium.remote.RemoteWebDriver.findElementByXPath(RemoteWebDriver.java:421)
	at org.openqa.selenium.By$ByXPath.findElement(By.java:361)
	at org.openqa.selenium.remote.RemoteWebDriver.findElement(RemoteWebDriver.java:311)
	at org.openqa.selenium.support.pagefactory.DefaultElementLocator.findElement(DefaultElementLocator.java:69)
	at org.openqa.selenium.support.pagefactory.internal.LocatingElementHandler.invoke(LocatingElementHandler.java:38)
	at com.sun.proxy.$Proxy7.isDisplayed(Unknown Source)
	at com.crm.pages.ContactsPage.VerifyContactsPageLabel(ContactsPage.java:40)
	at com.crm.testcases.ContactPageTest.VerifycontactsLabelTest(ContactPageTest.java:50)

HomePageTitle(com.crm.testcases.HomePageTest)  Time elapsed: 0.025 sec  <<< FAILURE!
java.lang.Exception: java.lang.AssertionError: Home Page title not matched expected [CRMPRO] but found [#1 Free CRM software in the cloud for sales and service]
	at org.testng.Assert.fail(Assert.java:93)
	at org.testng.Assert.failNotEquals(Assert.java:512)
	at org.testng.Assert.assertEqualsImpl(Assert.java:134)
	at org.testng.Assert.assertEquals(Assert.java:115)
	at org.testng.Assert.assertEquals(Assert.java:189)
	at com.crm.testcases.HomePageTest.HomePageTitle(HomePageTest.java:51)
	at sun.reflect.NativeMethodAccessorImpl.invoke0(Native Method)
	at sun.reflect.NativeMethodAccessorImpl.invoke(NativeMethodAccessorImpl.java:62)
	at sun.reflect.DelegatingMethodAccessorImpl.invoke(DelegatingMethodAccessorImpl.java:43)
	at java.lang.reflect.Method.invoke(Method.java:498)
	at org.testng.internal.MethodInvocationHelper.invokeMethod(MethodInvocationHelper.java:108)
	at org.testng.internal.Invoker.invokeMethod(Invoker.java:661)
	at org.testng.internal.Invoker.invokeTestMethod(Invoker.java:869)
	at org.testng.internal.Invoker.invokeTestMethods(Invoker.java:1193)
	at org.testng.internal.TestMethodWorker.invokeTestMethods(TestMethodWorker.java:126)
	at org.testng.internal.TestMethodWorker.run(TestMethodWorker.java:109)
	at org.testng.TestRunner.privateRun(TestRunner.java:744)
	at org.testng.TestRunner.run(TestRunner.java:602)
	at org.testng.SuiteRunner.runTest(SuiteRunner.java:380)
	at org.testng.SuiteRunner.runSequentially(SuiteRunner.java:375)
	at org.testng.SuiteRunner.privateRun(SuiteRunner.java:340)
	at org.testng.SuiteRunner.run(SuiteRunner.java:289)
	at org.testng.SuiteRunnerWorker.runSuite(SuiteRunnerWorker.java:52)
	at org.testng.SuiteRunnerWorker.run(SuiteRunnerWorker.java:86)
	at org.testng.TestNG.runSuitesSequentially(TestNG.java:1301)
	at org.testng.TestNG.runSuitesLocally(TestNG.java:1226)
	at org.testng.TestNG.runSuites(TestNG.java:1144)
	at org.testng.TestNG.run(TestNG.java:1115)
	at org.apache.maven.surefire.testng.TestNGExecutor.run(TestNGExecutor.java:77)
	at org.apache.maven.surefire.testng.TestNGDirectoryTestSuite.executeMulti(TestNGDirectoryTestSuite.java:159)
	at org.apache.maven.surefire.testng.TestNGDirectoryTestSuite.execute(TestNGDirectoryTestSuite.java:99)
	at org.apache.maven.surefire.testng.TestNGProvider.invoke(TestNGProvider.java:106)
	at sun.reflect.NativeMethodAccessorImpl.invoke0(Native Method)
	at sun.reflect.NativeMethodAccessorImpl.invoke(NativeMethodAccessorImpl.java:62)
	at sun.reflect.DelegatingMethodAccessorImpl.invoke(DelegatingMethodAccessorImpl.java:43)
	at java.lang.reflect.Method.invoke(Method.java:498)
	at org.apache.maven.surefire.util.ReflectionUtils.invokeMethodWithArray(ReflectionUtils.java:189)
	at org.apache.maven.surefire.booter.ProviderFactory$ProviderProxy.invoke(ProviderFactory.java:165)
	at org.apache.maven.surefire.booter.ProviderFactory.invokeProvider(ProviderFactory.java:85)
	at org.apache.maven.surefire.booter.ForkedBooter.runSuitesInProcess(ForkedBooter.java:115)
	at org.apache.maven.surefire.booter.ForkedBooter.main(ForkedBooter.java:75)

	at com.crm.testcases.HomePageTest.HomePageTitle(HomePageTest.java:58)

CreateContactsTest(com.crm.testcases.ContactPageTest)  Time elapsed: 60.063 sec  <<< FAILURE!
org.openqa.selenium.NoSuchElementException: no such element: Unable to locate element: {"method":"xpath","selector":"//a[contains(text(),'Contacts')]"}
  (Session info: chrome=62.0.3202.89)
  (Driver info: chromedriver=2.33.506120 (e3e53437346286c0bc2d2dc9aa4915ba81d9023f),platform=Windows NT 6.1.7601 SP1 x86_64) (WARNING: The server did not provide any stacktrace information)
Command duration or timeout: 0 milliseconds
For documentation on this error, please visit: http://seleniumhq.org/exceptions/no_such_element.html
Build info: version: '3.11.0', revision: 'e59cfb3', time: '2018-03-11T20:26:55.152Z'
System info: host: 'ANKITTYAGI-PC', ip: '192.168.43.89', os.name: 'Windows 7', os.arch: 'amd64', os.version: '6.1', java.version: '1.8.0_144'
Driver info: org.openqa.selenium.chrome.ChromeDriver
Capabilities {acceptSslCerts: true, applicationCacheEnabled: false, browserConnectionEnabled: false, browserName: chrome, chrome: {chromedriverVersion: 2.33.506120 (e3e53437346286..., userDataDir: C:\Users\ANKITT~1\AppData\L...}, cssSelectorsEnabled: true, databaseEnabled: false, handlesAlerts: true, hasTouchScreen: false, javascriptEnabled: true, locationContextEnabled: true, mobileEmulationEnabled: false, nativeEvents: true, networkConnectionEnabled: false, pageLoadStrategy: normal, platform: XP, platformName: XP, rotatable: false, setWindowRect: true, takesHeapSnapshot: true, takesScreenshot: true, unexpectedAlertBehaviour: , unhandledPromptBehavior: , version: 62.0.3202.89, webStorageEnabled: true}
Session ID: 251eebd9de2e1e5d7f0e450ac740c80d
*** Element info: {Using=xpath, value=//a[contains(text(),'Contacts')]}
	at sun.reflect.NativeConstructorAccessorImpl.newInstance0(Native Method)
	at sun.reflect.NativeConstructorAccessorImpl.newInstance(NativeConstructorAccessorImpl.java:62)
	at sun.reflect.DelegatingConstructorAccessorImpl.newInstance(DelegatingConstructorAccessorImpl.java:45)
	at java.lang.reflect.Constructor.newInstance(Constructor.java:423)
	at org.openqa.selenium.remote.ErrorHandler.createThrowable(ErrorHandler.java:214)
	at org.openqa.selenium.remote.ErrorHandler.throwIfResponseFailed(ErrorHandler.java:166)
	at org.openqa.selenium.remote.http.JsonHttpResponseCodec.reconstructValue(JsonHttpResponseCodec.java:40)
	at org.openqa.selenium.remote.http.AbstractHttpResponseCodec.decode(AbstractHttpResponseCodec.java:80)
	at org.openqa.selenium.remote.http.AbstractHttpResponseCodec.decode(AbstractHttpResponseCodec.java:44)
	at org.openqa.selenium.remote.HttpCommandExecutor.execute(HttpCommandExecutor.java:158)
	at org.openqa.selenium.remote.service.DriverCommandExecutor.execute(DriverCommandExecutor.java:83)
	at org.openqa.selenium.remote.RemoteWebDriver.execute(RemoteWebDriver.java:545)
	at org.openqa.selenium.remote.RemoteWebDriver.findElement(RemoteWebDriver.java:319)
	at org.openqa.selenium.remote.RemoteWebDriver.findElementByXPath(RemoteWebDriver.java:421)
	at org.openqa.selenium.By$ByXPath.findElement(By.java:361)
	at org.openqa.selenium.remote.RemoteWebDriver.findElement(RemoteWebDriver.java:311)
	at org.openqa.selenium.support.pagefactory.DefaultElementLocator.findElement(DefaultElementLocator.java:69)
	at org.openqa.selenium.support.pagefactory.internal.LocatingElementHandler.invoke(LocatingElementHandler.java:38)
	at com.sun.proxy.$Proxy7.getCoordinates(Unknown Source)
	at org.openqa.selenium.interactions.internal.MouseAction.getActionLocation(MouseAction.java:65)
	at org.openqa.selenium.interactions.MoveMouseAction.perform(MoveMouseAction.java:43)
	at org.openqa.selenium.interactions.CompositeAction.perform(CompositeAction.java:36)
	at org.openqa.selenium.interactions.Actions$BuiltAction.perform(Actions.java:641)
	at com.crm.pages.HomePage.clickOnContactsLink(HomePage.java:69)
	at com.crm.testcases.ContactPageTest.CreateContactsTest(ContactPageTest.java:57)

VerifyUsernameTest(com.crm.testcases.HomePageTest)  Time elapsed: 120.148 sec  <<< FAILURE!
org.openqa.selenium.NoSuchFrameException: No frame element found by name or id mainpanel
Build info: version: '3.11.0', revision: 'e59cfb3', time: '2018-03-11T20:26:55.152Z'
System info: host: 'ANKITTYAGI-PC', ip: '192.168.43.89', os.name: 'Windows 7', os.arch: 'amd64', os.version: '6.1', java.version: '1.8.0_144'
Driver info: driver.version: unknown
	at org.openqa.selenium.remote.RemoteWebDriver$RemoteTargetLocator.frame(RemoteWebDriver.java:884)
	at com.crm.util.TestUtil.SwitchToFrame(TestUtil.java:20)
	at com.crm.testcases.HomePageTest.VerifyUsernameTest(HomePageTest.java:67)

SelectContactsTest(com.crm.testcases.ContactPageTest)  Time elapsed: 60.116 sec  <<< FAILURE!
org.openqa.selenium.NoSuchElementException: no such element: Unable to locate element: {"method":"xpath","selector":"//a[contains(text(),'Contacts')]"}
  (Session info: chrome=62.0.3202.89)
  (Driver info: chromedriver=2.33.506120 (e3e53437346286c0bc2d2dc9aa4915ba81d9023f),platform=Windows NT 6.1.7601 SP1 x86_64) (WARNING: The server did not provide any stacktrace information)
Command duration or timeout: 0 milliseconds
For documentation on this error, please visit: http://seleniumhq.org/exceptions/no_such_element.html
Build info: version: '3.11.0', revision: 'e59cfb3', time: '2018-03-11T20:26:55.152Z'
System info: host: 'ANKITTYAGI-PC', ip: '192.168.43.89', os.name: 'Windows 7', os.arch: 'amd64', os.version: '6.1', java.version: '1.8.0_144'
Driver info: org.openqa.selenium.chrome.ChromeDriver
Capabilities {acceptSslCerts: true, applicationCacheEnabled: false, browserConnectionEnabled: false, browserName: chrome, chrome: {chromedriverVersion: 2.33.506120 (e3e53437346286..., userDataDir: C:\Users\ANKITT~1\AppData\L...}, cssSelectorsEnabled: true, databaseEnabled: false, handlesAlerts: true, hasTouchScreen: false, javascriptEnabled: true, locationContextEnabled: true, mobileEmulationEnabled: false, nativeEvents: true, networkConnectionEnabled: false, pageLoadStrategy: normal, platform: XP, platformName: XP, rotatable: false, setWindowRect: true, takesHeapSnapshot: true, takesScreenshot: true, unexpectedAlertBehaviour: , unhandledPromptBehavior: , version: 62.0.3202.89, webStorageEnabled: true}
Session ID: 251eebd9de2e1e5d7f0e450ac740c80d
*** Element info: {Using=xpath, value=//a[contains(text(),'Contacts')]}
	at sun.reflect.NativeConstructorAccessorImpl.newInstance0(Native Method)
	at sun.reflect.NativeConstructorAccessorImpl.newInstance(NativeConstructorAccessorImpl.java:62)
	at sun.reflect.DelegatingConstructorAccessorImpl.newInstance(DelegatingConstructorAccessorImpl.java:45)
	at java.lang.reflect.Constructor.newInstance(Constructor.java:423)
	at org.openqa.selenium.remote.ErrorHandler.createThrowable(ErrorHandler.java:214)
	at org.openqa.selenium.remote.ErrorHandler.throwIfResponseFailed(ErrorHandler.java:166)
	at org.openqa.selenium.remote.http.JsonHttpResponseCodec.reconstructValue(JsonHttpResponseCodec.java:40)
	at org.openqa.selenium.remote.http.AbstractHttpResponseCodec.decode(AbstractHttpResponseCodec.java:80)
	at org.openqa.selenium.remote.http.AbstractHttpResponseCodec.decode(AbstractHttpResponseCodec.java:44)
	at org.openqa.selenium.remote.HttpCommandExecutor.execute(HttpCommandExecutor.java:158)
	at org.openqa.selenium.remote.service.DriverCommandExecutor.execute(DriverCommandExecutor.java:83)
	at org.openqa.selenium.remote.RemoteWebDriver.execute(RemoteWebDriver.java:545)
	at org.openqa.selenium.remote.RemoteWebDriver.findElement(RemoteWebDriver.java:319)
	at org.openqa.selenium.remote.RemoteWebDriver.findElementByXPath(RemoteWebDriver.java:421)
	at org.openqa.selenium.By$ByXPath.findElement(By.java:361)
	at org.openqa.selenium.remote.RemoteWebDriver.findElement(RemoteWebDriver.java:311)
	at org.openqa.selenium.support.pagefactory.DefaultElementLocator.findElement(DefaultElementLocator.java:69)
	at org.openqa.selenium.support.pagefactory.internal.LocatingElementHandler.invoke(LocatingElementHandler.java:38)
	at com.sun.proxy.$Proxy7.click(Unknown Source)
	at com.crm.pages.HomePage.clickOnContactsTab(HomePage.java:46)
	at com.crm.testcases.ContactPageTest.SelectContactsTest(ContactPageTest.java:65)

ContactsTabTest(com.crm.testcases.HomePageTest)  Time elapsed: 60.095 sec  <<< FAILURE!
org.openqa.selenium.NoSuchElementException: no such element: Unable to locate element: {"method":"xpath","selector":"//a[contains(text(),'Contacts')]"}
  (Session info: chrome=62.0.3202.89)
  (Driver info: chromedriver=2.33.506120 (e3e53437346286c0bc2d2dc9aa4915ba81d9023f),platform=Windows NT 6.1.7601 SP1 x86_64) (WARNING: The server did not provide any stacktrace information)
Command duration or timeout: 0 milliseconds
For documentation on this error, please visit: http://seleniumhq.org/exceptions/no_such_element.html
Build info: version: '3.11.0', revision: 'e59cfb3', time: '2018-03-11T20:26:55.152Z'
System info: host: 'ANKITTYAGI-PC', ip: '192.168.43.89', os.name: 'Windows 7', os.arch: 'amd64', os.version: '6.1', java.version: '1.8.0_144'
Driver info: org.openqa.selenium.chrome.ChromeDriver
Capabilities {acceptSslCerts: true, applicationCacheEnabled: false, browserConnectionEnabled: false, browserName: chrome, chrome: {chromedriverVersion: 2.33.506120 (e3e53437346286..., userDataDir: C:\Users\ANKITT~1\AppData\L...}, cssSelectorsEnabled: true, databaseEnabled: false, handlesAlerts: true, hasTouchScreen: false, javascriptEnabled: true, locationContextEnabled: true, mobileEmulationEnabled: false, nativeEvents: true, networkConnectionEnabled: false, pageLoadStrategy: normal, platform: XP, platformName: XP, rotatable: false, setWindowRect: true, takesHeapSnapshot: true, takesScreenshot: true, unexpectedAlertBehaviour: , unhandledPromptBehavior: , version: 62.0.3202.89, webStorageEnabled: true}
Session ID: 251eebd9de2e1e5d7f0e450ac740c80d
*** Element info: {Using=xpath, value=//a[contains(text(),'Contacts')]}
	at sun.reflect.NativeConstructorAccessorImpl.newInstance0(Native Method)
	at sun.reflect.NativeConstructorAccessorImpl.newInstance(NativeConstructorAccessorImpl.java:62)
	at sun.reflect.DelegatingConstructorAccessorImpl.newInstance(DelegatingConstructorAccessorImpl.java:45)
	at java.lang.reflect.Constructor.newInstance(Constructor.java:423)
	at org.openqa.selenium.remote.ErrorHandler.createThrowable(ErrorHandler.java:214)
	at org.openqa.selenium.remote.ErrorHandler.throwIfResponseFailed(ErrorHandler.java:166)
	at org.openqa.selenium.remote.http.JsonHttpResponseCodec.reconstructValue(JsonHttpResponseCodec.java:40)
	at org.openqa.selenium.remote.http.AbstractHttpResponseCodec.decode(AbstractHttpResponseCodec.java:80)
	at org.openqa.selenium.remote.http.AbstractHttpResponseCodec.decode(AbstractHttpResponseCodec.java:44)
	at org.openqa.selenium.remote.HttpCommandExecutor.execute(HttpCommandExecutor.java:158)
	at org.openqa.selenium.remote.service.DriverCommandExecutor.execute(DriverCommandExecutor.java:83)
	at org.openqa.selenium.remote.RemoteWebDriver.execute(RemoteWebDriver.java:545)
	at org.openqa.selenium.remote.RemoteWebDriver.findElement(RemoteWebDriver.java:319)
	at org.openqa.selenium.remote.RemoteWebDriver.findElementByXPath(RemoteWebDriver.java:421)
	at org.openqa.selenium.By$ByXPath.findElement(By.java:361)
	at org.openqa.selenium.remote.RemoteWebDriver.findElement(RemoteWebDriver.java:311)
	at org.openqa.selenium.support.pagefactory.DefaultElementLocator.findElement(DefaultElementLocator.java:69)
	at org.openqa.selenium.support.pagefactory.internal.LocatingElementHandler.invoke(LocatingElementHandler.java:38)
	at com.sun.proxy.$Proxy7.click(Unknown Source)
	at com.crm.pages.HomePage.clickOnContactsTab(HomePage.java:46)
	at com.crm.testcases.HomePageTest.ContactsTabTest(HomePageTest.java:77)

DealsTabTest(com.crm.testcases.HomePageTest)  Time elapsed: 60.105 sec  <<< FAILURE!
org.openqa.selenium.NoSuchElementException: no such element: Unable to locate element: {"method":"xpath","selector":"//a[contains(text(),'Deals')]"}
  (Session info: chrome=62.0.3202.89)
  (Driver info: chromedriver=2.33.506120 (e3e53437346286c0bc2d2dc9aa4915ba81d9023f),platform=Windows NT 6.1.7601 SP1 x86_64) (WARNING: The server did not provide any stacktrace information)
Command duration or timeout: 0 milliseconds
For documentation on this error, please visit: http://seleniumhq.org/exceptions/no_such_element.html
Build info: version: '3.11.0', revision: 'e59cfb3', time: '2018-03-11T20:26:55.152Z'
System info: host: 'ANKITTYAGI-PC', ip: '192.168.43.89', os.name: 'Windows 7', os.arch: 'amd64', os.version: '6.1', java.version: '1.8.0_144'
Driver info: org.openqa.selenium.chrome.ChromeDriver
Capabilities {acceptSslCerts: true, applicationCacheEnabled: false, browserConnectionEnabled: false, browserName: chrome, chrome: {chromedriverVersion: 2.33.506120 (e3e53437346286..., userDataDir: C:\Users\ANKITT~1\AppData\L...}, cssSelectorsEnabled: true, databaseEnabled: false, handlesAlerts: true, hasTouchScreen: false, javascriptEnabled: true, locationContextEnabled: true, mobileEmulationEnabled: false, nativeEvents: true, networkConnectionEnabled: false, pageLoadStrategy: normal, platform: XP, platformName: XP, rotatable: false, setWindowRect: true, takesHeapSnapshot: true, takesScreenshot: true, unexpectedAlertBehaviour: , unhandledPromptBehavior: , version: 62.0.3202.89, webStorageEnabled: true}
Session ID: 251eebd9de2e1e5d7f0e450ac740c80d
*** Element info: {Using=xpath, value=//a[contains(text(),'Deals')]}
	at sun.reflect.NativeConstructorAccessorImpl.newInstance0(Native Method)
	at sun.reflect.NativeConstructorAccessorImpl.newInstance(NativeConstructorAccessorImpl.java:62)
	at sun.reflect.DelegatingConstructorAccessorImpl.newInstance(DelegatingConstructorAccessorImpl.java:45)
	at java.lang.reflect.Constructor.newInstance(Constructor.java:423)
	at org.openqa.selenium.remote.ErrorHandler.createThrowable(ErrorHandler.java:214)
	at org.openqa.selenium.remote.ErrorHandler.throwIfResponseFailed(ErrorHandler.java:166)
	at org.openqa.selenium.remote.http.JsonHttpResponseCodec.reconstructValue(JsonHttpResponseCodec.java:40)
	at org.openqa.selenium.remote.http.AbstractHttpResponseCodec.decode(AbstractHttpResponseCodec.java:80)
	at org.openqa.selenium.remote.http.AbstractHttpResponseCodec.decode(AbstractHttpResponseCodec.java:44)
	at org.openqa.selenium.remote.HttpCommandExecutor.execute(HttpCommandExecutor.java:158)
	at org.openqa.selenium.remote.service.DriverCommandExecutor.execute(DriverCommandExecutor.java:83)
	at org.openqa.selenium.remote.RemoteWebDriver.execute(RemoteWebDriver.java:545)
	at org.openqa.selenium.remote.RemoteWebDriver.findElement(RemoteWebDriver.java:319)
	at org.openqa.selenium.remote.RemoteWebDriver.findElementByXPath(RemoteWebDriver.java:421)
	at org.openqa.selenium.By$ByXPath.findElement(By.java:361)
	at org.openqa.selenium.remote.RemoteWebDriver.findElement(RemoteWebDriver.java:311)
	at org.openqa.selenium.support.pagefactory.DefaultElementLocator.findElement(DefaultElementLocator.java:69)
	at org.openqa.selenium.support.pagefactory.internal.LocatingElementHandler.invoke(LocatingElementHandler.java:38)
	at com.sun.proxy.$Proxy7.click(Unknown Source)
	at com.crm.pages.HomePage.clickOnDealsTab(HomePage.java:53)
	at com.crm.testcases.HomePageTest.DealsTabTest(HomePageTest.java:87)

TaskPageTest(com.crm.testcases.HomePageTest)  Time elapsed: 60.258 sec  <<< FAILURE!
org.openqa.selenium.NoSuchElementException: no such element: Unable to locate element: {"method":"xpath","selector":"//a[contains(text(),'Tasks')]"}
  (Session info: chrome=62.0.3202.89)
  (Driver info: chromedriver=2.33.506120 (e3e53437346286c0bc2d2dc9aa4915ba81d9023f),platform=Windows NT 6.1.7601 SP1 x86_64) (WARNING: The server did not provide any stacktrace information)
Command duration or timeout: 0 milliseconds
For documentation on this error, please visit: http://seleniumhq.org/exceptions/no_such_element.html
Build info: version: '3.11.0', revision: 'e59cfb3', time: '2018-03-11T20:26:55.152Z'
System info: host: 'ANKITTYAGI-PC', ip: '192.168.43.89', os.name: 'Windows 7', os.arch: 'amd64', os.version: '6.1', java.version: '1.8.0_144'
Driver info: org.openqa.selenium.chrome.ChromeDriver
Capabilities {acceptSslCerts: true, applicationCacheEnabled: false, browserConnectionEnabled: false, browserName: chrome, chrome: {chromedriverVersion: 2.33.506120 (e3e53437346286..., userDataDir: C:\Users\ANKITT~1\AppData\L...}, cssSelectorsEnabled: true, databaseEnabled: false, handlesAlerts: true, hasTouchScreen: false, javascriptEnabled: true, locationContextEnabled: true, mobileEmulationEnabled: false, nativeEvents: true, networkConnectionEnabled: false, pageLoadStrategy: normal, platform: XP, platformName: XP, rotatable: false, setWindowRect: true, takesHeapSnapshot: true, takesScreenshot: true, unexpectedAlertBehaviour: , unhandledPromptBehavior: , version: 62.0.3202.89, webStorageEnabled: true}
Session ID: 251eebd9de2e1e5d7f0e450ac740c80d
*** Element info: {Using=xpath, value=//a[contains(text(),'Tasks')]}
	at sun.reflect.NativeConstructorAccessorImpl.newInstance0(Native Method)
	at sun.reflect.NativeConstructorAccessorImpl.newInstance(NativeConstructorAccessorImpl.java:62)
	at sun.reflect.DelegatingConstructorAccessorImpl.newInstance(DelegatingConstructorAccessorImpl.java:45)
	at java.lang.reflect.Constructor.newInstance(Constructor.java:423)
	at org.openqa.selenium.remote.ErrorHandler.createThrowable(ErrorHandler.java:214)
	at org.openqa.selenium.remote.ErrorHandler.throwIfResponseFailed(ErrorHandler.java:166)
	at org.openqa.selenium.remote.http.JsonHttpResponseCodec.reconstructValue(JsonHttpResponseCodec.java:40)
	at org.openqa.selenium.remote.http.AbstractHttpResponseCodec.decode(AbstractHttpResponseCodec.java:80)
	at org.openqa.selenium.remote.http.AbstractHttpResponseCodec.decode(AbstractHttpResponseCodec.java:44)
	at org.openqa.selenium.remote.HttpCommandExecutor.execute(HttpCommandExecutor.java:158)
	at org.openqa.selenium.remote.service.DriverCommandExecutor.execute(DriverCommandExecutor.java:83)
	at org.openqa.selenium.remote.RemoteWebDriver.execute(RemoteWebDriver.java:545)
	at org.openqa.selenium.remote.RemoteWebDriver.findElement(RemoteWebDriver.java:319)
	at org.openqa.selenium.remote.RemoteWebDriver.findElementByXPath(RemoteWebDriver.java:421)
	at org.openqa.selenium.By$ByXPath.findElement(By.java:361)
	at org.openqa.selenium.remote.RemoteWebDriver.findElement(RemoteWebDriver.java:311)
	at org.openqa.selenium.support.pagefactory.DefaultElementLocator.findElement(DefaultElementLocator.java:69)
	at org.openqa.selenium.support.pagefactory.internal.LocatingElementHandler.invoke(LocatingElementHandler.java:38)
	at com.sun.proxy.$Proxy7.click(Unknown Source)
	at com.crm.pages.HomePage.clickOnTaskTab(HomePage.java:60)
	at com.crm.testcases.HomePageTest.TaskPageTest(HomePageTest.java:93)


Results :

Failed tests:   VerifycontactsLabelTest(com.crm.testcases.ContactPageTest): no such element: Unable to locate element: {"method":"xpath","selector":"//a[contains(text(),'Contacts')]"}(..)
  HomePageTitle(com.crm.testcases.HomePageTest): java.lang.AssertionError: Home Page title not matched expected [CRMPRO] but found [#1 Free CRM software in the cloud for sales and service](..)
  CreateContactsTest(com.crm.testcases.ContactPageTest): no such element: Unable to locate element: {"method":"xpath","selector":"//a[contains(text(),'Contacts')]"}(..)
  VerifyUsernameTest(com.crm.testcases.HomePageTest): No frame element found by name or id mainpanel(..)
  SelectContactsTest(com.crm.testcases.ContactPageTest): no such element: Unable to locate element: {"method":"xpath","selector":"//a[contains(text(),'Contacts')]"}(..)
  ContactsTabTest(com.crm.testcases.HomePageTest): no such element: Unable to locate element: {"method":"xpath","selector":"//a[contains(text(),'Contacts')]"}(..)
  DealsTabTest(com.crm.testcases.HomePageTest): no such element: Unable to locate element: {"method":"xpath","selector":"//a[contains(text(),'Deals')]"}(..)
  TaskPageTest(com.crm.testcases.HomePageTest): no such element: Unable to locate element: {"method":"xpath","selector":"//a[contains(text(),'Tasks')]"}(..)

Tests run: 14, Failures: 8, Errors: 0, Skipped: 0

[INFO] ------------------------------------------------------------------------
[INFO] BUILD FAILURE
[INFO] ------------------------------------------------------------------------
[INFO] Total time: 09:24 min
[INFO] Finished at: 2019-01-22T22:07:31+05:30
[INFO] ------------------------------------------------------------------------
[ERROR] Failed to execute goal org.apache.maven.plugins:maven-surefire-plugin:2.12.4:test (default-test) on project FreeCRM: There are test failures.
[ERROR] 
[ERROR] Please refer to D:\FreeCRM\FreeCRM\target\surefire-reports for the individual test results.
[ERROR] -> [Help 1]
org.apache.maven.lifecycle.LifecycleExecutionException: Failed to execute goal org.apache.maven.plugins:maven-surefire-plugin:2.12.4:test (default-test) on project FreeCRM: There are test failures.

Please refer to D:\FreeCRM\FreeCRM\target\surefire-reports for the individual test results.
    at org.apache.maven.lifecycle.internal.MojoExecutor.execute (MojoExecutor.java:213)
    at org.apache.maven.lifecycle.internal.MojoExecutor.execute (MojoExecutor.java:154)
    at org.apache.maven.lifecycle.internal.MojoExecutor.execute (MojoExecutor.java:146)
    at org.apache.maven.lifecycle.internal.LifecycleModuleBuilder.buildProject (LifecycleModuleBuilder.java:117)
    at org.apache.maven.lifecycle.internal.LifecycleModuleBuilder.buildProject (LifecycleModuleBuilder.java:81)
    at org.apache.maven.lifecycle.internal.builder.singlethreaded.SingleThreadedBuilder.build (SingleThreadedBuilder.java:56)
    at org.apache.maven.lifecycle.internal.LifecycleStarter.execute (LifecycleStarter.java:128)
    at org.apache.maven.DefaultMaven.doExecute (DefaultMaven.java:305)
    at org.apache.maven.DefaultMaven.doExecute (DefaultMaven.java:192)
    at org.apache.maven.DefaultMaven.execute (DefaultMaven.java:105)
    at org.apache.maven.cli.MavenCli.execute (MavenCli.java:954)
    at org.apache.maven.cli.MavenCli.doMain (MavenCli.java:288)
    at org.apache.maven.cli.MavenCli.main (MavenCli.java:192)
    at sun.reflect.NativeMethodAccessorImpl.invoke0 (Native Method)
    at sun.reflect.NativeMethodAccessorImpl.invoke (NativeMethodAccessorImpl.java:62)
    at sun.reflect.DelegatingMethodAccessorImpl.invoke (DelegatingMethodAccessorImpl.java:43)
    at java.lang.reflect.Method.invoke (Method.java:498)
    at org.codehaus.plexus.classworlds.launcher.Launcher.launchEnhanced (Launcher.java:289)
    at org.codehaus.plexus.classworlds.launcher.Launcher.launch (Launcher.java:229)
    at org.codehaus.plexus.classworlds.launcher.Launcher.mainWithExitCode (Launcher.java:415)
    at org.codehaus.plexus.classworlds.launcher.Launcher.main (Launcher.java:356)
Caused by: org.apache.maven.plugin.MojoFailureException: There are test failures.

Please refer to D:\FreeCRM\FreeCRM\target\surefire-reports for the individual test results.
    at org.apache.maven.plugin.surefire.SurefireHelper.reportExecution (SurefireHelper.java:83)
    at org.apache.maven.plugin.surefire.SurefirePlugin.writeSummary (SurefirePlugin.java:176)
    at org.apache.maven.plugin.surefire.SurefirePlugin.handleSummary (SurefirePlugin.java:150)
    at org.apache.maven.plugin.surefire.AbstractSurefireMojo.executeAfterPreconditionsChecked (AbstractSurefireMojo.java:650)
    at org.apache.maven.plugin.surefire.AbstractSurefireMojo.execute (AbstractSurefireMojo.java:586)
    at org.apache.maven.plugin.DefaultBuildPluginManager.executeMojo (DefaultBuildPluginManager.java:137)
    at org.apache.maven.lifecycle.internal.MojoExecutor.execute (MojoExecutor.java:208)
    at org.apache.maven.lifecycle.internal.MojoExecutor.execute (MojoExecutor.java:154)
    at org.apache.maven.lifecycle.internal.MojoExecutor.execute (MojoExecutor.java:146)
    at org.apache.maven.lifecycle.internal.LifecycleModuleBuilder.buildProject (LifecycleModuleBuilder.java:117)
    at org.apache.maven.lifecycle.internal.LifecycleModuleBuilder.buildProject (LifecycleModuleBuilder.java:81)
    at org.apache.maven.lifecycle.internal.builder.singlethreaded.SingleThreadedBuilder.build (SingleThreadedBuilder.java:56)
    at org.apache.maven.lifecycle.internal.LifecycleStarter.execute (LifecycleStarter.java:128)
    at org.apache.maven.DefaultMaven.doExecute (DefaultMaven.java:305)
    at org.apache.maven.DefaultMaven.doExecute (DefaultMaven.java:192)
    at org.apache.maven.DefaultMaven.execute (DefaultMaven.java:105)
    at org.apache.maven.cli.MavenCli.execute (MavenCli.java:954)
    at org.apache.maven.cli.MavenCli.doMain (MavenCli.java:288)
    at org.apache.maven.cli.MavenCli.main (MavenCli.java:192)
    at sun.reflect.NativeMethodAccessorImpl.invoke0 (Native Method)
    at sun.reflect.NativeMethodAccessorImpl.invoke (NativeMethodAccessorImpl.java:62)
    at sun.reflect.DelegatingMethodAccessorImpl.invoke (DelegatingMethodAccessorImpl.java:43)
    at java.lang.reflect.Method.invoke (Method.java:498)
    at org.codehaus.plexus.classworlds.launcher.Launcher.launchEnhanced (Launcher.java:289)
    at org.codehaus.plexus.classworlds.launcher.Launcher.launch (Launcher.java:229)
    at org.codehaus.plexus.classworlds.launcher.Launcher.mainWithExitCode (Launcher.java:415)
    at org.codehaus.plexus.classworlds.launcher.Launcher.main (Launcher.java:356)
[ERROR] 
[ERROR] 
[ERROR] For more information about the errors and possible solutions, please read the following articles:
[ERROR] [Help 1] http://cwiki.apache.org/confluence/display/MAVEN/MojoFailureException
